2017-07-14 10:34:12 trace :
------------
String:
<xml><ToUserName><![CDATA[gh_64193e389546]]></ToUserName>
<FromUserName><![CDATA[oG-qK03tq1G1vEOIDt3u8Ct5oc18]]></FromUserName>
<CreateTime>1499999652</CreateTime>
<MsgType><![CDATA[event]]></MsgType>
<Event><![CDATA[VIEW]]></Event>
<EventKey><![CDATA[http://weixin.zhuoyueguanli.com/app/index.php?i=2&c=entry&m=weisrc_dish&do=waprestList]]></EventKey>
<MenuId>472832927</MenuId>
</xml>

2017-07-14 10:34:12 params :
------------
String:
array (
  'rule' => -2,
  'module' => '',
  'message' => 
  array (
    'tousername' => 'gh_64193e389546',
    'fromusername' => 'oG-qK03tq1G1vEOIDt3u8Ct5oc18',
    'createtime' => '1499999652',
    'msgtype' => 'event',
    'event' => 'VIEW',
    'eventkey' => 'http://weixin.zhuoyueguanli.com/app/index.php?i=2&c=entry&m=weisrc_dish&do=waprestList',
    'menuid' => '472832927',
    'from' => 'oG-qK03tq1G1vEOIDt3u8Ct5oc18',
    'to' => 'gh_64193e389546',
    'time' => '1499999652',
    'type' => 'text',
    'content' => 'http://weixin.zhuoyueguanli.com/app/index.php?i=2&c=entry&m=weisrc_dish&do=waprestList',
    'redirection' => true,
    'source' => 'VIEW',
  ),
)

2017-07-14 10:34:12 response :
------------

2017-07-14 10:42:14 trace :
------------
String:
<xml><ToUserName><![CDATA[gh_64193e389546]]></ToUserName>
<FromUserName><![CDATA[oG-qK03tq1G1vEOIDt3u8Ct5oc18]]></FromUserName>
<CreateTime>1500000134</CreateTime>
<MsgType><![CDATA[event]]></MsgType>
<Event><![CDATA[VIEW]]></Event>
<EventKey><![CDATA[http://weixin.zhuoyueguanli.com/app/index.php?i=2&c=entry&m=weisrc_dish&do=waprestList]]></EventKey>
<MenuId>472832927</MenuId>
</xml>

2017-07-14 10:42:14 params :
------------
String:
array (
  'rule' => -2,
  'module' => '',
  'message' => 
  array (
    'tousername' => 'gh_64193e389546',
    'fromusername' => 'oG-qK03tq1G1vEOIDt3u8Ct5oc18',
    'createtime' => '1500000134',
    'msgtype' => 'event',
    'event' => 'VIEW',
    'eventkey' => 'http://weixin.zhuoyueguanli.com/app/index.php?i=2&c=entry&m=weisrc_dish&do=waprestList',
    'menuid' => '472832927',
    'from' => 'oG-qK03tq1G1vEOIDt3u8Ct5oc18',
    'to' => 'gh_64193e389546',
    'time' => '1500000134',
    'type' => 'text',
    'content' => 'http://weixin.zhuoyueguanli.com/app/index.php?i=2&c=entry&m=weisrc_dish&do=waprestList',
    'redirection' => true,
    'source' => 'VIEW',
  ),
)

2017-07-14 10:42:14 response :
------------

2017-07-14 13:30:06 trace :
------------
String:
<xml><ToUserName><![CDATA[gh_14a8aa23d822]]></ToUserName>
<FromUserName><![CDATA[oSt1B1OdI98LA6hQVt5MyqJqMcA8]]></FromUserName>
<CreateTime>1500010206</CreateTime>
<MsgType><![CDATA[event]]></MsgType>
<Event><![CDATA[VIEW]]></Event>
<EventKey><![CDATA[http://weixin.zhuoyueguanli.com/app/index.php?i=5&c=entry&m=weisrc_dish&do=order]]></EventKey>
<MenuId>510969028</MenuId>
</xml>

2017-07-14 13:30:06 params :
------------
String:
array (
  'message' => 
  array (
    'tousername' => 'gh_14a8aa23d822',
    'fromusername' => 'oSt1B1OdI98LA6hQVt5MyqJqMcA8',
    'createtime' => '1500010206',
    'msgtype' => 'event',
    'event' => 'VIEW',
    'eventkey' => 'http://weixin.zhuoyueguanli.com/app/index.php?i=5&c=entry&m=weisrc_dish&do=order',
    'menuid' => '510969028',
    'from' => 'oSt1B1OdI98LA6hQVt5MyqJqMcA8',
    'to' => 'gh_14a8aa23d822',
    'time' => '1500010206',
    'type' => 'text',
    'content' => '电话',
    'redirection' => true,
    'source' => 'default',
    'original' => 'http://weixin.zhuoyueguanli.com/app/index.php?i=5&c=entry&m=weisrc_dish&do=order',
  ),
  'module' => 'basic',
  'rule' => '12',
  'priority' => '0',
  'keyword' => 
  array (
    'id' => '18',
    'rid' => '12',
    'uniacid' => '5',
    'module' => 'basic',
    'content' => '电话',
    'type' => '1',
    'displayorder' => '0',
    'status' => '1',
  ),
)

2017-07-14 13:30:06 response :
------------
Array:
FromUserName : gh_14a8aa23d822 ;
ToUserName : oSt1B1OdI98LA6hQVt5MyqJqMcA8 ;
MsgType : text ;
Content : 远宇诚智慧科技诚挚为您解决智能推广平台服务：18630221022 ;

2017-07-14 13:31:24 trace :
------------
String:
<xml><ToUserName><![CDATA[gh_14a8aa23d822]]></ToUserName>
<FromUserName><![CDATA[oSt1B1OdI98LA6hQVt5MyqJqMcA8]]></FromUserName>
<CreateTime>1500010284</CreateTime>
<MsgType><![CDATA[event]]></MsgType>
<Event><![CDATA[VIEW]]></Event>
<EventKey><![CDATA[https://h5.wps.cn/p/b977c573.html]]></EventKey>
<MenuId>510969028</MenuId>
</xml>

2017-07-14 13:31:24 params :
------------
String:
array (
  'message' => 
  array (
    'tousername' => 'gh_14a8aa23d822',
    'fromusername' => 'oSt1B1OdI98LA6hQVt5MyqJqMcA8',
    'createtime' => '1500010284',
    'msgtype' => 'event',
    'event' => 'VIEW',
    'eventkey' => 'https://h5.wps.cn/p/b977c573.html',
    'menuid' => '510969028',
    'from' => 'oSt1B1OdI98LA6hQVt5MyqJqMcA8',
    'to' => 'gh_14a8aa23d822',
    'time' => '1500010284',
    'type' => 'text',
    'content' => '电话',
    'redirection' => true,
    'source' => 'default',
    'original' => 'https://h5.wps.cn/p/b977c573.html',
  ),
  'module' => 'basic',
  'rule' => '12',
  'priority' => '0',
  'keyword' => 
  array (
    'id' => '18',
    'rid' => '12',
    'uniacid' => '5',
    'module' => 'basic',
    'content' => '电话',
    'type' => '1',
    'displayorder' => '0',
    'status' => '1',
  ),
)

2017-07-14 13:31:24 response :
------------
Array:
FromUserName : gh_14a8aa23d822 ;
ToUserName : oSt1B1OdI98LA6hQVt5MyqJqMcA8 ;
MsgType : text ;
Content : 远宇诚智慧科技诚挚为您解决智能推广平台服务：18630221022 ;

2017-07-14 13:31:41 trace :
------------
String:
<xml><ToUserName><![CDATA[gh_14a8aa23d822]]></ToUserName>
<FromUserName><![CDATA[oSt1B1OdI98LA6hQVt5MyqJqMcA8]]></FromUserName>
<CreateTime>1500010300</CreateTime>
<MsgType><![CDATA[event]]></MsgType>
<Event><![CDATA[CLICK]]></Event>
<EventKey><![CDATA[微信点餐]]></EventKey>
</xml>

2017-07-14 13:31:41 params :
------------
String:
array (
  'message' => 
  array (
    'tousername' => 'gh_14a8aa23d822',
    'fromusername' => 'oSt1B1OdI98LA6hQVt5MyqJqMcA8',
    'createtime' => '1500010300',
    'msgtype' => 'event',
    'event' => 'CLICK',
    'eventkey' => '微信点餐',
    'from' => 'oSt1B1OdI98LA6hQVt5MyqJqMcA8',
    'to' => 'gh_14a8aa23d822',
    'time' => '1500010300',
    'type' => 'text',
    'content' => '微信点餐',
    'redirection' => true,
    'source' => 'click',
  ),
  'module' => 'news',
  'rule' => '13',
  'priority' => '0',
  'keyword' => 
  array (
    'id' => '58',
    'rid' => '13',
    'uniacid' => '5',
    'module' => 'news',
    'content' => '微信点餐',
    'type' => '1',
    'displayorder' => '0',
    'status' => '1',
  ),
)

2017-07-14 13:31:41 response :
------------
Array:
FromUserName : gh_14a8aa23d822 ;
ToUserName : oSt1B1OdI98LA6hQVt5MyqJqMcA8 ;
MsgType : news ;
ArticleCount : 1 ;
Articles : Array ;

2017-07-14 13:31:50 trace :
------------
String:
<xml><ToUserName><![CDATA[gh_14a8aa23d822]]></ToUserName>
<FromUserName><![CDATA[oSt1B1OdI98LA6hQVt5MyqJqMcA8]]></FromUserName>
<CreateTime>1500010310</CreateTime>
<MsgType><![CDATA[event]]></MsgType>
<Event><![CDATA[CLICK]]></Event>
<EventKey><![CDATA[招牌菜]]></EventKey>
</xml>

2017-07-14 13:31:50 params :
------------
String:
array (
  'message' => 
  array (
    'tousername' => 'gh_14a8aa23d822',
    'fromusername' => 'oSt1B1OdI98LA6hQVt5MyqJqMcA8',
    'createtime' => '1500010310',
    'msgtype' => 'event',
    'event' => 'CLICK',
    'eventkey' => '招牌菜',
    'from' => 'oSt1B1OdI98LA6hQVt5MyqJqMcA8',
    'to' => 'gh_14a8aa23d822',
    'time' => '1500010310',
    'type' => 'text',
    'content' => '招牌菜',
    'redirection' => true,
    'source' => 'click',
  ),
  'module' => 'news',
  'rule' => '15',
  'priority' => '0',
  'keyword' => 
  array (
    'id' => '72',
    'rid' => '15',
    'uniacid' => '5',
    'module' => 'news',
    'content' => '招牌菜',
    'type' => '1',
    'displayorder' => '0',
    'status' => '1',
  ),
)

2017-07-14 13:31:50 response :
------------
Array:
FromUserName : gh_14a8aa23d822 ;
ToUserName : oSt1B1OdI98LA6hQVt5MyqJqMcA8 ;
MsgType : news ;
ArticleCount : 1 ;
Articles : Array ;

2017-07-14 13:32:19 trace :
------------
String:
<xml><ToUserName><![CDATA[gh_14a8aa23d822]]></ToUserName>
<FromUserName><![CDATA[oSt1B1OdI98LA6hQVt5MyqJqMcA8]]></FromUserName>
<CreateTime>1500010339</CreateTime>
<MsgType><![CDATA[event]]></MsgType>
<Event><![CDATA[CLICK]]></Event>
<EventKey><![CDATA[会员卡]]></EventKey>
</xml>

2017-07-14 13:32:19 params :
------------
String:
array (
  'message' => 
  array (
    'tousername' => 'gh_14a8aa23d822',
    'fromusername' => 'oSt1B1OdI98LA6hQVt5MyqJqMcA8',
    'createtime' => '1500010339',
    'msgtype' => 'event',
    'event' => 'CLICK',
    'eventkey' => '会员卡',
    'from' => 'oSt1B1OdI98LA6hQVt5MyqJqMcA8',
    'to' => 'gh_14a8aa23d822',
    'time' => '1500010339',
    'type' => 'text',
    'content' => '会员卡',
    'redirection' => true,
    'source' => 'click',
  ),
  'module' => 'news',
  'rule' => '17',
  'priority' => '0',
  'keyword' => 
  array (
    'id' => '80',
    'rid' => '17',
    'uniacid' => '5',
    'module' => 'news',
    'content' => '会员卡',
    'type' => '1',
    'displayorder' => '0',
    'status' => '1',
  ),
)

2017-07-14 13:32:19 response :
------------
Array:
FromUserName : gh_14a8aa23d822 ;
ToUserName : oSt1B1OdI98LA6hQVt5MyqJqMcA8 ;
MsgType : news ;
ArticleCount : 1 ;
Articles : Array ;

2017-07-14 13:32:45 trace :
------------
String:
<xml><ToUserName><![CDATA[gh_14a8aa23d822]]></ToUserName>
<FromUserName><![CDATA[oSt1B1OdI98LA6hQVt5MyqJqMcA8]]></FromUserName>
<CreateTime>1500010365</CreateTime>
<MsgType><![CDATA[event]]></MsgType>
<Event><![CDATA[VIEW]]></Event>
<EventKey><![CDATA[http://ditu.amap.com/place/B0FFHFLJWT]]></EventKey>
<MenuId>510969028</MenuId>
</xml>

2017-07-14 13:32:45 params :
------------
String:
array (
  'message' => 
  array (
    'tousername' => 'gh_14a8aa23d822',
    'fromusername' => 'oSt1B1OdI98LA6hQVt5MyqJqMcA8',
    'createtime' => '1500010365',
    'msgtype' => 'event',
    'event' => 'VIEW',
    'eventkey' => 'http://ditu.amap.com/place/B0FFHFLJWT',
    'menuid' => '510969028',
    'from' => 'oSt1B1OdI98LA6hQVt5MyqJqMcA8',
    'to' => 'gh_14a8aa23d822',
    'time' => '1500010365',
    'type' => 'text',
    'content' => '电话',
    'redirection' => true,
    'source' => 'default',
    'original' => 'http://ditu.amap.com/place/B0FFHFLJWT',
  ),
  'module' => 'basic',
  'rule' => '12',
  'priority' => '0',
  'keyword' => 
  array (
    'id' => '18',
    'rid' => '12',
    'uniacid' => '5',
    'module' => 'basic',
    'content' => '电话',
    'type' => '1',
    'displayorder' => '0',
    'status' => '1',
  ),
)

2017-07-14 13:32:45 response :
------------
Array:
FromUserName : gh_14a8aa23d822 ;
ToUserName : oSt1B1OdI98LA6hQVt5MyqJqMcA8 ;
MsgType : text ;
Content : 远宇诚智慧科技诚挚为您解决智能推广平台服务：18630221022 ;

2017-07-14 13:32:56 trace :
------------
String:
<xml><ToUserName><![CDATA[gh_14a8aa23d822]]></ToUserName>
<FromUserName><![CDATA[oSt1B1OdI98LA6hQVt5MyqJqMcA8]]></FromUserName>
<CreateTime>1500010376</CreateTime>
<MsgType><![CDATA[event]]></MsgType>
<Event><![CDATA[CLICK]]></Event>
<EventKey><![CDATA[电话]]></EventKey>
</xml>

2017-07-14 13:32:56 params :
------------
String:
array (
  'message' => 
  array (
    'tousername' => 'gh_14a8aa23d822',
    'fromusername' => 'oSt1B1OdI98LA6hQVt5MyqJqMcA8',
    'createtime' => '1500010376',
    'msgtype' => 'event',
    'event' => 'CLICK',
    'eventkey' => '电话',
    'from' => 'oSt1B1OdI98LA6hQVt5MyqJqMcA8',
    'to' => 'gh_14a8aa23d822',
    'time' => '1500010376',
    'type' => 'text',
    'content' => '电话',
    'redirection' => true,
    'source' => 'click',
  ),
  'module' => 'basic',
  'rule' => '12',
  'priority' => '0',
  'keyword' => 
  array (
    'id' => '18',
    'rid' => '12',
    'uniacid' => '5',
    'module' => 'basic',
    'content' => '电话',
    'type' => '1',
    'displayorder' => '0',
    'status' => '1',
  ),
)

2017-07-14 13:32:56 response :
------------
Array:
FromUserName : gh_14a8aa23d822 ;
ToUserName : oSt1B1OdI98LA6hQVt5MyqJqMcA8 ;
MsgType : text ;
Content : 远宇诚智慧科技诚挚为您解决智能推广平台服务：18630221022 ;

2017-07-14 13:33:08 trace :
------------
String:
<xml><ToUserName><![CDATA[gh_14a8aa23d822]]></ToUserName>
<FromUserName><![CDATA[oSt1B1OdI98LA6hQVt5MyqJqMcA8]]></FromUserName>
<CreateTime>1500010388</CreateTime>
<MsgType><![CDATA[event]]></MsgType>
<Event><![CDATA[CLICK]]></Event>
<EventKey><![CDATA[环境图]]></EventKey>
</xml>

2017-07-14 13:33:08 params :
------------
String:
array (
  'message' => 
  array (
    'tousername' => 'gh_14a8aa23d822',
    'fromusername' => 'oSt1B1OdI98LA6hQVt5MyqJqMcA8',
    'createtime' => '1500010388',
    'msgtype' => 'event',
    'event' => 'CLICK',
    'eventkey' => '环境图',
    'from' => 'oSt1B1OdI98LA6hQVt5MyqJqMcA8',
    'to' => 'gh_14a8aa23d822',
    'time' => '1500010388',
    'type' => 'text',
    'content' => '环境图',
    'redirection' => true,
    'source' => 'click',
  ),
  'module' => 'news',
  'rule' => '14',
  'priority' => '0',
  'keyword' => 
  array (
    'id' => '68',
    'rid' => '14',
    'uniacid' => '5',
    'module' => 'news',
    'content' => '环境图',
    'type' => '1',
    'displayorder' => '0',
    'status' => '1',
  ),
)

2017-07-14 13:33:08 response :
------------
Array:
FromUserName : gh_14a8aa23d822 ;
ToUserName : oSt1B1OdI98LA6hQVt5MyqJqMcA8 ;
MsgType : news ;
ArticleCount : 2 ;
Articles : Array ;

2017-07-14 13:33:17 trace :
------------
String:
<xml><ToUserName><![CDATA[gh_14a8aa23d822]]></ToUserName>
<FromUserName><![CDATA[oSt1B1OdI98LA6hQVt5MyqJqMcA8]]></FromUserName>
<CreateTime>1500010397</CreateTime>
<MsgType><![CDATA[event]]></MsgType>
<Event><![CDATA[VIEW]]></Event>
<EventKey><![CDATA[http://www.rabbitpre.com/m/6QIJfMAAD]]></EventKey>
<MenuId>510969028</MenuId>
</xml>

2017-07-14 13:33:17 params :
------------
String:
array (
  'message' => 
  array (
    'tousername' => 'gh_14a8aa23d822',
    'fromusername' => 'oSt1B1OdI98LA6hQVt5MyqJqMcA8',
    'createtime' => '1500010397',
    'msgtype' => 'event',
    'event' => 'VIEW',
    'eventkey' => 'http://www.rabbitpre.com/m/6QIJfMAAD',
    'menuid' => '510969028',
    'from' => 'oSt1B1OdI98LA6hQVt5MyqJqMcA8',
    'to' => 'gh_14a8aa23d822',
    'time' => '1500010397',
    'type' => 'text',
    'content' => '电话',
    'redirection' => true,
    'source' => 'default',
    'original' => 'http://www.rabbitpre.com/m/6QIJfMAAD',
  ),
  'module' => 'basic',
  'rule' => '12',
  'priority' => '0',
  'keyword' => 
  array (
    'id' => '18',
    'rid' => '12',
    'uniacid' => '5',
    'module' => 'basic',
    'content' => '电话',
    'type' => '1',
    'displayorder' => '0',
    'status' => '1',
  ),
)

2017-07-14 13:33:17 response :
------------
Array:
FromUserName : gh_14a8aa23d822 ;
ToUserName : oSt1B1OdI98LA6hQVt5MyqJqMcA8 ;
MsgType : text ;
Content : 远宇诚智慧科技诚挚为您解决智能推广平台服务：18630221022 ;

2017-07-14 13:33:22 trace :
------------
String:
<xml><ToUserName><![CDATA[gh_14a8aa23d822]]></ToUserName>
<FromUserName><![CDATA[oSt1B1OdI98LA6hQVt5MyqJqMcA8]]></FromUserName>
<CreateTime>1500010402</CreateTime>
<MsgType><![CDATA[event]]></MsgType>
<Event><![CDATA[VIEW]]></Event>
<EventKey><![CDATA[http://mp.weixin.qq.com/s/pfcrxmP5Ze0mOUXetsHIzw]]></EventKey>
<MenuId>510969028</MenuId>
</xml>

2017-07-14 13:33:22 params :
------------
String:
array (
  'message' => 
  array (
    'tousername' => 'gh_14a8aa23d822',
    'fromusername' => 'oSt1B1OdI98LA6hQVt5MyqJqMcA8',
    'createtime' => '1500010402',
    'msgtype' => 'event',
    'event' => 'VIEW',
    'eventkey' => 'http://mp.weixin.qq.com/s/pfcrxmP5Ze0mOUXetsHIzw',
    'menuid' => '510969028',
    'from' => 'oSt1B1OdI98LA6hQVt5MyqJqMcA8',
    'to' => 'gh_14a8aa23d822',
    'time' => '1500010402',
    'type' => 'text',
    'content' => '电话',
    'redirection' => true,
    'source' => 'default',
    'original' => 'http://mp.weixin.qq.com/s/pfcrxmP5Ze0mOUXetsHIzw',
  ),
  'module' => 'basic',
  'rule' => '12',
  'priority' => '0',
  'keyword' => 
  array (
    'id' => '18',
    'rid' => '12',
    'uniacid' => '5',
    'module' => 'basic',
    'content' => '电话',
    'type' => '1',
    'displayorder' => '0',
    'status' => '1',
  ),
)

2017-07-14 13:33:22 response :
------------
Array:
FromUserName : gh_14a8aa23d822 ;
ToUserName : oSt1B1OdI98LA6hQVt5MyqJqMcA8 ;
MsgType : text ;
Content : 远宇诚智慧科技诚挚为您解决智能推广平台服务：18630221022 ;

2017-07-14 13:33:30 trace :
------------
String:
<xml><ToUserName><![CDATA[gh_14a8aa23d822]]></ToUserName>
<FromUserName><![CDATA[oSt1B1OdI98LA6hQVt5MyqJqMcA8]]></FromUserName>
<CreateTime>1500010410</CreateTime>
<MsgType><![CDATA[event]]></MsgType>
<Event><![CDATA[CLICK]]></Event>
<EventKey><![CDATA[WIFI]]></EventKey>
</xml>

2017-07-14 13:33:30 params :
------------
String:
array (
  'message' => 
  array (
    'tousername' => 'gh_14a8aa23d822',
    'fromusername' => 'oSt1B1OdI98LA6hQVt5MyqJqMcA8',
    'createtime' => '1500010410',
    'msgtype' => 'event',
    'event' => 'CLICK',
    'eventkey' => 'WIFI',
    'from' => 'oSt1B1OdI98LA6hQVt5MyqJqMcA8',
    'to' => 'gh_14a8aa23d822',
    'time' => '1500010410',
    'type' => 'text',
    'content' => 'WIFI',
    'redirection' => true,
    'source' => 'click',
  ),
  'module' => 'news',
  'rule' => '19',
  'priority' => '0',
  'keyword' => 
  array (
    'id' => '83',
    'rid' => '19',
    'uniacid' => '5',
    'module' => 'news',
    'content' => 'WIFI',
    'type' => '1',
    'displayorder' => '0',
    'status' => '1',
  ),
)

2017-07-14 13:33:30 response :
------------
Array:
FromUserName : gh_14a8aa23d822 ;
ToUserName : oSt1B1OdI98LA6hQVt5MyqJqMcA8 ;
MsgType : news ;
ArticleCount : 1 ;
Articles : Array ;

2017-07-14 13:33:47 trace :
------------
String:
<xml><ToUserName><![CDATA[gh_14a8aa23d822]]></ToUserName>
<FromUserName><![CDATA[oSt1B1OdI98LA6hQVt5MyqJqMcA8]]></FromUserName>
<CreateTime>1500010426</CreateTime>
<MsgType><![CDATA[text]]></MsgType>
<Content><![CDATA[怎么做]]></Content>
<MsgId>6442495723840211575</MsgId>
</xml>

2017-07-14 13:33:47 params :
------------
String:
array (
  'message' => 
  array (
    'tousername' => 'gh_14a8aa23d822',
    'fromusername' => 'oSt1B1OdI98LA6hQVt5MyqJqMcA8',
    'createtime' => '1500010426',
    'msgtype' => 'text',
    'content' => '电话',
    'msgid' => '6442495723840211575',
    'from' => 'oSt1B1OdI98LA6hQVt5MyqJqMcA8',
    'to' => 'gh_14a8aa23d822',
    'time' => '1500010426',
    'type' => 'text',
    'event' => NULL,
    'redirection' => true,
    'source' => 'default',
    'original' => '怎么做',
  ),
  'module' => 'basic',
  'rule' => '12',
  'priority' => '0',
  'keyword' => 
  array (
    'id' => '18',
    'rid' => '12',
    'uniacid' => '5',
    'module' => 'basic',
    'content' => '电话',
    'type' => '1',
    'displayorder' => '0',
    'status' => '1',
  ),
)

2017-07-14 13:33:47 response :
------------
Array:
FromUserName : gh_14a8aa23d822 ;
ToUserName : oSt1B1OdI98LA6hQVt5MyqJqMcA8 ;
MsgType : text ;
Content : 远宇诚智慧科技诚挚为您解决智能推广平台服务：18630221022 ;

2017-07-14 18:53:03 trace :
------------
String:
<xml><ToUserName><![CDATA[gh_14a8aa23d822]]></ToUserName>
<FromUserName><![CDATA[oSt1B1KzAAhHyOaGPthyLZMbMLRQ]]></FromUserName>
<CreateTime>1500029583</CreateTime>
<MsgType><![CDATA[event]]></MsgType>
<Event><![CDATA[VIEW]]></Event>
<EventKey><![CDATA[http://www.rabbitpre.com/m/6QIJfMAAD]]></EventKey>
<MenuId>510969028</MenuId>
</xml>

2017-07-14 18:53:03 params :
------------
String:
array (
  'message' => 
  array (
    'tousername' => 'gh_14a8aa23d822',
    'fromusername' => 'oSt1B1KzAAhHyOaGPthyLZMbMLRQ',
    'createtime' => '1500029583',
    'msgtype' => 'event',
    'event' => 'VIEW',
    'eventkey' => 'http://www.rabbitpre.com/m/6QIJfMAAD',
    'menuid' => '510969028',
    'from' => 'oSt1B1KzAAhHyOaGPthyLZMbMLRQ',
    'to' => 'gh_14a8aa23d822',
    'time' => '1500029583',
    'type' => 'text',
    'content' => '电话',
    'redirection' => true,
    'source' => 'default',
    'original' => 'http://www.rabbitpre.com/m/6QIJfMAAD',
  ),
  'module' => 'basic',
  'rule' => '12',
  'priority' => '0',
  'keyword' => 
  array (
    'id' => '18',
    'rid' => '12',
    'uniacid' => '5',
    'module' => 'basic',
    'content' => '电话',
    'type' => '1',
    'displayorder' => '0',
    'status' => '1',
  ),
)

2017-07-14 18:53:03 response :
------------
Array:
FromUserName : gh_14a8aa23d822 ;
ToUserName : oSt1B1KzAAhHyOaGPthyLZMbMLRQ ;
MsgType : text ;
Content : 远宇诚智慧科技诚挚为您解决智能推广平台服务：18630221022 ;

2017-07-14 18:56:21 trace :
------------
String:
<xml><ToUserName><![CDATA[gh_14a8aa23d822]]></ToUserName>
<FromUserName><![CDATA[oSt1B1KzAAhHyOaGPthyLZMbMLRQ]]></FromUserName>
<CreateTime>1500029781</CreateTime>
<MsgType><![CDATA[event]]></MsgType>
<Event><![CDATA[CLICK]]></Event>
<EventKey><![CDATA[招牌菜]]></EventKey>
</xml>

2017-07-14 18:56:21 params :
------------
String:
array (
  'message' => 
  array (
    'tousername' => 'gh_14a8aa23d822',
    'fromusername' => 'oSt1B1KzAAhHyOaGPthyLZMbMLRQ',
    'createtime' => '1500029781',
    'msgtype' => 'event',
    'event' => 'CLICK',
    'eventkey' => '招牌菜',
    'from' => 'oSt1B1KzAAhHyOaGPthyLZMbMLRQ',
    'to' => 'gh_14a8aa23d822',
    'time' => '1500029781',
    'type' => 'text',
    'content' => '招牌菜',
    'redirection' => true,
    'source' => 'click',
  ),
  'module' => 'news',
  'rule' => '15',
  'priority' => '0',
  'keyword' => 
  array (
    'id' => '72',
    'rid' => '15',
    'uniacid' => '5',
    'module' => 'news',
    'content' => '招牌菜',
    'type' => '1',
    'displayorder' => '0',
    'status' => '1',
  ),
)

2017-07-14 18:56:21 response :
------------
Array:
FromUserName : gh_14a8aa23d822 ;
ToUserName : oSt1B1KzAAhHyOaGPthyLZMbMLRQ ;
MsgType : news ;
ArticleCount : 1 ;
Articles : Array ;

2017-07-14 18:57:34 trace :
------------
String:
<xml><ToUserName><![CDATA[gh_14a8aa23d822]]></ToUserName>
<FromUserName><![CDATA[oSt1B1KzAAhHyOaGPthyLZMbMLRQ]]></FromUserName>
<CreateTime>1500029854</CreateTime>
<MsgType><![CDATA[event]]></MsgType>
<Event><![CDATA[CLICK]]></Event>
<EventKey><![CDATA[微信点餐]]></EventKey>
</xml>

2017-07-14 18:57:34 params :
------------
String:
array (
  'message' => 
  array (
    'tousername' => 'gh_14a8aa23d822',
    'fromusername' => 'oSt1B1KzAAhHyOaGPthyLZMbMLRQ',
    'createtime' => '1500029854',
    'msgtype' => 'event',
    'event' => 'CLICK',
    'eventkey' => '微信点餐',
    'from' => 'oSt1B1KzAAhHyOaGPthyLZMbMLRQ',
    'to' => 'gh_14a8aa23d822',
    'time' => '1500029854',
    'type' => 'text',
    'content' => '微信点餐',
    'redirection' => true,
    'source' => 'click',
  ),
  'module' => 'news',
  'rule' => '13',
  'priority' => '0',
  'keyword' => 
  array (
    'id' => '58',
    'rid' => '13',
    'uniacid' => '5',
    'module' => 'news',
    'content' => '微信点餐',
    'type' => '1',
    'displayorder' => '0',
    'status' => '1',
  ),
)

2017-07-14 18:57:34 response :
------------
Array:
FromUserName : gh_14a8aa23d822 ;
ToUserName : oSt1B1KzAAhHyOaGPthyLZMbMLRQ ;
MsgType : news ;
ArticleCount : 1 ;
Articles : Array ;

