2017-07-29 23:24:51 trace :
------------
String:
<xml><ToUserName><![CDATA[gh_14a8aa23d822]]></ToUserName>
<FromUserName><![CDATA[oSt1B1OdI98LA6hQVt5MyqJqMcA8]]></FromUserName>
<CreateTime>1501341891</CreateTime>
<MsgType><![CDATA[event]]></MsgType>
<Event><![CDATA[VIEW]]></Event>
<EventKey><![CDATA[http://weixin.zhuoyueguanli.com/app/index.php?i=5&c=entry&m=weisrc_dish&do=waprestList]]></EventKey>
<MenuId>510969028</MenuId>
</xml>

2017-07-29 23:24:51 params :
------------
String:
array (
  'message' => 
  array (
    'tousername' => 'gh_14a8aa23d822',
    'fromusername' => 'oSt1B1OdI98LA6hQVt5MyqJqMcA8',
    'createtime' => '1501341891',
    'msgtype' => 'event',
    'event' => 'VIEW',
    'eventkey' => 'http://weixin.zhuoyueguanli.com/app/index.php?i=5&c=entry&m=weisrc_dish&do=waprestList',
    'menuid' => '510969028',
    'from' => 'oSt1B1OdI98LA6hQVt5MyqJqMcA8',
    'to' => 'gh_14a8aa23d822',
    'time' => '1501341891',
    'type' => 'text',
    'content' => '电话',
    'redirection' => true,
    'source' => 'default',
    'original' => 'http://weixin.zhuoyueguanli.com/app/index.php?i=5&c=entry&m=weisrc_dish&do=waprestList',
  ),
  'module' => 'basic',
  'rule' => '12',
  'priority' => '0',
  'keyword' => 
  array (
    'id' => '18',
    'rid' => '12',
    'uniacid' => '5',
    'module' => 'basic',
    'content' => '电话',
    'type' => '1',
    'displayorder' => '0',
    'status' => '1',
  ),
)

2017-07-29 23:24:51 response :
------------
Array:
FromUserName : gh_14a8aa23d822 ;
ToUserName : oSt1B1OdI98LA6hQVt5MyqJqMcA8 ;
MsgType : text ;
Content : 远宇诚智慧科技诚挚为您解决智能推广平台服务：18630221022 ;

2017-07-29 23:35:36 trace :
------------
String:
<xml><ToUserName><![CDATA[gh_14a8aa23d822]]></ToUserName>
<FromUserName><![CDATA[oSt1B1KzAAhHyOaGPthyLZMbMLRQ]]></FromUserName>
<CreateTime>1501342535</CreateTime>
<MsgType><![CDATA[event]]></MsgType>
<Event><![CDATA[CLICK]]></Event>
<EventKey><![CDATA[环境图]]></EventKey>
</xml>

2017-07-29 23:35:36 params :
------------
String:
array (
  'message' => 
  array (
    'tousername' => 'gh_14a8aa23d822',
    'fromusername' => 'oSt1B1KzAAhHyOaGPthyLZMbMLRQ',
    'createtime' => '1501342535',
    'msgtype' => 'event',
    'event' => 'CLICK',
    'eventkey' => '环境图',
    'from' => 'oSt1B1KzAAhHyOaGPthyLZMbMLRQ',
    'to' => 'gh_14a8aa23d822',
    'time' => '1501342535',
    'type' => 'text',
    'content' => '环境图',
    'redirection' => true,
    'source' => 'click',
  ),
  'module' => 'news',
  'rule' => '14',
  'priority' => '0',
  'keyword' => 
  array (
    'id' => '85',
    'rid' => '14',
    'uniacid' => '5',
    'module' => 'news',
    'content' => '环境图',
    'type' => '1',
    'displayorder' => '0',
    'status' => '1',
  ),
)

2017-07-29 23:35:36 response :
------------
Array:
FromUserName : gh_14a8aa23d822 ;
ToUserName : oSt1B1KzAAhHyOaGPthyLZMbMLRQ ;
MsgType : news ;
ArticleCount : 3 ;
Articles : Array ;

