2017-07-10 08:46:17 trace :
------------
String:
<xml><ToUserName><![CDATA[gh_14a8aa23d822]]></ToUserName>
<FromUserName><![CDATA[oSt1B1Gqv4rlQHvy62j6BbCp2X3s]]></FromUserName>
<CreateTime>1499647576</CreateTime>
<MsgType><![CDATA[event]]></MsgType>
<Event><![CDATA[VIEW]]></Event>
<EventKey><![CDATA[http://www.rabbitpre.com/m/6QIJfMAAD]]></EventKey>
<MenuId>510698345</MenuId>
</xml>

2017-07-10 08:46:17 params :
------------
String:
array (
  'message' => 
  array (
    'tousername' => 'gh_14a8aa23d822',
    'fromusername' => 'oSt1B1Gqv4rlQHvy62j6BbCp2X3s',
    'createtime' => '1499647576',
    'msgtype' => 'event',
    'event' => 'VIEW',
    'eventkey' => 'http://www.rabbitpre.com/m/6QIJfMAAD',
    'menuid' => '510698345',
    'from' => 'oSt1B1Gqv4rlQHvy62j6BbCp2X3s',
    'to' => 'gh_14a8aa23d822',
    'time' => '1499647576',
    'type' => 'text',
    'content' => '电话',
    'redirection' => true,
    'source' => 'default',
    'original' => 'http://www.rabbitpre.com/m/6QIJfMAAD',
  ),
  'module' => 'basic',
  'rule' => '12',
  'priority' => '0',
  'keyword' => 
  array (
    'id' => '18',
    'rid' => '12',
    'uniacid' => '5',
    'module' => 'basic',
    'content' => '电话',
    'type' => '1',
    'displayorder' => '0',
    'status' => '1',
  ),
)

2017-07-10 08:46:17 response :
------------
Array:
FromUserName : gh_14a8aa23d822 ;
ToUserName : oSt1B1Gqv4rlQHvy62j6BbCp2X3s ;
MsgType : text ;
Content : 远宇诚智慧科技诚挚为您解决智能推广平台服务：18630221022 ;

2017-07-10 08:46:47 trace :
------------
String:
<xml><ToUserName><![CDATA[gh_14a8aa23d822]]></ToUserName>
<FromUserName><![CDATA[oSt1B1Gqv4rlQHvy62j6BbCp2X3s]]></FromUserName>
<CreateTime>1499647607</CreateTime>
<MsgType><![CDATA[event]]></MsgType>
<Event><![CDATA[VIEW]]></Event>
<EventKey><![CDATA[https://h5.wps.cn/p/b977c573.html]]></EventKey>
<MenuId>510698345</MenuId>
</xml>

2017-07-10 08:46:47 params :
------------
String:
array (
  'message' => 
  array (
    'tousername' => 'gh_14a8aa23d822',
    'fromusername' => 'oSt1B1Gqv4rlQHvy62j6BbCp2X3s',
    'createtime' => '1499647607',
    'msgtype' => 'event',
    'event' => 'VIEW',
    'eventkey' => 'https://h5.wps.cn/p/b977c573.html',
    'menuid' => '510698345',
    'from' => 'oSt1B1Gqv4rlQHvy62j6BbCp2X3s',
    'to' => 'gh_14a8aa23d822',
    'time' => '1499647607',
    'type' => 'text',
    'content' => '电话',
    'redirection' => true,
    'source' => 'default',
    'original' => 'https://h5.wps.cn/p/b977c573.html',
  ),
  'module' => 'basic',
  'rule' => '12',
  'priority' => '0',
  'keyword' => 
  array (
    'id' => '18',
    'rid' => '12',
    'uniacid' => '5',
    'module' => 'basic',
    'content' => '电话',
    'type' => '1',
    'displayorder' => '0',
    'status' => '1',
  ),
)

2017-07-10 08:46:47 response :
------------
Array:
FromUserName : gh_14a8aa23d822 ;
ToUserName : oSt1B1Gqv4rlQHvy62j6BbCp2X3s ;
MsgType : text ;
Content : 远宇诚智慧科技诚挚为您解决智能推广平台服务：18630221022 ;

2017-07-10 12:18:38 trace :
------------
String:
<xml><ToUserName><![CDATA[gh_14a8aa23d822]]></ToUserName>
<FromUserName><![CDATA[oSt1B1JmL6XVB2Wi7DQCZGGAF_dA]]></FromUserName>
<CreateTime>1499660318</CreateTime>
<MsgType><![CDATA[event]]></MsgType>
<Event><![CDATA[VIEW]]></Event>
<EventKey><![CDATA[http://weixin.zhuoyueguanli.com/app/index.php?i=5&c=entry&m=weisrc_dish&do=waprestList]]></EventKey>
<MenuId>510698345</MenuId>
</xml>

2017-07-10 12:18:38 params :
------------
String:
array (
  'message' => 
  array (
    'tousername' => 'gh_14a8aa23d822',
    'fromusername' => 'oSt1B1JmL6XVB2Wi7DQCZGGAF_dA',
    'createtime' => '1499660318',
    'msgtype' => 'event',
    'event' => 'VIEW',
    'eventkey' => 'http://weixin.zhuoyueguanli.com/app/index.php?i=5&c=entry&m=weisrc_dish&do=waprestList',
    'menuid' => '510698345',
    'from' => 'oSt1B1JmL6XVB2Wi7DQCZGGAF_dA',
    'to' => 'gh_14a8aa23d822',
    'time' => '1499660318',
    'type' => 'text',
    'content' => '电话',
    'redirection' => true,
    'source' => 'default',
    'original' => 'http://weixin.zhuoyueguanli.com/app/index.php?i=5&c=entry&m=weisrc_dish&do=waprestList',
  ),
  'module' => 'basic',
  'rule' => '12',
  'priority' => '0',
  'keyword' => 
  array (
    'id' => '18',
    'rid' => '12',
    'uniacid' => '5',
    'module' => 'basic',
    'content' => '电话',
    'type' => '1',
    'displayorder' => '0',
    'status' => '1',
  ),
)

2017-07-10 12:18:38 response :
------------
Array:
FromUserName : gh_14a8aa23d822 ;
ToUserName : oSt1B1JmL6XVB2Wi7DQCZGGAF_dA ;
MsgType : text ;
Content : 远宇诚智慧科技诚挚为您解决智能推广平台服务：18630221022 ;

2017-07-10 12:56:57 trace :
------------
String:
<xml><ToUserName><![CDATA[gh_14a8aa23d822]]></ToUserName>
<FromUserName><![CDATA[oSt1B1EWGmoZdM3zbbLga58wEhKk]]></FromUserName>
<CreateTime>1499662617</CreateTime>
<MsgType><![CDATA[event]]></MsgType>
<Event><![CDATA[VIEW]]></Event>
<EventKey><![CDATA[http://weixin.zhuoyueguanli.com/app/index.php?i=5&c=entry&m=weisrc_dish&do=order]]></EventKey>
<MenuId>510698345</MenuId>
</xml>

2017-07-10 12:56:57 params :
------------
String:
array (
  'message' => 
  array (
    'tousername' => 'gh_14a8aa23d822',
    'fromusername' => 'oSt1B1EWGmoZdM3zbbLga58wEhKk',
    'createtime' => '1499662617',
    'msgtype' => 'event',
    'event' => 'VIEW',
    'eventkey' => 'http://weixin.zhuoyueguanli.com/app/index.php?i=5&c=entry&m=weisrc_dish&do=order',
    'menuid' => '510698345',
    'from' => 'oSt1B1EWGmoZdM3zbbLga58wEhKk',
    'to' => 'gh_14a8aa23d822',
    'time' => '1499662617',
    'type' => 'text',
    'content' => '电话',
    'redirection' => true,
    'source' => 'default',
    'original' => 'http://weixin.zhuoyueguanli.com/app/index.php?i=5&c=entry&m=weisrc_dish&do=order',
  ),
  'module' => 'basic',
  'rule' => '12',
  'priority' => '0',
  'keyword' => 
  array (
    'id' => '18',
    'rid' => '12',
    'uniacid' => '5',
    'module' => 'basic',
    'content' => '电话',
    'type' => '1',
    'displayorder' => '0',
    'status' => '1',
  ),
)

2017-07-10 12:56:57 response :
------------
Array:
FromUserName : gh_14a8aa23d822 ;
ToUserName : oSt1B1EWGmoZdM3zbbLga58wEhKk ;
MsgType : text ;
Content : 远宇诚智慧科技诚挚为您解决智能推广平台服务：18630221022 ;

2017-07-10 12:57:06 trace :
------------
String:
<xml><ToUserName><![CDATA[gh_14a8aa23d822]]></ToUserName>
<FromUserName><![CDATA[oSt1B1EWGmoZdM3zbbLga58wEhKk]]></FromUserName>
<CreateTime>1499662626</CreateTime>
<MsgType><![CDATA[event]]></MsgType>
<Event><![CDATA[VIEW]]></Event>
<EventKey><![CDATA[http://weixin.zhuoyueguanli.com/app/index.php?i=5&c=entry&m=weisrc_dish&do=waprestList]]></EventKey>
<MenuId>510698345</MenuId>
</xml>

2017-07-10 12:57:06 params :
------------
String:
array (
  'message' => 
  array (
    'tousername' => 'gh_14a8aa23d822',
    'fromusername' => 'oSt1B1EWGmoZdM3zbbLga58wEhKk',
    'createtime' => '1499662626',
    'msgtype' => 'event',
    'event' => 'VIEW',
    'eventkey' => 'http://weixin.zhuoyueguanli.com/app/index.php?i=5&c=entry&m=weisrc_dish&do=waprestList',
    'menuid' => '510698345',
    'from' => 'oSt1B1EWGmoZdM3zbbLga58wEhKk',
    'to' => 'gh_14a8aa23d822',
    'time' => '1499662626',
    'type' => 'text',
    'content' => '电话',
    'redirection' => true,
    'source' => 'default',
    'original' => 'http://weixin.zhuoyueguanli.com/app/index.php?i=5&c=entry&m=weisrc_dish&do=waprestList',
  ),
  'module' => 'basic',
  'rule' => '12',
  'priority' => '0',
  'keyword' => 
  array (
    'id' => '18',
    'rid' => '12',
    'uniacid' => '5',
    'module' => 'basic',
    'content' => '电话',
    'type' => '1',
    'displayorder' => '0',
    'status' => '1',
  ),
)

2017-07-10 12:57:06 response :
------------
Array:
FromUserName : gh_14a8aa23d822 ;
ToUserName : oSt1B1EWGmoZdM3zbbLga58wEhKk ;
MsgType : text ;
Content : 远宇诚智慧科技诚挚为您解决智能推广平台服务：18630221022 ;

2017-07-10 12:57:22 trace :
------------
String:
<xml><ToUserName><![CDATA[gh_14a8aa23d822]]></ToUserName>
<FromUserName><![CDATA[oSt1B1EWGmoZdM3zbbLga58wEhKk]]></FromUserName>
<CreateTime>1499662642</CreateTime>
<MsgType><![CDATA[event]]></MsgType>
<Event><![CDATA[VIEW]]></Event>
<EventKey><![CDATA[http://weixin.zhuoyueguanli.com/app/index.php?i=5&c=entry&m=weisrc_dish&do=waprestList]]></EventKey>
<MenuId>510698345</MenuId>
</xml>

2017-07-10 12:57:22 params :
------------
String:
array (
  'message' => 
  array (
    'tousername' => 'gh_14a8aa23d822',
    'fromusername' => 'oSt1B1EWGmoZdM3zbbLga58wEhKk',
    'createtime' => '1499662642',
    'msgtype' => 'event',
    'event' => 'VIEW',
    'eventkey' => 'http://weixin.zhuoyueguanli.com/app/index.php?i=5&c=entry&m=weisrc_dish&do=waprestList',
    'menuid' => '510698345',
    'from' => 'oSt1B1EWGmoZdM3zbbLga58wEhKk',
    'to' => 'gh_14a8aa23d822',
    'time' => '1499662642',
    'type' => 'text',
    'content' => '电话',
    'redirection' => true,
    'source' => 'default',
    'original' => 'http://weixin.zhuoyueguanli.com/app/index.php?i=5&c=entry&m=weisrc_dish&do=waprestList',
  ),
  'module' => 'basic',
  'rule' => '12',
  'priority' => '0',
  'keyword' => 
  array (
    'id' => '18',
    'rid' => '12',
    'uniacid' => '5',
    'module' => 'basic',
    'content' => '电话',
    'type' => '1',
    'displayorder' => '0',
    'status' => '1',
  ),
)

2017-07-10 12:57:22 response :
------------
Array:
FromUserName : gh_14a8aa23d822 ;
ToUserName : oSt1B1EWGmoZdM3zbbLga58wEhKk ;
MsgType : text ;
Content : 远宇诚智慧科技诚挚为您解决智能推广平台服务：18630221022 ;

2017-07-10 12:58:00 trace :
------------
String:
<xml><ToUserName><![CDATA[gh_14a8aa23d822]]></ToUserName>
<FromUserName><![CDATA[oSt1B1EWGmoZdM3zbbLga58wEhKk]]></FromUserName>
<CreateTime>1499662680</CreateTime>
<MsgType><![CDATA[event]]></MsgType>
<Event><![CDATA[CLICK]]></Event>
<EventKey><![CDATA[环境图]]></EventKey>
</xml>

2017-07-10 12:58:00 params :
------------
String:
array (
  'message' => 
  array (
    'tousername' => 'gh_14a8aa23d822',
    'fromusername' => 'oSt1B1EWGmoZdM3zbbLga58wEhKk',
    'createtime' => '1499662680',
    'msgtype' => 'event',
    'event' => 'CLICK',
    'eventkey' => '环境图',
    'from' => 'oSt1B1EWGmoZdM3zbbLga58wEhKk',
    'to' => 'gh_14a8aa23d822',
    'time' => '1499662680',
    'type' => 'text',
    'content' => '环境图',
    'redirection' => true,
    'source' => 'click',
  ),
  'module' => 'news',
  'rule' => '14',
  'priority' => '0',
  'keyword' => 
  array (
    'id' => '68',
    'rid' => '14',
    'uniacid' => '5',
    'module' => 'news',
    'content' => '环境图',
    'type' => '1',
    'displayorder' => '0',
    'status' => '1',
  ),
)

2017-07-10 12:58:00 response :
------------
Array:
FromUserName : gh_14a8aa23d822 ;
ToUserName : oSt1B1EWGmoZdM3zbbLga58wEhKk ;
MsgType : news ;
ArticleCount : 2 ;
Articles : Array ;

2017-07-10 12:58:17 trace :
------------
String:
<xml><ToUserName><![CDATA[gh_14a8aa23d822]]></ToUserName>
<FromUserName><![CDATA[oSt1B1EWGmoZdM3zbbLga58wEhKk]]></FromUserName>
<CreateTime>1499662697</CreateTime>
<MsgType><![CDATA[event]]></MsgType>
<Event><![CDATA[VIEW]]></Event>
<EventKey><![CDATA[https://h5.wps.cn/p/b977c573.html]]></EventKey>
<MenuId>510698345</MenuId>
</xml>

2017-07-10 12:58:17 params :
------------
String:
array (
  'message' => 
  array (
    'tousername' => 'gh_14a8aa23d822',
    'fromusername' => 'oSt1B1EWGmoZdM3zbbLga58wEhKk',
    'createtime' => '1499662697',
    'msgtype' => 'event',
    'event' => 'VIEW',
    'eventkey' => 'https://h5.wps.cn/p/b977c573.html',
    'menuid' => '510698345',
    'from' => 'oSt1B1EWGmoZdM3zbbLga58wEhKk',
    'to' => 'gh_14a8aa23d822',
    'time' => '1499662697',
    'type' => 'text',
    'content' => '电话',
    'redirection' => true,
    'source' => 'default',
    'original' => 'https://h5.wps.cn/p/b977c573.html',
  ),
  'module' => 'basic',
  'rule' => '12',
  'priority' => '0',
  'keyword' => 
  array (
    'id' => '18',
    'rid' => '12',
    'uniacid' => '5',
    'module' => 'basic',
    'content' => '电话',
    'type' => '1',
    'displayorder' => '0',
    'status' => '1',
  ),
)

2017-07-10 12:58:17 response :
------------
Array:
FromUserName : gh_14a8aa23d822 ;
ToUserName : oSt1B1EWGmoZdM3zbbLga58wEhKk ;
MsgType : text ;
Content : 远宇诚智慧科技诚挚为您解决智能推广平台服务：18630221022 ;

2017-07-10 16:20:46 trace :
------------
String:
<xml><ToUserName><![CDATA[gh_14a8aa23d822]]></ToUserName>
<FromUserName><![CDATA[oSt1B1Gqv4rlQHvy62j6BbCp2X3s]]></FromUserName>
<CreateTime>1499674846</CreateTime>
<MsgType><![CDATA[event]]></MsgType>
<Event><![CDATA[CLICK]]></Event>
<EventKey><![CDATA[环境图]]></EventKey>
</xml>

2017-07-10 16:20:46 params :
------------
String:
array (
  'message' => 
  array (
    'tousername' => 'gh_14a8aa23d822',
    'fromusername' => 'oSt1B1Gqv4rlQHvy62j6BbCp2X3s',
    'createtime' => '1499674846',
    'msgtype' => 'event',
    'event' => 'CLICK',
    'eventkey' => '环境图',
    'from' => 'oSt1B1Gqv4rlQHvy62j6BbCp2X3s',
    'to' => 'gh_14a8aa23d822',
    'time' => '1499674846',
    'type' => 'text',
    'content' => '环境图',
    'redirection' => true,
    'source' => 'click',
  ),
  'module' => 'news',
  'rule' => '14',
  'priority' => '0',
  'keyword' => 
  array (
    'id' => '68',
    'rid' => '14',
    'uniacid' => '5',
    'module' => 'news',
    'content' => '环境图',
    'type' => '1',
    'displayorder' => '0',
    'status' => '1',
  ),
)

2017-07-10 16:20:46 response :
------------
Array:
FromUserName : gh_14a8aa23d822 ;
ToUserName : oSt1B1Gqv4rlQHvy62j6BbCp2X3s ;
MsgType : news ;
ArticleCount : 2 ;
Articles : Array ;

2017-07-10 16:21:38 trace :
------------
String:
<xml><ToUserName><![CDATA[gh_14a8aa23d822]]></ToUserName>
<FromUserName><![CDATA[oSt1B1LbkFRrjn5UoNi2xNT7wEHo]]></FromUserName>
<CreateTime>1499674898</CreateTime>
<MsgType><![CDATA[event]]></MsgType>
<Event><![CDATA[subscribe]]></Event>
<EventKey><![CDATA[]]></EventKey>
</xml>

2017-07-10 16:21:38 params :
------------
String:
array (
  'message' => 
  array (
    'tousername' => 'gh_14a8aa23d822',
    'fromusername' => 'oSt1B1LbkFRrjn5UoNi2xNT7wEHo',
    'createtime' => '1499674898',
    'msgtype' => 'event',
    'event' => 'subscribe',
    'eventkey' => '',
    'from' => 'oSt1B1LbkFRrjn5UoNi2xNT7wEHo',
    'to' => 'gh_14a8aa23d822',
    'time' => '1499674898',
    'type' => 'text',
    'redirection' => true,
    'source' => 'subscribe',
    'content' => '微信点餐',
  ),
  'module' => 'news',
  'rule' => '13',
  'priority' => '0',
  'keyword' => 
  array (
    'id' => '58',
    'rid' => '13',
    'uniacid' => '5',
    'module' => 'news',
    'content' => '微信点餐',
    'type' => '1',
    'displayorder' => '0',
    'status' => '1',
  ),
)

2017-07-10 16:21:38 response :
------------
Array:
FromUserName : gh_14a8aa23d822 ;
ToUserName : oSt1B1LbkFRrjn5UoNi2xNT7wEHo ;
MsgType : news ;
ArticleCount : 1 ;
Articles : Array ;

2017-07-10 16:21:54 trace :
------------
String:
<xml><ToUserName><![CDATA[gh_14a8aa23d822]]></ToUserName>
<FromUserName><![CDATA[oSt1B1LbkFRrjn5UoNi2xNT7wEHo]]></FromUserName>
<CreateTime>1499674914</CreateTime>
<MsgType><![CDATA[event]]></MsgType>
<Event><![CDATA[VIEW]]></Event>
<EventKey><![CDATA[http://weixin.zhuoyueguanli.com/app/index.php?i=5&c=entry&m=weisrc_dish&do=waprestList]]></EventKey>
<MenuId>510698345</MenuId>
</xml>

2017-07-10 16:21:54 params :
------------
String:
array (
  'message' => 
  array (
    'tousername' => 'gh_14a8aa23d822',
    'fromusername' => 'oSt1B1LbkFRrjn5UoNi2xNT7wEHo',
    'createtime' => '1499674914',
    'msgtype' => 'event',
    'event' => 'VIEW',
    'eventkey' => 'http://weixin.zhuoyueguanli.com/app/index.php?i=5&c=entry&m=weisrc_dish&do=waprestList',
    'menuid' => '510698345',
    'from' => 'oSt1B1LbkFRrjn5UoNi2xNT7wEHo',
    'to' => 'gh_14a8aa23d822',
    'time' => '1499674914',
    'type' => 'text',
    'content' => '电话',
    'redirection' => true,
    'source' => 'default',
    'original' => 'http://weixin.zhuoyueguanli.com/app/index.php?i=5&c=entry&m=weisrc_dish&do=waprestList',
  ),
  'module' => 'basic',
  'rule' => '12',
  'priority' => '0',
  'keyword' => 
  array (
    'id' => '18',
    'rid' => '12',
    'uniacid' => '5',
    'module' => 'basic',
    'content' => '电话',
    'type' => '1',
    'displayorder' => '0',
    'status' => '1',
  ),
)

2017-07-10 16:21:54 response :
------------
Array:
FromUserName : gh_14a8aa23d822 ;
ToUserName : oSt1B1LbkFRrjn5UoNi2xNT7wEHo ;
MsgType : text ;
Content : 远宇诚智慧科技诚挚为您解决智能推广平台服务：18630221022 ;

2017-07-10 16:22:25 trace :
------------
String:
<xml><ToUserName><![CDATA[gh_14a8aa23d822]]></ToUserName>
<FromUserName><![CDATA[oSt1B1LbkFRrjn5UoNi2xNT7wEHo]]></FromUserName>
<CreateTime>1499674945</CreateTime>
<MsgType><![CDATA[event]]></MsgType>
<Event><![CDATA[VIEW]]></Event>
<EventKey><![CDATA[http://weixin.zhuoyueguanli.com/app/index.php?i=5&c=entry&m=weisrc_dish&do=order]]></EventKey>
<MenuId>510698345</MenuId>
</xml>

2017-07-10 16:22:25 params :
------------
String:
array (
  'message' => 
  array (
    'tousername' => 'gh_14a8aa23d822',
    'fromusername' => 'oSt1B1LbkFRrjn5UoNi2xNT7wEHo',
    'createtime' => '1499674945',
    'msgtype' => 'event',
    'event' => 'VIEW',
    'eventkey' => 'http://weixin.zhuoyueguanli.com/app/index.php?i=5&c=entry&m=weisrc_dish&do=order',
    'menuid' => '510698345',
    'from' => 'oSt1B1LbkFRrjn5UoNi2xNT7wEHo',
    'to' => 'gh_14a8aa23d822',
    'time' => '1499674945',
    'type' => 'text',
    'content' => '电话',
    'redirection' => true,
    'source' => 'default',
    'original' => 'http://weixin.zhuoyueguanli.com/app/index.php?i=5&c=entry&m=weisrc_dish&do=order',
  ),
  'module' => 'basic',
  'rule' => '12',
  'priority' => '0',
  'keyword' => 
  array (
    'id' => '18',
    'rid' => '12',
    'uniacid' => '5',
    'module' => 'basic',
    'content' => '电话',
    'type' => '1',
    'displayorder' => '0',
    'status' => '1',
  ),
)

2017-07-10 16:22:25 response :
------------
Array:
FromUserName : gh_14a8aa23d822 ;
ToUserName : oSt1B1LbkFRrjn5UoNi2xNT7wEHo ;
MsgType : text ;
Content : 远宇诚智慧科技诚挚为您解决智能推广平台服务：18630221022 ;

2017-07-10 16:22:37 trace :
------------
String:
<xml><ToUserName><![CDATA[gh_14a8aa23d822]]></ToUserName>
<FromUserName><![CDATA[oSt1B1LbkFRrjn5UoNi2xNT7wEHo]]></FromUserName>
<CreateTime>1499674957</CreateTime>
<MsgType><![CDATA[event]]></MsgType>
<Event><![CDATA[VIEW]]></Event>
<EventKey><![CDATA[http://mp.weixin.qq.com/s/pfcrxmP5Ze0mOUXetsHIzw]]></EventKey>
<MenuId>510698345</MenuId>
</xml>

2017-07-10 16:22:37 params :
------------
String:
array (
  'message' => 
  array (
    'tousername' => 'gh_14a8aa23d822',
    'fromusername' => 'oSt1B1LbkFRrjn5UoNi2xNT7wEHo',
    'createtime' => '1499674957',
    'msgtype' => 'event',
    'event' => 'VIEW',
    'eventkey' => 'http://mp.weixin.qq.com/s/pfcrxmP5Ze0mOUXetsHIzw',
    'menuid' => '510698345',
    'from' => 'oSt1B1LbkFRrjn5UoNi2xNT7wEHo',
    'to' => 'gh_14a8aa23d822',
    'time' => '1499674957',
    'type' => 'text',
    'content' => '电话',
    'redirection' => true,
    'source' => 'default',
    'original' => 'http://mp.weixin.qq.com/s/pfcrxmP5Ze0mOUXetsHIzw',
  ),
  'module' => 'basic',
  'rule' => '12',
  'priority' => '0',
  'keyword' => 
  array (
    'id' => '18',
    'rid' => '12',
    'uniacid' => '5',
    'module' => 'basic',
    'content' => '电话',
    'type' => '1',
    'displayorder' => '0',
    'status' => '1',
  ),
)

2017-07-10 16:22:37 response :
------------
Array:
FromUserName : gh_14a8aa23d822 ;
ToUserName : oSt1B1LbkFRrjn5UoNi2xNT7wEHo ;
MsgType : text ;
Content : 远宇诚智慧科技诚挚为您解决智能推广平台服务：18630221022 ;

2017-07-10 16:22:58 trace :
------------
String:
<xml><ToUserName><![CDATA[gh_14a8aa23d822]]></ToUserName>
<FromUserName><![CDATA[oSt1B1LbkFRrjn5UoNi2xNT7wEHo]]></FromUserName>
<CreateTime>1499674978</CreateTime>
<MsgType><![CDATA[event]]></MsgType>
<Event><![CDATA[VIEW]]></Event>
<EventKey><![CDATA[http://ditu.amap.com/place/B0FFHFLJWT]]></EventKey>
<MenuId>510698345</MenuId>
</xml>

2017-07-10 16:22:58 params :
------------
String:
array (
  'message' => 
  array (
    'tousername' => 'gh_14a8aa23d822',
    'fromusername' => 'oSt1B1LbkFRrjn5UoNi2xNT7wEHo',
    'createtime' => '1499674978',
    'msgtype' => 'event',
    'event' => 'VIEW',
    'eventkey' => 'http://ditu.amap.com/place/B0FFHFLJWT',
    'menuid' => '510698345',
    'from' => 'oSt1B1LbkFRrjn5UoNi2xNT7wEHo',
    'to' => 'gh_14a8aa23d822',
    'time' => '1499674978',
    'type' => 'text',
    'content' => '电话',
    'redirection' => true,
    'source' => 'default',
    'original' => 'http://ditu.amap.com/place/B0FFHFLJWT',
  ),
  'module' => 'basic',
  'rule' => '12',
  'priority' => '0',
  'keyword' => 
  array (
    'id' => '18',
    'rid' => '12',
    'uniacid' => '5',
    'module' => 'basic',
    'content' => '电话',
    'type' => '1',
    'displayorder' => '0',
    'status' => '1',
  ),
)

2017-07-10 16:22:58 response :
------------
Array:
FromUserName : gh_14a8aa23d822 ;
ToUserName : oSt1B1LbkFRrjn5UoNi2xNT7wEHo ;
MsgType : text ;
Content : 远宇诚智慧科技诚挚为您解决智能推广平台服务：18630221022 ;

2017-07-10 16:23:36 trace :
------------
String:
<xml><ToUserName><![CDATA[gh_14a8aa23d822]]></ToUserName>
<FromUserName><![CDATA[oSt1B1LbkFRrjn5UoNi2xNT7wEHo]]></FromUserName>
<CreateTime>1499675016</CreateTime>
<MsgType><![CDATA[event]]></MsgType>
<Event><![CDATA[CLICK]]></Event>
<EventKey><![CDATA[招牌菜]]></EventKey>
</xml>

2017-07-10 16:23:36 params :
------------
String:
array (
  'message' => 
  array (
    'tousername' => 'gh_14a8aa23d822',
    'fromusername' => 'oSt1B1LbkFRrjn5UoNi2xNT7wEHo',
    'createtime' => '1499675016',
    'msgtype' => 'event',
    'event' => 'CLICK',
    'eventkey' => '招牌菜',
    'from' => 'oSt1B1LbkFRrjn5UoNi2xNT7wEHo',
    'to' => 'gh_14a8aa23d822',
    'time' => '1499675016',
    'type' => 'text',
    'content' => '招牌菜',
    'redirection' => true,
    'source' => 'click',
  ),
  'module' => 'news',
  'rule' => '15',
  'priority' => '0',
  'keyword' => 
  array (
    'id' => '72',
    'rid' => '15',
    'uniacid' => '5',
    'module' => 'news',
    'content' => '招牌菜',
    'type' => '1',
    'displayorder' => '0',
    'status' => '1',
  ),
)

2017-07-10 16:23:36 response :
------------
Array:
FromUserName : gh_14a8aa23d822 ;
ToUserName : oSt1B1LbkFRrjn5UoNi2xNT7wEHo ;
MsgType : news ;
ArticleCount : 1 ;
Articles : Array ;

2017-07-10 16:23:52 trace :
------------
String:
<xml><ToUserName><![CDATA[gh_14a8aa23d822]]></ToUserName>
<FromUserName><![CDATA[oSt1B1LbkFRrjn5UoNi2xNT7wEHo]]></FromUserName>
<CreateTime>1499675032</CreateTime>
<MsgType><![CDATA[event]]></MsgType>
<Event><![CDATA[VIEW]]></Event>
<EventKey><![CDATA[http://m.26joy.com/GLogin/l/gid/3462/unid/148281552/uid/4171443/cpslogin/0/sign/e478c0b1af2406fb7dffb8be5f73342c.html]]></EventKey>
<MenuId>510698345</MenuId>
</xml>

2017-07-10 16:23:52 params :
------------
String:
array (
  'message' => 
  array (
    'tousername' => 'gh_14a8aa23d822',
    'fromusername' => 'oSt1B1LbkFRrjn5UoNi2xNT7wEHo',
    'createtime' => '1499675032',
    'msgtype' => 'event',
    'event' => 'VIEW',
    'eventkey' => 'http://m.26joy.com/GLogin/l/gid/3462/unid/148281552/uid/4171443/cpslogin/0/sign/e478c0b1af2406fb7dffb8be5f73342c.html',
    'menuid' => '510698345',
    'from' => 'oSt1B1LbkFRrjn5UoNi2xNT7wEHo',
    'to' => 'gh_14a8aa23d822',
    'time' => '1499675032',
    'type' => 'text',
    'content' => '电话',
    'redirection' => true,
    'source' => 'default',
    'original' => 'http://m.26joy.com/GLogin/l/gid/3462/unid/148281552/uid/4171443/cpslogin/0/sign/e478c0b1af2406fb7dffb8be5f73342c.html',
  ),
  'module' => 'basic',
  'rule' => '12',
  'priority' => '0',
  'keyword' => 
  array (
    'id' => '18',
    'rid' => '12',
    'uniacid' => '5',
    'module' => 'basic',
    'content' => '电话',
    'type' => '1',
    'displayorder' => '0',
    'status' => '1',
  ),
)

2017-07-10 16:23:52 response :
------------
Array:
FromUserName : gh_14a8aa23d822 ;
ToUserName : oSt1B1LbkFRrjn5UoNi2xNT7wEHo ;
MsgType : text ;
Content : 远宇诚智慧科技诚挚为您解决智能推广平台服务：18630221022 ;

2017-07-10 16:24:21 trace :
------------
String:
<xml><ToUserName><![CDATA[gh_14a8aa23d822]]></ToUserName>
<FromUserName><![CDATA[oSt1B1LbkFRrjn5UoNi2xNT7wEHo]]></FromUserName>
<CreateTime>1499675061</CreateTime>
<MsgType><![CDATA[event]]></MsgType>
<Event><![CDATA[VIEW]]></Event>
<EventKey><![CDATA[https://h5.wps.cn/p/b977c573.html]]></EventKey>
<MenuId>510698345</MenuId>
</xml>

2017-07-10 16:24:21 params :
------------
String:
array (
  'message' => 
  array (
    'tousername' => 'gh_14a8aa23d822',
    'fromusername' => 'oSt1B1LbkFRrjn5UoNi2xNT7wEHo',
    'createtime' => '1499675061',
    'msgtype' => 'event',
    'event' => 'VIEW',
    'eventkey' => 'https://h5.wps.cn/p/b977c573.html',
    'menuid' => '510698345',
    'from' => 'oSt1B1LbkFRrjn5UoNi2xNT7wEHo',
    'to' => 'gh_14a8aa23d822',
    'time' => '1499675061',
    'type' => 'text',
    'content' => '电话',
    'redirection' => true,
    'source' => 'default',
    'original' => 'https://h5.wps.cn/p/b977c573.html',
  ),
  'module' => 'basic',
  'rule' => '12',
  'priority' => '0',
  'keyword' => 
  array (
    'id' => '18',
    'rid' => '12',
    'uniacid' => '5',
    'module' => 'basic',
    'content' => '电话',
    'type' => '1',
    'displayorder' => '0',
    'status' => '1',
  ),
)

2017-07-10 16:24:21 response :
------------
Array:
FromUserName : gh_14a8aa23d822 ;
ToUserName : oSt1B1LbkFRrjn5UoNi2xNT7wEHo ;
MsgType : text ;
Content : 远宇诚智慧科技诚挚为您解决智能推广平台服务：18630221022 ;

