2017-08-21 14:55:37 trace :
------------
String:
<xml><ToUserName><![CDATA[gh_14a8aa23d822]]></ToUserName>
<FromUserName><![CDATA[oSt1B1H95Eai7cYhHQHFWzl4Vn_Q]]></FromUserName>
<CreateTime>1503298537</CreateTime>
<MsgType><![CDATA[event]]></MsgType>
<Event><![CDATA[subscribe]]></Event>
<EventKey><![CDATA[]]></EventKey>
</xml>

2017-08-21 14:55:37 params :
------------
String:
array (
  'message' => 
  array (
    'tousername' => 'gh_14a8aa23d822',
    'fromusername' => 'oSt1B1H95Eai7cYhHQHFWzl4Vn_Q',
    'createtime' => '1503298537',
    'msgtype' => 'event',
    'event' => 'subscribe',
    'eventkey' => '',
    'from' => 'oSt1B1H95Eai7cYhHQHFWzl4Vn_Q',
    'to' => 'gh_14a8aa23d822',
    'time' => '1503298537',
    'type' => 'text',
    'redirection' => true,
    'source' => 'subscribe',
    'content' => '微信点餐',
  ),
  'module' => 'news',
  'rule' => '13',
  'priority' => '0',
  'keyword' => 
  array (
    'id' => '172',
    'rid' => '13',
    'uniacid' => '5',
    'module' => 'news',
    'content' => '微信点餐',
    'type' => '1',
    'displayorder' => '0',
    'status' => '1',
  ),
)

2017-08-21 14:55:37 response :
------------
Array:
FromUserName : gh_14a8aa23d822 ;
ToUserName : oSt1B1H95Eai7cYhHQHFWzl4Vn_Q ;
MsgType : news ;
ArticleCount : 5 ;
Articles : Array ;

2017-08-21 15:01:38 trace :
------------
String:
<xml><ToUserName><![CDATA[gh_14a8aa23d822]]></ToUserName>
<FromUserName><![CDATA[oSt1B1JmL6XVB2Wi7DQCZGGAF_dA]]></FromUserName>
<CreateTime>1503298898</CreateTime>
<MsgType><![CDATA[event]]></MsgType>
<Event><![CDATA[CLICK]]></Event>
<EventKey><![CDATA[环境图]]></EventKey>
</xml>

2017-08-21 15:01:38 params :
------------
String:
array (
  'message' => 
  array (
    'tousername' => 'gh_14a8aa23d822',
    'fromusername' => 'oSt1B1JmL6XVB2Wi7DQCZGGAF_dA',
    'createtime' => '1503298898',
    'msgtype' => 'event',
    'event' => 'CLICK',
    'eventkey' => '环境图',
    'from' => 'oSt1B1JmL6XVB2Wi7DQCZGGAF_dA',
    'to' => 'gh_14a8aa23d822',
    'time' => '1503298898',
    'type' => 'text',
    'content' => '环境图',
    'redirection' => true,
    'source' => 'click',
  ),
  'module' => 'news',
  'rule' => '14',
  'priority' => '0',
  'keyword' => 
  array (
    'id' => '85',
    'rid' => '14',
    'uniacid' => '5',
    'module' => 'news',
    'content' => '环境图',
    'type' => '1',
    'displayorder' => '0',
    'status' => '1',
  ),
)

2017-08-21 15:01:38 response :
------------
Array:
FromUserName : gh_14a8aa23d822 ;
ToUserName : oSt1B1JmL6XVB2Wi7DQCZGGAF_dA ;
MsgType : news ;
ArticleCount : 3 ;
Articles : Array ;

2017-08-21 16:11:29 trace :
------------
String:
<xml><ToUserName><![CDATA[gh_14a8aa23d822]]></ToUserName>
<FromUserName><![CDATA[oSt1B1ISwCugisTrG_hBU6akAk6g]]></FromUserName>
<CreateTime>1503303089</CreateTime>
<MsgType><![CDATA[event]]></MsgType>
<Event><![CDATA[unsubscribe]]></Event>
<EventKey><![CDATA[]]></EventKey>
</xml>

