2017-08-28 10:34:28 trace :
------------
String:
<xml><ToUserName><![CDATA[gh_14a8aa23d822]]></ToUserName>
<FromUserName><![CDATA[oSt1B1Gqv4rlQHvy62j6BbCp2X3s]]></FromUserName>
<CreateTime>1503887668</CreateTime>
<MsgType><![CDATA[event]]></MsgType>
<Event><![CDATA[VIEW]]></Event>
<EventKey><![CDATA[http://www.rabbitpre.com/m/6QIJfMAAD]]></EventKey>
<MenuId>511444011</MenuId>
</xml>

2017-08-28 10:34:28 params :
------------
String:
array (
  'message' => 
  array (
    'tousername' => 'gh_14a8aa23d822',
    'fromusername' => 'oSt1B1Gqv4rlQHvy62j6BbCp2X3s',
    'createtime' => '1503887668',
    'msgtype' => 'event',
    'event' => 'VIEW',
    'eventkey' => 'http://www.rabbitpre.com/m/6QIJfMAAD',
    'menuid' => '511444011',
    'from' => 'oSt1B1Gqv4rlQHvy62j6BbCp2X3s',
    'to' => 'gh_14a8aa23d822',
    'time' => '1503887668',
    'type' => 'text',
    'content' => '电话',
    'redirection' => true,
    'source' => 'default',
    'original' => 'http://www.rabbitpre.com/m/6QIJfMAAD',
  ),
  'module' => 'basic',
  'rule' => '12',
  'priority' => '0',
  'keyword' => 
  array (
    'id' => '18',
    'rid' => '12',
    'uniacid' => '5',
    'module' => 'basic',
    'content' => '电话',
    'type' => '1',
    'displayorder' => '0',
    'status' => '1',
  ),
)

2017-08-28 10:34:28 response :
------------
Array:
FromUserName : gh_14a8aa23d822 ;
ToUserName : oSt1B1Gqv4rlQHvy62j6BbCp2X3s ;
MsgType : text ;
Content : 远宇诚智慧科技诚挚为您解决智能推广平台服务：18630221022 ;

2017-08-28 10:35:15 trace :
------------
String:
<xml><ToUserName><![CDATA[gh_14a8aa23d822]]></ToUserName>
<FromUserName><![CDATA[oSt1B1Gqv4rlQHvy62j6BbCp2X3s]]></FromUserName>
<CreateTime>1503887715</CreateTime>
<MsgType><![CDATA[event]]></MsgType>
<Event><![CDATA[VIEW]]></Event>
<EventKey><![CDATA[http://ditu.amap.com/place/B0FFHFLJWT]]></EventKey>
<MenuId>511444011</MenuId>
</xml>

2017-08-28 10:35:15 params :
------------
String:
array (
  'message' => 
  array (
    'tousername' => 'gh_14a8aa23d822',
    'fromusername' => 'oSt1B1Gqv4rlQHvy62j6BbCp2X3s',
    'createtime' => '1503887715',
    'msgtype' => 'event',
    'event' => 'VIEW',
    'eventkey' => 'http://ditu.amap.com/place/B0FFHFLJWT',
    'menuid' => '511444011',
    'from' => 'oSt1B1Gqv4rlQHvy62j6BbCp2X3s',
    'to' => 'gh_14a8aa23d822',
    'time' => '1503887715',
    'type' => 'text',
    'content' => '电话',
    'redirection' => true,
    'source' => 'default',
    'original' => 'http://ditu.amap.com/place/B0FFHFLJWT',
  ),
  'module' => 'basic',
  'rule' => '12',
  'priority' => '0',
  'keyword' => 
  array (
    'id' => '18',
    'rid' => '12',
    'uniacid' => '5',
    'module' => 'basic',
    'content' => '电话',
    'type' => '1',
    'displayorder' => '0',
    'status' => '1',
  ),
)

2017-08-28 10:35:15 response :
------------
Array:
FromUserName : gh_14a8aa23d822 ;
ToUserName : oSt1B1Gqv4rlQHvy62j6BbCp2X3s ;
MsgType : text ;
Content : 远宇诚智慧科技诚挚为您解决智能推广平台服务：18630221022 ;

2017-08-28 10:35:32 trace :
------------
String:
<xml><ToUserName><![CDATA[gh_14a8aa23d822]]></ToUserName>
<FromUserName><![CDATA[oSt1B1Gqv4rlQHvy62j6BbCp2X3s]]></FromUserName>
<CreateTime>1503887731</CreateTime>
<MsgType><![CDATA[event]]></MsgType>
<Event><![CDATA[CLICK]]></Event>
<EventKey><![CDATA[环境图]]></EventKey>
</xml>

2017-08-28 10:35:32 params :
------------
String:
array (
  'message' => 
  array (
    'tousername' => 'gh_14a8aa23d822',
    'fromusername' => 'oSt1B1Gqv4rlQHvy62j6BbCp2X3s',
    'createtime' => '1503887731',
    'msgtype' => 'event',
    'event' => 'CLICK',
    'eventkey' => '环境图',
    'from' => 'oSt1B1Gqv4rlQHvy62j6BbCp2X3s',
    'to' => 'gh_14a8aa23d822',
    'time' => '1503887731',
    'type' => 'text',
    'content' => '环境图',
    'redirection' => true,
    'source' => 'click',
  ),
  'module' => 'news',
  'rule' => '14',
  'priority' => '0',
  'keyword' => 
  array (
    'id' => '85',
    'rid' => '14',
    'uniacid' => '5',
    'module' => 'news',
    'content' => '环境图',
    'type' => '1',
    'displayorder' => '0',
    'status' => '1',
  ),
)

2017-08-28 10:35:32 response :
------------
Array:
FromUserName : gh_14a8aa23d822 ;
ToUserName : oSt1B1Gqv4rlQHvy62j6BbCp2X3s ;
MsgType : news ;
ArticleCount : 3 ;
Articles : Array ;

2017-08-28 10:35:56 trace :
------------
String:
<xml><ToUserName><![CDATA[gh_14a8aa23d822]]></ToUserName>
<FromUserName><![CDATA[oSt1B1Gqv4rlQHvy62j6BbCp2X3s]]></FromUserName>
<CreateTime>1503887756</CreateTime>
<MsgType><![CDATA[event]]></MsgType>
<Event><![CDATA[VIEW]]></Event>
<EventKey><![CDATA[http://weixin.zhuoyueguanli.com/app/index.php?i=5&c=entry&m=weisrc_dish&do=waprestList]]></EventKey>
<MenuId>511444011</MenuId>
</xml>

2017-08-28 10:35:56 params :
------------
String:
array (
  'message' => 
  array (
    'tousername' => 'gh_14a8aa23d822',
    'fromusername' => 'oSt1B1Gqv4rlQHvy62j6BbCp2X3s',
    'createtime' => '1503887756',
    'msgtype' => 'event',
    'event' => 'VIEW',
    'eventkey' => 'http://weixin.zhuoyueguanli.com/app/index.php?i=5&c=entry&m=weisrc_dish&do=waprestList',
    'menuid' => '511444011',
    'from' => 'oSt1B1Gqv4rlQHvy62j6BbCp2X3s',
    'to' => 'gh_14a8aa23d822',
    'time' => '1503887756',
    'type' => 'text',
    'content' => '电话',
    'redirection' => true,
    'source' => 'default',
    'original' => 'http://weixin.zhuoyueguanli.com/app/index.php?i=5&c=entry&m=weisrc_dish&do=waprestList',
  ),
  'module' => 'basic',
  'rule' => '12',
  'priority' => '0',
  'keyword' => 
  array (
    'id' => '18',
    'rid' => '12',
    'uniacid' => '5',
    'module' => 'basic',
    'content' => '电话',
    'type' => '1',
    'displayorder' => '0',
    'status' => '1',
  ),
)

2017-08-28 10:35:56 response :
------------
Array:
FromUserName : gh_14a8aa23d822 ;
ToUserName : oSt1B1Gqv4rlQHvy62j6BbCp2X3s ;
MsgType : text ;
Content : 远宇诚智慧科技诚挚为您解决智能推广平台服务：18630221022 ;

2017-08-28 10:50:59 trace :
------------
String:
<xml><ToUserName><![CDATA[gh_14a8aa23d822]]></ToUserName>
<FromUserName><![CDATA[oSt1B1JmL6XVB2Wi7DQCZGGAF_dA]]></FromUserName>
<CreateTime>1503888659</CreateTime>
<MsgType><![CDATA[event]]></MsgType>
<Event><![CDATA[VIEW]]></Event>
<EventKey><![CDATA[http://weixin.zhuoyueguanli.com/app/index.php?i=5&c=entry&m=weisrc_dish&do=waprestList]]></EventKey>
<MenuId>511444011</MenuId>
</xml>

2017-08-28 10:50:59 params :
------------
String:
array (
  'message' => 
  array (
    'tousername' => 'gh_14a8aa23d822',
    'fromusername' => 'oSt1B1JmL6XVB2Wi7DQCZGGAF_dA',
    'createtime' => '1503888659',
    'msgtype' => 'event',
    'event' => 'VIEW',
    'eventkey' => 'http://weixin.zhuoyueguanli.com/app/index.php?i=5&c=entry&m=weisrc_dish&do=waprestList',
    'menuid' => '511444011',
    'from' => 'oSt1B1JmL6XVB2Wi7DQCZGGAF_dA',
    'to' => 'gh_14a8aa23d822',
    'time' => '1503888659',
    'type' => 'text',
    'content' => '电话',
    'redirection' => true,
    'source' => 'default',
    'original' => 'http://weixin.zhuoyueguanli.com/app/index.php?i=5&c=entry&m=weisrc_dish&do=waprestList',
  ),
  'module' => 'basic',
  'rule' => '12',
  'priority' => '0',
  'keyword' => 
  array (
    'id' => '18',
    'rid' => '12',
    'uniacid' => '5',
    'module' => 'basic',
    'content' => '电话',
    'type' => '1',
    'displayorder' => '0',
    'status' => '1',
  ),
)

2017-08-28 10:50:59 response :
------------
Array:
FromUserName : gh_14a8aa23d822 ;
ToUserName : oSt1B1JmL6XVB2Wi7DQCZGGAF_dA ;
MsgType : text ;
Content : 远宇诚智慧科技诚挚为您解决智能推广平台服务：18630221022 ;

2017-08-28 10:52:10 trace :
------------
String:
<xml><ToUserName><![CDATA[gh_14a8aa23d822]]></ToUserName>
<FromUserName><![CDATA[oSt1B1JmL6XVB2Wi7DQCZGGAF_dA]]></FromUserName>
<CreateTime>1503888730</CreateTime>
<MsgType><![CDATA[event]]></MsgType>
<Event><![CDATA[CLICK]]></Event>
<EventKey><![CDATA[环境图]]></EventKey>
</xml>

2017-08-28 10:52:10 params :
------------
String:
array (
  'message' => 
  array (
    'tousername' => 'gh_14a8aa23d822',
    'fromusername' => 'oSt1B1JmL6XVB2Wi7DQCZGGAF_dA',
    'createtime' => '1503888730',
    'msgtype' => 'event',
    'event' => 'CLICK',
    'eventkey' => '环境图',
    'from' => 'oSt1B1JmL6XVB2Wi7DQCZGGAF_dA',
    'to' => 'gh_14a8aa23d822',
    'time' => '1503888730',
    'type' => 'text',
    'content' => '环境图',
    'redirection' => true,
    'source' => 'click',
  ),
  'module' => 'news',
  'rule' => '14',
  'priority' => '0',
  'keyword' => 
  array (
    'id' => '85',
    'rid' => '14',
    'uniacid' => '5',
    'module' => 'news',
    'content' => '环境图',
    'type' => '1',
    'displayorder' => '0',
    'status' => '1',
  ),
)

2017-08-28 10:52:10 response :
------------
Array:
FromUserName : gh_14a8aa23d822 ;
ToUserName : oSt1B1JmL6XVB2Wi7DQCZGGAF_dA ;
MsgType : news ;
ArticleCount : 3 ;
Articles : Array ;

2017-08-28 10:52:24 trace :
------------
String:
<xml><ToUserName><![CDATA[gh_14a8aa23d822]]></ToUserName>
<FromUserName><![CDATA[oSt1B1JmL6XVB2Wi7DQCZGGAF_dA]]></FromUserName>
<CreateTime>1503888744</CreateTime>
<MsgType><![CDATA[event]]></MsgType>
<Event><![CDATA[CLICK]]></Event>
<EventKey><![CDATA[会员卡]]></EventKey>
</xml>

2017-08-28 10:52:24 params :
------------
String:
array (
  'message' => 
  array (
    'tousername' => 'gh_14a8aa23d822',
    'fromusername' => 'oSt1B1JmL6XVB2Wi7DQCZGGAF_dA',
    'createtime' => '1503888744',
    'msgtype' => 'event',
    'event' => 'CLICK',
    'eventkey' => '会员卡',
    'from' => 'oSt1B1JmL6XVB2Wi7DQCZGGAF_dA',
    'to' => 'gh_14a8aa23d822',
    'time' => '1503888744',
    'type' => 'text',
    'content' => '会员卡',
    'redirection' => true,
    'source' => 'click',
  ),
  'module' => 'news',
  'rule' => '17',
  'priority' => '0',
  'keyword' => 
  array (
    'id' => '80',
    'rid' => '17',
    'uniacid' => '5',
    'module' => 'news',
    'content' => '会员卡',
    'type' => '1',
    'displayorder' => '0',
    'status' => '1',
  ),
)

2017-08-28 10:52:24 response :
------------
Array:
FromUserName : gh_14a8aa23d822 ;
ToUserName : oSt1B1JmL6XVB2Wi7DQCZGGAF_dA ;
MsgType : news ;
ArticleCount : 1 ;
Articles : Array ;

