2017-05-25 14:03:31 trace :
------------
String:
<xml><ToUserName><![CDATA[gh_b4eec4da8d8f]]></ToUserName>
<FromUserName><![CDATA[oxbRev2kYCh3mXM7ZuK07_zCWKE8]]></FromUserName>
<CreateTime>1495692211</CreateTime>
<MsgType><![CDATA[event]]></MsgType>
<Event><![CDATA[unsubscribe]]></Event>
<EventKey><![CDATA[]]></EventKey>
</xml>

2017-05-25 16:03:05 trace :
------------
String:
<xml><ToUserName><![CDATA[gh_64193e389546]]></ToUserName>
<FromUserName><![CDATA[oG-qK06vubvbC4tRdY_xi2l9I2RI]]></FromUserName>
<CreateTime>1495699385</CreateTime>
<MsgType><![CDATA[event]]></MsgType>
<Event><![CDATA[subscribe]]></Event>
<EventKey><![CDATA[]]></EventKey>
</xml>

2017-05-25 16:03:05 params :
------------
String:
array (
  'rule' => -2,
  'module' => '',
  'message' => 
  array (
    'tousername' => 'gh_64193e389546',
    'fromusername' => 'oG-qK06vubvbC4tRdY_xi2l9I2RI',
    'createtime' => '1495699385',
    'msgtype' => 'event',
    'event' => 'subscribe',
    'eventkey' => '',
    'from' => 'oG-qK06vubvbC4tRdY_xi2l9I2RI',
    'to' => 'gh_64193e389546',
    'time' => '1495699385',
    'type' => 'text',
    'redirection' => true,
    'source' => 'subscribe',
  ),
)

2017-05-25 16:03:05 response :
------------

2017-05-25 16:04:35 trace :
------------
String:
<xml><ToUserName><![CDATA[gh_64193e389546]]></ToUserName>
<FromUserName><![CDATA[oG-qK06vubvbC4tRdY_xi2l9I2RI]]></FromUserName>
<CreateTime>1495699475</CreateTime>
<MsgType><![CDATA[event]]></MsgType>
<Event><![CDATA[unsubscribe]]></Event>
<EventKey><![CDATA[]]></EventKey>
</xml>

2017-05-25 16:04:45 trace :
------------
String:
<xml><ToUserName><![CDATA[gh_64193e389546]]></ToUserName>
<FromUserName><![CDATA[oG-qK06vubvbC4tRdY_xi2l9I2RI]]></FromUserName>
<CreateTime>1495699485</CreateTime>
<MsgType><![CDATA[event]]></MsgType>
<Event><![CDATA[subscribe]]></Event>
<EventKey><![CDATA[]]></EventKey>
</xml>

2017-05-25 16:04:45 params :
------------
String:
array (
  'rule' => -2,
  'module' => '',
  'message' => 
  array (
    'tousername' => 'gh_64193e389546',
    'fromusername' => 'oG-qK06vubvbC4tRdY_xi2l9I2RI',
    'createtime' => '1495699485',
    'msgtype' => 'event',
    'event' => 'subscribe',
    'eventkey' => '',
    'from' => 'oG-qK06vubvbC4tRdY_xi2l9I2RI',
    'to' => 'gh_64193e389546',
    'time' => '1495699485',
    'type' => 'text',
    'redirection' => true,
    'source' => 'subscribe',
  ),
)

2017-05-25 16:04:45 response :
------------

2017-05-25 16:09:48 trace :
------------
String:
<xml><ToUserName><![CDATA[gh_64193e389546]]></ToUserName>
<FromUserName><![CDATA[oG-qK03tq1G1vEOIDt3u8Ct5oc18]]></FromUserName>
<CreateTime>1495699788</CreateTime>
<MsgType><![CDATA[event]]></MsgType>
<Event><![CDATA[subscribe]]></Event>
<EventKey><![CDATA[]]></EventKey>
</xml>

2017-05-25 16:09:48 params :
------------
String:
array (
  'rule' => -2,
  'module' => '',
  'message' => 
  array (
    'tousername' => 'gh_64193e389546',
    'fromusername' => 'oG-qK03tq1G1vEOIDt3u8Ct5oc18',
    'createtime' => '1495699788',
    'msgtype' => 'event',
    'event' => 'subscribe',
    'eventkey' => '',
    'from' => 'oG-qK03tq1G1vEOIDt3u8Ct5oc18',
    'to' => 'gh_64193e389546',
    'time' => '1495699788',
    'type' => 'text',
    'redirection' => true,
    'source' => 'subscribe',
  ),
)

2017-05-25 16:09:48 response :
------------

2017-05-25 16:09:50 trace :
------------
String:
<xml><ToUserName><![CDATA[gh_64193e389546]]></ToUserName>
<FromUserName><![CDATA[oG-qK03tq1G1vEOIDt3u8Ct5oc18]]></FromUserName>
<CreateTime>1495699790</CreateTime>
<MsgType><![CDATA[event]]></MsgType>
<Event><![CDATA[VIEW]]></Event>
<EventKey><![CDATA[http://weixin.zhuoyueguanli.com/app/index.php?i=2&c=entry&m=weisrc_dish&do=waprestList]]></EventKey>
<MenuId>472113457</MenuId>
</xml>

2017-05-25 16:09:50 params :
------------
String:
array (
  'rule' => -2,
  'module' => '',
  'message' => 
  array (
    'tousername' => 'gh_64193e389546',
    'fromusername' => 'oG-qK03tq1G1vEOIDt3u8Ct5oc18',
    'createtime' => '1495699790',
    'msgtype' => 'event',
    'event' => 'VIEW',
    'eventkey' => 'http://weixin.zhuoyueguanli.com/app/index.php?i=2&c=entry&m=weisrc_dish&do=waprestList',
    'menuid' => '472113457',
    'from' => 'oG-qK03tq1G1vEOIDt3u8Ct5oc18',
    'to' => 'gh_64193e389546',
    'time' => '1495699790',
    'type' => 'text',
    'content' => 'http://weixin.zhuoyueguanli.com/app/index.php?i=2&c=entry&m=weisrc_dish&do=waprestList',
    'redirection' => true,
    'source' => 'VIEW',
  ),
)

2017-05-25 16:09:50 response :
------------

2017-05-25 18:49:41 trace :
------------
String:
<xml><ToUserName><![CDATA[gh_64193e389546]]></ToUserName>
<FromUserName><![CDATA[oG-qK06vubvbC4tRdY_xi2l9I2RI]]></FromUserName>
<CreateTime>1495709381</CreateTime>
<MsgType><![CDATA[event]]></MsgType>
<Event><![CDATA[VIEW]]></Event>
<EventKey><![CDATA[http://weixin.zhuoyueguanli.com/app/index.php?i=2&c=entry&m=weisrc_dish&do=waprestList]]></EventKey>
<MenuId>472113457</MenuId>
</xml>

2017-05-25 18:49:41 params :
------------
String:
array (
  'rule' => -2,
  'module' => '',
  'message' => 
  array (
    'tousername' => 'gh_64193e389546',
    'fromusername' => 'oG-qK06vubvbC4tRdY_xi2l9I2RI',
    'createtime' => '1495709381',
    'msgtype' => 'event',
    'event' => 'VIEW',
    'eventkey' => 'http://weixin.zhuoyueguanli.com/app/index.php?i=2&c=entry&m=weisrc_dish&do=waprestList',
    'menuid' => '472113457',
    'from' => 'oG-qK06vubvbC4tRdY_xi2l9I2RI',
    'to' => 'gh_64193e389546',
    'time' => '1495709381',
    'type' => 'text',
    'content' => 'http://weixin.zhuoyueguanli.com/app/index.php?i=2&c=entry&m=weisrc_dish&do=waprestList',
    'redirection' => true,
    'source' => 'VIEW',
  ),
)

2017-05-25 18:49:41 response :
------------

2017-05-25 18:49:59 trace :
------------
String:
<xml><ToUserName><![CDATA[gh_64193e389546]]></ToUserName>
<FromUserName><![CDATA[oG-qK06vubvbC4tRdY_xi2l9I2RI]]></FromUserName>
<CreateTime>1495709399</CreateTime>
<MsgType><![CDATA[text]]></MsgType>
<Content><![CDATA[http://weixin.zhuoyueguanli.com/app/index.php?i=2&c=entry&do=usercenter&m=weisrc_dish]]></Content>
<MsgId>6424022953496931190</MsgId>
</xml>

2017-05-25 18:49:59 params :
------------
String:
array (
  'rule' => -2,
  'module' => '',
  'message' => 
  array (
    'tousername' => 'gh_64193e389546',
    'fromusername' => 'oG-qK06vubvbC4tRdY_xi2l9I2RI',
    'createtime' => '1495709399',
    'msgtype' => 'text',
    'content' => 'http://weixin.zhuoyueguanli.com/app/index.php?i=2&c=entry&do=usercenter&m=weisrc_dish',
    'msgid' => '6424022953496931190',
    'from' => 'oG-qK06vubvbC4tRdY_xi2l9I2RI',
    'to' => 'gh_64193e389546',
    'time' => '1495709399',
    'type' => 'text',
    'event' => NULL,
    'redirection' => false,
    'source' => NULL,
  ),
)

2017-05-25 18:49:59 response :
------------

2017-05-25 18:55:00 trace :
------------
String:
<xml><ToUserName><![CDATA[gh_64193e389546]]></ToUserName>
<FromUserName><![CDATA[oG-qK06vubvbC4tRdY_xi2l9I2RI]]></FromUserName>
<CreateTime>1495709700</CreateTime>
<MsgType><![CDATA[event]]></MsgType>
<Event><![CDATA[unsubscribe]]></Event>
<EventKey><![CDATA[]]></EventKey>
</xml>

2017-05-25 18:55:03 trace :
------------
String:
<xml><ToUserName><![CDATA[gh_64193e389546]]></ToUserName>
<FromUserName><![CDATA[oG-qK06vubvbC4tRdY_xi2l9I2RI]]></FromUserName>
<CreateTime>1495709703</CreateTime>
<MsgType><![CDATA[event]]></MsgType>
<Event><![CDATA[subscribe]]></Event>
<EventKey><![CDATA[]]></EventKey>
</xml>

2017-05-25 18:55:03 params :
------------
String:
array (
  'rule' => -2,
  'module' => '',
  'message' => 
  array (
    'tousername' => 'gh_64193e389546',
    'fromusername' => 'oG-qK06vubvbC4tRdY_xi2l9I2RI',
    'createtime' => '1495709703',
    'msgtype' => 'event',
    'event' => 'subscribe',
    'eventkey' => '',
    'from' => 'oG-qK06vubvbC4tRdY_xi2l9I2RI',
    'to' => 'gh_64193e389546',
    'time' => '1495709703',
    'type' => 'text',
    'redirection' => true,
    'source' => 'subscribe',
  ),
)

2017-05-25 18:55:03 response :
------------

2017-05-25 18:55:05 trace :
------------
String:
<xml><ToUserName><![CDATA[gh_64193e389546]]></ToUserName>
<FromUserName><![CDATA[oG-qK06vubvbC4tRdY_xi2l9I2RI]]></FromUserName>
<CreateTime>1495709705</CreateTime>
<MsgType><![CDATA[event]]></MsgType>
<Event><![CDATA[VIEW]]></Event>
<EventKey><![CDATA[http://weixin.zhuoyueguanli.com/app/index.php?i=2&c=entry&m=weisrc_dish&do=usercenter]]></EventKey>
<MenuId>472116135</MenuId>
</xml>

2017-05-25 18:55:05 params :
------------
String:
array (
  'rule' => -2,
  'module' => '',
  'message' => 
  array (
    'tousername' => 'gh_64193e389546',
    'fromusername' => 'oG-qK06vubvbC4tRdY_xi2l9I2RI',
    'createtime' => '1495709705',
    'msgtype' => 'event',
    'event' => 'VIEW',
    'eventkey' => 'http://weixin.zhuoyueguanli.com/app/index.php?i=2&c=entry&m=weisrc_dish&do=usercenter',
    'menuid' => '472116135',
    'from' => 'oG-qK06vubvbC4tRdY_xi2l9I2RI',
    'to' => 'gh_64193e389546',
    'time' => '1495709705',
    'type' => 'text',
    'content' => 'http://weixin.zhuoyueguanli.com/app/index.php?i=2&c=entry&m=weisrc_dish&do=usercenter',
    'redirection' => true,
    'source' => 'VIEW',
  ),
)

2017-05-25 18:55:05 response :
------------

2017-05-25 18:55:07 trace :
------------
String:
<xml><ToUserName><![CDATA[gh_64193e389546]]></ToUserName>
<FromUserName><![CDATA[oG-qK06vubvbC4tRdY_xi2l9I2RI]]></FromUserName>
<CreateTime>1495709707</CreateTime>
<MsgType><![CDATA[event]]></MsgType>
<Event><![CDATA[VIEW]]></Event>
<EventKey><![CDATA[http://weixin.zhuoyueguanli.com/app/index.php?i=2&c=entry&m=weisrc_dish&do=order]]></EventKey>
<MenuId>472116135</MenuId>
</xml>

2017-05-25 18:55:07 params :
------------
String:
array (
  'rule' => -2,
  'module' => '',
  'message' => 
  array (
    'tousername' => 'gh_64193e389546',
    'fromusername' => 'oG-qK06vubvbC4tRdY_xi2l9I2RI',
    'createtime' => '1495709707',
    'msgtype' => 'event',
    'event' => 'VIEW',
    'eventkey' => 'http://weixin.zhuoyueguanli.com/app/index.php?i=2&c=entry&m=weisrc_dish&do=order',
    'menuid' => '472116135',
    'from' => 'oG-qK06vubvbC4tRdY_xi2l9I2RI',
    'to' => 'gh_64193e389546',
    'time' => '1495709707',
    'type' => 'text',
    'content' => 'http://weixin.zhuoyueguanli.com/app/index.php?i=2&c=entry&m=weisrc_dish&do=order',
    'redirection' => true,
    'source' => 'VIEW',
  ),
)

2017-05-25 18:55:07 response :
------------

2017-05-25 18:55:09 trace :
------------
String:
<xml><ToUserName><![CDATA[gh_64193e389546]]></ToUserName>
<FromUserName><![CDATA[oG-qK06vubvbC4tRdY_xi2l9I2RI]]></FromUserName>
<CreateTime>1495709709</CreateTime>
<MsgType><![CDATA[event]]></MsgType>
<Event><![CDATA[VIEW]]></Event>
<EventKey><![CDATA[http://weixin.zhuoyueguanli.com/app/index.php?i=2&c=entry&m=weisrc_dish&do=waprestList]]></EventKey>
<MenuId>472116135</MenuId>
</xml>

2017-05-25 18:55:09 params :
------------
String:
array (
  'rule' => -2,
  'module' => '',
  'message' => 
  array (
    'tousername' => 'gh_64193e389546',
    'fromusername' => 'oG-qK06vubvbC4tRdY_xi2l9I2RI',
    'createtime' => '1495709709',
    'msgtype' => 'event',
    'event' => 'VIEW',
    'eventkey' => 'http://weixin.zhuoyueguanli.com/app/index.php?i=2&c=entry&m=weisrc_dish&do=waprestList',
    'menuid' => '472116135',
    'from' => 'oG-qK06vubvbC4tRdY_xi2l9I2RI',
    'to' => 'gh_64193e389546',
    'time' => '1495709709',
    'type' => 'text',
    'content' => 'http://weixin.zhuoyueguanli.com/app/index.php?i=2&c=entry&m=weisrc_dish&do=waprestList',
    'redirection' => true,
    'source' => 'VIEW',
  ),
)

2017-05-25 18:55:09 response :
------------

2017-05-25 18:56:27 trace :
------------
String:
<xml><ToUserName><![CDATA[gh_64193e389546]]></ToUserName>
<FromUserName><![CDATA[oG-qK06vubvbC4tRdY_xi2l9I2RI]]></FromUserName>
<CreateTime>1495709787</CreateTime>
<MsgType><![CDATA[event]]></MsgType>
<Event><![CDATA[VIEW]]></Event>
<EventKey><![CDATA[http://weixin.zhuoyueguanli.com/app/index.php?i=2&c=entry&m=weisrc_dish&do=usercenter]]></EventKey>
<MenuId>472116135</MenuId>
</xml>

2017-05-25 18:56:27 params :
------------
String:
array (
  'rule' => -2,
  'module' => '',
  'message' => 
  array (
    'tousername' => 'gh_64193e389546',
    'fromusername' => 'oG-qK06vubvbC4tRdY_xi2l9I2RI',
    'createtime' => '1495709787',
    'msgtype' => 'event',
    'event' => 'VIEW',
    'eventkey' => 'http://weixin.zhuoyueguanli.com/app/index.php?i=2&c=entry&m=weisrc_dish&do=usercenter',
    'menuid' => '472116135',
    'from' => 'oG-qK06vubvbC4tRdY_xi2l9I2RI',
    'to' => 'gh_64193e389546',
    'time' => '1495709787',
    'type' => 'text',
    'content' => 'http://weixin.zhuoyueguanli.com/app/index.php?i=2&c=entry&m=weisrc_dish&do=usercenter',
    'redirection' => true,
    'source' => 'VIEW',
  ),
)

2017-05-25 18:56:27 response :
------------

2017-05-25 19:09:45 trace :
------------
String:
<xml><ToUserName><![CDATA[gh_64193e389546]]></ToUserName>
<FromUserName><![CDATA[oG-qK03tq1G1vEOIDt3u8Ct5oc18]]></FromUserName>
<CreateTime>1495710585</CreateTime>
<MsgType><![CDATA[event]]></MsgType>
<Event><![CDATA[VIEW]]></Event>
<EventKey><![CDATA[http://weixin.zhuoyueguanli.com/app/index.php?i=2&c=entry&m=weisrc_dish&do=waprestList]]></EventKey>
<MenuId>472116135</MenuId>
</xml>

2017-05-25 19:09:45 params :
------------
String:
array (
  'rule' => -2,
  'module' => '',
  'message' => 
  array (
    'tousername' => 'gh_64193e389546',
    'fromusername' => 'oG-qK03tq1G1vEOIDt3u8Ct5oc18',
    'createtime' => '1495710585',
    'msgtype' => 'event',
    'event' => 'VIEW',
    'eventkey' => 'http://weixin.zhuoyueguanli.com/app/index.php?i=2&c=entry&m=weisrc_dish&do=waprestList',
    'menuid' => '472116135',
    'from' => 'oG-qK03tq1G1vEOIDt3u8Ct5oc18',
    'to' => 'gh_64193e389546',
    'time' => '1495710585',
    'type' => 'text',
    'content' => 'http://weixin.zhuoyueguanli.com/app/index.php?i=2&c=entry&m=weisrc_dish&do=waprestList',
    'redirection' => true,
    'source' => 'VIEW',
  ),
)

2017-05-25 19:09:45 response :
------------

2017-05-25 19:09:51 trace :
------------
String:
<xml><ToUserName><![CDATA[gh_64193e389546]]></ToUserName>
<FromUserName><![CDATA[oG-qK03tq1G1vEOIDt3u8Ct5oc18]]></FromUserName>
<CreateTime>1495710591</CreateTime>
<MsgType><![CDATA[event]]></MsgType>
<Event><![CDATA[VIEW]]></Event>
<EventKey><![CDATA[http://weixin.zhuoyueguanli.com/app/index.php?i=2&c=entry&m=weisrc_dish&do=order]]></EventKey>
<MenuId>472116135</MenuId>
</xml>

2017-05-25 19:09:51 params :
------------
String:
array (
  'rule' => -2,
  'module' => '',
  'message' => 
  array (
    'tousername' => 'gh_64193e389546',
    'fromusername' => 'oG-qK03tq1G1vEOIDt3u8Ct5oc18',
    'createtime' => '1495710591',
    'msgtype' => 'event',
    'event' => 'VIEW',
    'eventkey' => 'http://weixin.zhuoyueguanli.com/app/index.php?i=2&c=entry&m=weisrc_dish&do=order',
    'menuid' => '472116135',
    'from' => 'oG-qK03tq1G1vEOIDt3u8Ct5oc18',
    'to' => 'gh_64193e389546',
    'time' => '1495710591',
    'type' => 'text',
    'content' => 'http://weixin.zhuoyueguanli.com/app/index.php?i=2&c=entry&m=weisrc_dish&do=order',
    'redirection' => true,
    'source' => 'VIEW',
  ),
)

2017-05-25 19:09:51 response :
------------

2017-05-25 19:09:57 trace :
------------
String:
<xml><ToUserName><![CDATA[gh_64193e389546]]></ToUserName>
<FromUserName><![CDATA[oG-qK03tq1G1vEOIDt3u8Ct5oc18]]></FromUserName>
<CreateTime>1495710597</CreateTime>
<MsgType><![CDATA[event]]></MsgType>
<Event><![CDATA[VIEW]]></Event>
<EventKey><![CDATA[http://weixin.zhuoyueguanli.com/app/index.php?i=2&c=entry&m=weisrc_dish&do=usercenter]]></EventKey>
<MenuId>472116135</MenuId>
</xml>

2017-05-25 19:09:57 params :
------------
String:
array (
  'rule' => -2,
  'module' => '',
  'message' => 
  array (
    'tousername' => 'gh_64193e389546',
    'fromusername' => 'oG-qK03tq1G1vEOIDt3u8Ct5oc18',
    'createtime' => '1495710597',
    'msgtype' => 'event',
    'event' => 'VIEW',
    'eventkey' => 'http://weixin.zhuoyueguanli.com/app/index.php?i=2&c=entry&m=weisrc_dish&do=usercenter',
    'menuid' => '472116135',
    'from' => 'oG-qK03tq1G1vEOIDt3u8Ct5oc18',
    'to' => 'gh_64193e389546',
    'time' => '1495710597',
    'type' => 'text',
    'content' => 'http://weixin.zhuoyueguanli.com/app/index.php?i=2&c=entry&m=weisrc_dish&do=usercenter',
    'redirection' => true,
    'source' => 'VIEW',
  ),
)

2017-05-25 19:09:57 response :
------------

2017-05-25 19:55:32 trace :
------------
String:
<xml><ToUserName><![CDATA[gh_64193e389546]]></ToUserName>
<FromUserName><![CDATA[oG-qK06vubvbC4tRdY_xi2l9I2RI]]></FromUserName>
<CreateTime>1495713332</CreateTime>
<MsgType><![CDATA[event]]></MsgType>
<Event><![CDATA[VIEW]]></Event>
<EventKey><![CDATA[http://weixin.zhuoyueguanli.com/app/index.php?i=2&c=entry&m=weisrc_dish&do=order]]></EventKey>
<MenuId>472116135</MenuId>
</xml>

2017-05-25 19:55:32 params :
------------
String:
array (
  'rule' => -2,
  'module' => '',
  'message' => 
  array (
    'tousername' => 'gh_64193e389546',
    'fromusername' => 'oG-qK06vubvbC4tRdY_xi2l9I2RI',
    'createtime' => '1495713332',
    'msgtype' => 'event',
    'event' => 'VIEW',
    'eventkey' => 'http://weixin.zhuoyueguanli.com/app/index.php?i=2&c=entry&m=weisrc_dish&do=order',
    'menuid' => '472116135',
    'from' => 'oG-qK06vubvbC4tRdY_xi2l9I2RI',
    'to' => 'gh_64193e389546',
    'time' => '1495713332',
    'type' => 'text',
    'content' => 'http://weixin.zhuoyueguanli.com/app/index.php?i=2&c=entry&m=weisrc_dish&do=order',
    'redirection' => true,
    'source' => 'VIEW',
  ),
)

2017-05-25 19:55:32 response :
------------

2017-05-25 20:22:52 trace :
------------
String:
<xml><ToUserName><![CDATA[gh_64193e389546]]></ToUserName>
<FromUserName><![CDATA[oG-qK06vubvbC4tRdY_xi2l9I2RI]]></FromUserName>
<CreateTime>1495714972</CreateTime>
<MsgType><![CDATA[event]]></MsgType>
<Event><![CDATA[VIEW]]></Event>
<EventKey><![CDATA[http://weixin.zhuoyueguanli.com/app/index.php?i=2&c=entry&m=weisrc_dish&do=usercenter]]></EventKey>
<MenuId>472116135</MenuId>
</xml>

2017-05-25 20:22:52 params :
------------
String:
array (
  'rule' => -2,
  'module' => '',
  'message' => 
  array (
    'tousername' => 'gh_64193e389546',
    'fromusername' => 'oG-qK06vubvbC4tRdY_xi2l9I2RI',
    'createtime' => '1495714972',
    'msgtype' => 'event',
    'event' => 'VIEW',
    'eventkey' => 'http://weixin.zhuoyueguanli.com/app/index.php?i=2&c=entry&m=weisrc_dish&do=usercenter',
    'menuid' => '472116135',
    'from' => 'oG-qK06vubvbC4tRdY_xi2l9I2RI',
    'to' => 'gh_64193e389546',
    'time' => '1495714972',
    'type' => 'text',
    'content' => 'http://weixin.zhuoyueguanli.com/app/index.php?i=2&c=entry&m=weisrc_dish&do=usercenter',
    'redirection' => true,
    'source' => 'VIEW',
  ),
)

2017-05-25 20:22:52 response :
------------

2017-05-25 20:28:29 trace :
------------
String:
<xml><ToUserName><![CDATA[gh_64193e389546]]></ToUserName>
<FromUserName><![CDATA[oG-qK06vubvbC4tRdY_xi2l9I2RI]]></FromUserName>
<CreateTime>1495715309</CreateTime>
<MsgType><![CDATA[event]]></MsgType>
<Event><![CDATA[VIEW]]></Event>
<EventKey><![CDATA[http://weixin.zhuoyueguanli.com/app/index.php?i=2&c=entry&m=weisrc_dish&do=usercenter]]></EventKey>
<MenuId>472116135</MenuId>
</xml>

2017-05-25 20:28:29 params :
------------
String:
array (
  'rule' => -2,
  'module' => '',
  'message' => 
  array (
    'tousername' => 'gh_64193e389546',
    'fromusername' => 'oG-qK06vubvbC4tRdY_xi2l9I2RI',
    'createtime' => '1495715309',
    'msgtype' => 'event',
    'event' => 'VIEW',
    'eventkey' => 'http://weixin.zhuoyueguanli.com/app/index.php?i=2&c=entry&m=weisrc_dish&do=usercenter',
    'menuid' => '472116135',
    'from' => 'oG-qK06vubvbC4tRdY_xi2l9I2RI',
    'to' => 'gh_64193e389546',
    'time' => '1495715309',
    'type' => 'text',
    'content' => 'http://weixin.zhuoyueguanli.com/app/index.php?i=2&c=entry&m=weisrc_dish&do=usercenter',
    'redirection' => true,
    'source' => 'VIEW',
  ),
)

2017-05-25 20:28:29 response :
------------

