2017-08-09 11:11:14 trace :
------------
String:
<xml><ToUserName><![CDATA[gh_14a8aa23d822]]></ToUserName>
<FromUserName><![CDATA[oSt1B1GEjwVdJasQZ4i5_6smbXy4]]></FromUserName>
<CreateTime>1502248274</CreateTime>
<MsgType><![CDATA[event]]></MsgType>
<Event><![CDATA[subscribe]]></Event>
<EventKey><![CDATA[]]></EventKey>
</xml>

2017-08-09 11:11:14 params :
------------
String:
array (
  'message' => 
  array (
    'tousername' => 'gh_14a8aa23d822',
    'fromusername' => 'oSt1B1GEjwVdJasQZ4i5_6smbXy4',
    'createtime' => '1502248274',
    'msgtype' => 'event',
    'event' => 'subscribe',
    'eventkey' => '',
    'from' => 'oSt1B1GEjwVdJasQZ4i5_6smbXy4',
    'to' => 'gh_14a8aa23d822',
    'time' => '1502248274',
    'type' => 'text',
    'redirection' => true,
    'source' => 'default',
    'content' => '电话',
    'original' => '麻辣米线',
  ),
  'module' => 'basic',
  'rule' => '12',
  'priority' => '0',
  'keyword' => 
  array (
    'id' => '18',
    'rid' => '12',
    'uniacid' => '5',
    'module' => 'basic',
    'content' => '电话',
    'type' => '1',
    'displayorder' => '0',
    'status' => '1',
  ),
)

2017-08-09 11:11:14 response :
------------
Array:
FromUserName : gh_14a8aa23d822 ;
ToUserName : oSt1B1GEjwVdJasQZ4i5_6smbXy4 ;
MsgType : text ;
Content : 远宇诚智慧科技诚挚为您解决智能推广平台服务：18630221022 ;

2017-08-09 14:36:55 trace :
------------
String:
<xml><ToUserName><![CDATA[gh_14a8aa23d822]]></ToUserName>
<FromUserName><![CDATA[oSt1B1DyyPSmM79CxGfpZ6OhdFDo]]></FromUserName>
<CreateTime>1502260615</CreateTime>
<MsgType><![CDATA[event]]></MsgType>
<Event><![CDATA[subscribe]]></Event>
<EventKey><![CDATA[]]></EventKey>
</xml>

2017-08-09 14:36:55 params :
------------
String:
array (
  'message' => 
  array (
    'tousername' => 'gh_14a8aa23d822',
    'fromusername' => 'oSt1B1DyyPSmM79CxGfpZ6OhdFDo',
    'createtime' => '1502260615',
    'msgtype' => 'event',
    'event' => 'subscribe',
    'eventkey' => '',
    'from' => 'oSt1B1DyyPSmM79CxGfpZ6OhdFDo',
    'to' => 'gh_14a8aa23d822',
    'time' => '1502260615',
    'type' => 'text',
    'redirection' => true,
    'source' => 'default',
    'content' => '电话',
    'original' => '麻辣米线',
  ),
  'module' => 'basic',
  'rule' => '12',
  'priority' => '0',
  'keyword' => 
  array (
    'id' => '18',
    'rid' => '12',
    'uniacid' => '5',
    'module' => 'basic',
    'content' => '电话',
    'type' => '1',
    'displayorder' => '0',
    'status' => '1',
  ),
)

2017-08-09 14:36:55 response :
------------
Array:
FromUserName : gh_14a8aa23d822 ;
ToUserName : oSt1B1DyyPSmM79CxGfpZ6OhdFDo ;
MsgType : text ;
Content : 远宇诚智慧科技诚挚为您解决智能推广平台服务：18630221022 ;

2017-08-09 14:37:42 trace :
------------
String:
<xml><ToUserName><![CDATA[gh_14a8aa23d822]]></ToUserName>
<FromUserName><![CDATA[oSt1B1DyyPSmM79CxGfpZ6OhdFDo]]></FromUserName>
<CreateTime>1502260662</CreateTime>
<MsgType><![CDATA[event]]></MsgType>
<Event><![CDATA[CLICK]]></Event>
<EventKey><![CDATA[案例展示]]></EventKey>
</xml>

2017-08-09 14:37:42 params :
------------
String:
array (
  'message' => 
  array (
    'tousername' => 'gh_14a8aa23d822',
    'fromusername' => 'oSt1B1DyyPSmM79CxGfpZ6OhdFDo',
    'createtime' => '1502260662',
    'msgtype' => 'event',
    'event' => 'CLICK',
    'eventkey' => '案例展示',
    'from' => 'oSt1B1DyyPSmM79CxGfpZ6OhdFDo',
    'to' => 'gh_14a8aa23d822',
    'time' => '1502260662',
    'type' => 'text',
    'content' => '案例展示',
    'redirection' => true,
    'source' => 'click',
  ),
  'module' => 'news',
  'rule' => '18',
  'priority' => '0',
  'keyword' => 
  array (
    'id' => '84',
    'rid' => '18',
    'uniacid' => '5',
    'module' => 'news',
    'content' => '案例展示',
    'type' => '1',
    'displayorder' => '0',
    'status' => '1',
  ),
)

2017-08-09 14:37:42 response :
------------
Array:
FromUserName : gh_14a8aa23d822 ;
ToUserName : oSt1B1DyyPSmM79CxGfpZ6OhdFDo ;
MsgType : news ;
ArticleCount : 1 ;
Articles : Array ;

