2017-09-17 21:49:01 trace :
------------
String:
<xml><ToUserName><![CDATA[gh_14a8aa23d822]]></ToUserName>
<FromUserName><![CDATA[oSt1B1KzAAhHyOaGPthyLZMbMLRQ]]></FromUserName>
<CreateTime>1505656141</CreateTime>
<MsgType><![CDATA[event]]></MsgType>
<Event><![CDATA[CLICK]]></Event>
<EventKey><![CDATA[会员卡]]></EventKey>
</xml>

2017-09-17 21:49:01 params :
------------
String:
array (
  'message' => 
  array (
    'tousername' => 'gh_14a8aa23d822',
    'fromusername' => 'oSt1B1KzAAhHyOaGPthyLZMbMLRQ',
    'createtime' => '1505656141',
    'msgtype' => 'event',
    'event' => 'CLICK',
    'eventkey' => '会员卡',
    'from' => 'oSt1B1KzAAhHyOaGPthyLZMbMLRQ',
    'to' => 'gh_14a8aa23d822',
    'time' => '1505656141',
    'type' => 'text',
    'content' => '会员卡',
    'redirection' => true,
    'source' => 'click',
  ),
  'module' => 'news',
  'rule' => '17',
  'priority' => '0',
  'keyword' => 
  array (
    'id' => '80',
    'rid' => '17',
    'uniacid' => '5',
    'module' => 'news',
    'content' => '会员卡',
    'type' => '1',
    'displayorder' => '0',
    'status' => '1',
  ),
)

2017-09-17 21:49:01 response :
------------
Array:
FromUserName : gh_14a8aa23d822 ;
ToUserName : oSt1B1KzAAhHyOaGPthyLZMbMLRQ ;
MsgType : news ;
ArticleCount : 1 ;
Articles : Array ;

2017-09-17 21:50:35 trace :
------------
String:
<xml><ToUserName><![CDATA[gh_14a8aa23d822]]></ToUserName>
<FromUserName><![CDATA[oSt1B1KzAAhHyOaGPthyLZMbMLRQ]]></FromUserName>
<CreateTime>1505656235</CreateTime>
<MsgType><![CDATA[event]]></MsgType>
<Event><![CDATA[CLICK]]></Event>
<EventKey><![CDATA[环境图]]></EventKey>
</xml>

2017-09-17 21:50:35 params :
------------
String:
array (
  'message' => 
  array (
    'tousername' => 'gh_14a8aa23d822',
    'fromusername' => 'oSt1B1KzAAhHyOaGPthyLZMbMLRQ',
    'createtime' => '1505656235',
    'msgtype' => 'event',
    'event' => 'CLICK',
    'eventkey' => '环境图',
    'from' => 'oSt1B1KzAAhHyOaGPthyLZMbMLRQ',
    'to' => 'gh_14a8aa23d822',
    'time' => '1505656235',
    'type' => 'text',
    'content' => '环境图',
    'redirection' => true,
    'source' => 'click',
  ),
  'module' => 'news',
  'rule' => '14',
  'priority' => '0',
  'keyword' => 
  array (
    'id' => '85',
    'rid' => '14',
    'uniacid' => '5',
    'module' => 'news',
    'content' => '环境图',
    'type' => '1',
    'displayorder' => '0',
    'status' => '1',
  ),
)

2017-09-17 21:50:35 response :
------------
Array:
FromUserName : gh_14a8aa23d822 ;
ToUserName : oSt1B1KzAAhHyOaGPthyLZMbMLRQ ;
MsgType : news ;
ArticleCount : 3 ;
Articles : Array ;

2017-09-17 21:51:19 trace :
------------
String:
<xml><ToUserName><![CDATA[gh_14a8aa23d822]]></ToUserName>
<FromUserName><![CDATA[oSt1B1KzAAhHyOaGPthyLZMbMLRQ]]></FromUserName>
<CreateTime>1505656279</CreateTime>
<MsgType><![CDATA[event]]></MsgType>
<Event><![CDATA[VIEW]]></Event>
<EventKey><![CDATA[http://weixin.zhuoyueguanli.com/app/index.php?i=5&c=entry&m=weisrc_dish&do=order]]></EventKey>
<MenuId>511444011</MenuId>
</xml>

2017-09-17 21:51:19 params :
------------
String:
array (
  'message' => 
  array (
    'tousername' => 'gh_14a8aa23d822',
    'fromusername' => 'oSt1B1KzAAhHyOaGPthyLZMbMLRQ',
    'createtime' => '1505656279',
    'msgtype' => 'event',
    'event' => 'VIEW',
    'eventkey' => 'http://weixin.zhuoyueguanli.com/app/index.php?i=5&c=entry&m=weisrc_dish&do=order',
    'menuid' => '511444011',
    'from' => 'oSt1B1KzAAhHyOaGPthyLZMbMLRQ',
    'to' => 'gh_14a8aa23d822',
    'time' => '1505656279',
    'type' => 'text',
    'content' => '电话',
    'redirection' => true,
    'source' => 'default',
    'original' => 'http://weixin.zhuoyueguanli.com/app/index.php?i=5&c=entry&m=weisrc_dish&do=order',
  ),
  'module' => 'basic',
  'rule' => '12',
  'priority' => '0',
  'keyword' => 
  array (
    'id' => '18',
    'rid' => '12',
    'uniacid' => '5',
    'module' => 'basic',
    'content' => '电话',
    'type' => '1',
    'displayorder' => '0',
    'status' => '1',
  ),
)

2017-09-17 21:51:19 response :
------------
Array:
FromUserName : gh_14a8aa23d822 ;
ToUserName : oSt1B1KzAAhHyOaGPthyLZMbMLRQ ;
MsgType : text ;
Content : 远宇诚智慧科技诚挚为您解决智能推广平台服务：18630221022 ;

2017-09-17 21:51:28 trace :
------------
String:
<xml><ToUserName><![CDATA[gh_14a8aa23d822]]></ToUserName>
<FromUserName><![CDATA[oSt1B1KzAAhHyOaGPthyLZMbMLRQ]]></FromUserName>
<CreateTime>1505656288</CreateTime>
<MsgType><![CDATA[event]]></MsgType>
<Event><![CDATA[VIEW]]></Event>
<EventKey><![CDATA[http://weixin.zhuoyueguanli.com/app/index.php?i=5&c=entry&m=weisrc_dish&do=waprestList]]></EventKey>
<MenuId>511444011</MenuId>
</xml>

2017-09-17 21:51:28 params :
------------
String:
array (
  'message' => 
  array (
    'tousername' => 'gh_14a8aa23d822',
    'fromusername' => 'oSt1B1KzAAhHyOaGPthyLZMbMLRQ',
    'createtime' => '1505656288',
    'msgtype' => 'event',
    'event' => 'VIEW',
    'eventkey' => 'http://weixin.zhuoyueguanli.com/app/index.php?i=5&c=entry&m=weisrc_dish&do=waprestList',
    'menuid' => '511444011',
    'from' => 'oSt1B1KzAAhHyOaGPthyLZMbMLRQ',
    'to' => 'gh_14a8aa23d822',
    'time' => '1505656288',
    'type' => 'text',
    'content' => '电话',
    'redirection' => true,
    'source' => 'default',
    'original' => 'http://weixin.zhuoyueguanli.com/app/index.php?i=5&c=entry&m=weisrc_dish&do=waprestList',
  ),
  'module' => 'basic',
  'rule' => '12',
  'priority' => '0',
  'keyword' => 
  array (
    'id' => '18',
    'rid' => '12',
    'uniacid' => '5',
    'module' => 'basic',
    'content' => '电话',
    'type' => '1',
    'displayorder' => '0',
    'status' => '1',
  ),
)

2017-09-17 21:51:28 response :
------------
Array:
FromUserName : gh_14a8aa23d822 ;
ToUserName : oSt1B1KzAAhHyOaGPthyLZMbMLRQ ;
MsgType : text ;
Content : 远宇诚智慧科技诚挚为您解决智能推广平台服务：18630221022 ;

2017-09-17 21:52:15 trace :
------------
String:
<xml><ToUserName><![CDATA[gh_14a8aa23d822]]></ToUserName>
<FromUserName><![CDATA[oSt1B1KzAAhHyOaGPthyLZMbMLRQ]]></FromUserName>
<CreateTime>1505656335</CreateTime>
<MsgType><![CDATA[event]]></MsgType>
<Event><![CDATA[CLICK]]></Event>
<EventKey><![CDATA[案例展示]]></EventKey>
</xml>

2017-09-17 21:52:15 params :
------------
String:
array (
  'message' => 
  array (
    'tousername' => 'gh_14a8aa23d822',
    'fromusername' => 'oSt1B1KzAAhHyOaGPthyLZMbMLRQ',
    'createtime' => '1505656335',
    'msgtype' => 'event',
    'event' => 'CLICK',
    'eventkey' => '案例展示',
    'from' => 'oSt1B1KzAAhHyOaGPthyLZMbMLRQ',
    'to' => 'gh_14a8aa23d822',
    'time' => '1505656335',
    'type' => 'text',
    'content' => '案例展示',
    'redirection' => true,
    'source' => 'click',
  ),
  'module' => 'news',
  'rule' => '18',
  'priority' => '0',
  'keyword' => 
  array (
    'id' => '84',
    'rid' => '18',
    'uniacid' => '5',
    'module' => 'news',
    'content' => '案例展示',
    'type' => '1',
    'displayorder' => '0',
    'status' => '1',
  ),
)

2017-09-17 21:52:15 response :
------------
Array:
FromUserName : gh_14a8aa23d822 ;
ToUserName : oSt1B1KzAAhHyOaGPthyLZMbMLRQ ;
MsgType : news ;
ArticleCount : 1 ;
Articles : Array ;

