2017-07-27 13:00:39 trace :
------------
String:
<xml><ToUserName><![CDATA[gh_14a8aa23d822]]></ToUserName>
<FromUserName><![CDATA[oSt1B1BVnj7G-FauyfJyAV7sTjak]]></FromUserName>
<CreateTime>1501131639</CreateTime>
<MsgType><![CDATA[event]]></MsgType>
<Event><![CDATA[subscribe]]></Event>
<EventKey><![CDATA[]]></EventKey>
</xml>

2017-07-27 13:00:39 params :
------------
String:
array (
  'message' => 
  array (
    'tousername' => 'gh_14a8aa23d822',
    'fromusername' => 'oSt1B1BVnj7G-FauyfJyAV7sTjak',
    'createtime' => '1501131639',
    'msgtype' => 'event',
    'event' => 'subscribe',
    'eventkey' => '',
    'from' => 'oSt1B1BVnj7G-FauyfJyAV7sTjak',
    'to' => 'gh_14a8aa23d822',
    'time' => '1501131639',
    'type' => 'text',
    'redirection' => true,
    'source' => 'subscribe',
    'content' => '微信点餐',
  ),
  'module' => 'news',
  'rule' => '13',
  'priority' => '0',
  'keyword' => 
  array (
    'id' => '164',
    'rid' => '13',
    'uniacid' => '5',
    'module' => 'news',
    'content' => '微信点餐',
    'type' => '1',
    'displayorder' => '0',
    'status' => '1',
  ),
)

2017-07-27 13:00:39 response :
------------
Array:
FromUserName : gh_14a8aa23d822 ;
ToUserName : oSt1B1BVnj7G-FauyfJyAV7sTjak ;
MsgType : news ;
ArticleCount : 5 ;
Articles : Array ;

2017-07-27 13:02:12 trace :
------------
String:
<xml><ToUserName><![CDATA[gh_14a8aa23d822]]></ToUserName>
<FromUserName><![CDATA[oSt1B1BVnj7G-FauyfJyAV7sTjak]]></FromUserName>
<CreateTime>1501131732</CreateTime>
<MsgType><![CDATA[event]]></MsgType>
<Event><![CDATA[VIEW]]></Event>
<EventKey><![CDATA[http://m.26joy.com/GLogin/l/gid/3462/unid/148281552/uid/4171443/cpslogin/0/sign/e478c0b1af2406fb7dffb8be5f73342c.html]]></EventKey>
<MenuId>511444011</MenuId>
</xml>

2017-07-27 13:02:12 params :
------------
String:
array (
  'message' => 
  array (
    'tousername' => 'gh_14a8aa23d822',
    'fromusername' => 'oSt1B1BVnj7G-FauyfJyAV7sTjak',
    'createtime' => '1501131732',
    'msgtype' => 'event',
    'event' => 'VIEW',
    'eventkey' => 'http://m.26joy.com/GLogin/l/gid/3462/unid/148281552/uid/4171443/cpslogin/0/sign/e478c0b1af2406fb7dffb8be5f73342c.html',
    'menuid' => '511444011',
    'from' => 'oSt1B1BVnj7G-FauyfJyAV7sTjak',
    'to' => 'gh_14a8aa23d822',
    'time' => '1501131732',
    'type' => 'text',
    'content' => '电话',
    'redirection' => true,
    'source' => 'default',
    'original' => 'http://m.26joy.com/GLogin/l/gid/3462/unid/148281552/uid/4171443/cpslogin/0/sign/e478c0b1af2406fb7dffb8be5f73342c.html',
  ),
  'module' => 'basic',
  'rule' => '12',
  'priority' => '0',
  'keyword' => 
  array (
    'id' => '18',
    'rid' => '12',
    'uniacid' => '5',
    'module' => 'basic',
    'content' => '电话',
    'type' => '1',
    'displayorder' => '0',
    'status' => '1',
  ),
)

2017-07-27 13:02:12 response :
------------
Array:
FromUserName : gh_14a8aa23d822 ;
ToUserName : oSt1B1BVnj7G-FauyfJyAV7sTjak ;
MsgType : text ;
Content : 远宇诚智慧科技诚挚为您解决智能推广平台服务：18630221022 ;

2017-07-27 13:02:18 trace :
------------
String:
<xml><ToUserName><![CDATA[gh_14a8aa23d822]]></ToUserName>
<FromUserName><![CDATA[oSt1B1BVnj7G-FauyfJyAV7sTjak]]></FromUserName>
<CreateTime>1501131738</CreateTime>
<MsgType><![CDATA[event]]></MsgType>
<Event><![CDATA[VIEW]]></Event>
<EventKey><![CDATA[http://mp.weixin.qq.com/s/pfcrxmP5Ze0mOUXetsHIzw]]></EventKey>
<MenuId>511444011</MenuId>
</xml>

2017-07-27 13:02:18 params :
------------
String:
array (
  'message' => 
  array (
    'tousername' => 'gh_14a8aa23d822',
    'fromusername' => 'oSt1B1BVnj7G-FauyfJyAV7sTjak',
    'createtime' => '1501131738',
    'msgtype' => 'event',
    'event' => 'VIEW',
    'eventkey' => 'http://mp.weixin.qq.com/s/pfcrxmP5Ze0mOUXetsHIzw',
    'menuid' => '511444011',
    'from' => 'oSt1B1BVnj7G-FauyfJyAV7sTjak',
    'to' => 'gh_14a8aa23d822',
    'time' => '1501131738',
    'type' => 'text',
    'content' => '电话',
    'redirection' => true,
    'source' => 'default',
    'original' => 'http://mp.weixin.qq.com/s/pfcrxmP5Ze0mOUXetsHIzw',
  ),
  'module' => 'basic',
  'rule' => '12',
  'priority' => '0',
  'keyword' => 
  array (
    'id' => '18',
    'rid' => '12',
    'uniacid' => '5',
    'module' => 'basic',
    'content' => '电话',
    'type' => '1',
    'displayorder' => '0',
    'status' => '1',
  ),
)

2017-07-27 13:02:18 response :
------------
Array:
FromUserName : gh_14a8aa23d822 ;
ToUserName : oSt1B1BVnj7G-FauyfJyAV7sTjak ;
MsgType : text ;
Content : 远宇诚智慧科技诚挚为您解决智能推广平台服务：18630221022 ;

2017-07-27 13:02:28 trace :
------------
String:
<xml><ToUserName><![CDATA[gh_14a8aa23d822]]></ToUserName>
<FromUserName><![CDATA[oSt1B1BVnj7G-FauyfJyAV7sTjak]]></FromUserName>
<CreateTime>1501131748</CreateTime>
<MsgType><![CDATA[event]]></MsgType>
<Event><![CDATA[CLICK]]></Event>
<EventKey><![CDATA[环境图]]></EventKey>
</xml>

2017-07-27 13:02:28 params :
------------
String:
array (
  'message' => 
  array (
    'tousername' => 'gh_14a8aa23d822',
    'fromusername' => 'oSt1B1BVnj7G-FauyfJyAV7sTjak',
    'createtime' => '1501131748',
    'msgtype' => 'event',
    'event' => 'CLICK',
    'eventkey' => '环境图',
    'from' => 'oSt1B1BVnj7G-FauyfJyAV7sTjak',
    'to' => 'gh_14a8aa23d822',
    'time' => '1501131748',
    'type' => 'text',
    'content' => '环境图',
    'redirection' => true,
    'source' => 'click',
  ),
  'module' => 'news',
  'rule' => '14',
  'priority' => '0',
  'keyword' => 
  array (
    'id' => '85',
    'rid' => '14',
    'uniacid' => '5',
    'module' => 'news',
    'content' => '环境图',
    'type' => '1',
    'displayorder' => '0',
    'status' => '1',
  ),
)

2017-07-27 13:02:28 response :
------------
Array:
FromUserName : gh_14a8aa23d822 ;
ToUserName : oSt1B1BVnj7G-FauyfJyAV7sTjak ;
MsgType : news ;
ArticleCount : 3 ;
Articles : Array ;

