2017-09-28 00:31:50 trace :
------------
String:
<xml><ToUserName><![CDATA[gh_fd300d56f050]]></ToUserName>
<FromUserName><![CDATA[oTjZTxHohRKH2D62h49aiL3KpJ1I]]></FromUserName>
<CreateTime>1506529910</CreateTime>
<MsgType><![CDATA[event]]></MsgType>
<Event><![CDATA[subscribe]]></Event>
<EventKey><![CDATA[]]></EventKey>
</xml>

2017-09-28 00:31:50 params :
------------
String:
array (
  'message' => 
  array (
    'tousername' => 'gh_fd300d56f050',
    'fromusername' => 'oTjZTxHohRKH2D62h49aiL3KpJ1I',
    'createtime' => '1506529910',
    'msgtype' => 'event',
    'event' => 'subscribe',
    'eventkey' => '',
    'from' => 'oTjZTxHohRKH2D62h49aiL3KpJ1I',
    'to' => 'gh_fd300d56f050',
    'time' => '1506529910',
    'type' => 'text',
    'redirection' => true,
    'source' => 'subscribe',
    'content' => '米线介绍',
  ),
  'module' => 'news',
  'rule' => '21',
  'priority' => '0',
  'keyword' => 
  array (
    'id' => '171',
    'rid' => '21',
    'uniacid' => '12',
    'module' => 'news',
    'content' => '米线介绍',
    'type' => '1',
    'displayorder' => '0',
    'status' => '1',
  ),
)

2017-09-28 00:31:50 response :
------------
Array:
FromUserName : gh_fd300d56f050 ;
ToUserName : oTjZTxHohRKH2D62h49aiL3KpJ1I ;
MsgType : news ;
ArticleCount : 1 ;
Articles : Array ;

2017-09-28 00:31:59 trace :
------------
String:
<xml><ToUserName><![CDATA[gh_fd300d56f050]]></ToUserName>
<FromUserName><![CDATA[oTjZTxHohRKH2D62h49aiL3KpJ1I]]></FromUserName>
<CreateTime>1506529919</CreateTime>
<MsgType><![CDATA[event]]></MsgType>
<Event><![CDATA[unsubscribe]]></Event>
<EventKey><![CDATA[]]></EventKey>
</xml>

