2017-07-19 13:38:22 trace :
------------
String:
<xml><ToUserName><![CDATA[gh_14a8aa23d822]]></ToUserName>
<FromUserName><![CDATA[oSt1B1DxQRHp4a90zb_B9hF28GLg]]></FromUserName>
<CreateTime>1500442702</CreateTime>
<MsgType><![CDATA[text]]></MsgType>
<Content><![CDATA[微信]]></Content>
<MsgId>6444352335123386466</MsgId>
</xml>

2017-07-19 13:38:22 params :
------------
String:
array (
  'message' => 
  array (
    'tousername' => 'gh_14a8aa23d822',
    'fromusername' => 'oSt1B1DxQRHp4a90zb_B9hF28GLg',
    'createtime' => '1500442702',
    'msgtype' => 'text',
    'content' => '微信',
    'msgid' => '6444352335123386466',
    'from' => 'oSt1B1DxQRHp4a90zb_B9hF28GLg',
    'to' => 'gh_14a8aa23d822',
    'time' => '1500442702',
    'type' => 'text',
    'event' => NULL,
    'redirection' => false,
    'source' => NULL,
  ),
  'module' => 'news',
  'rule' => '13',
  'priority' => '0',
  'keyword' => 
  array (
    'id' => '155',
    'rid' => '13',
    'uniacid' => '5',
    'module' => 'news',
    'content' => '微信',
    'type' => '1',
    'displayorder' => '0',
    'status' => '1',
  ),
)

2017-07-19 13:38:22 response :
------------
Array:
FromUserName : gh_14a8aa23d822 ;
ToUserName : oSt1B1DxQRHp4a90zb_B9hF28GLg ;
MsgType : news ;
ArticleCount : 5 ;
Articles : Array ;

2017-07-19 23:16:22 trace :
------------
String:
<xml><ToUserName><![CDATA[gh_14a8aa23d822]]></ToUserName>
<FromUserName><![CDATA[oSt1B1KzAAhHyOaGPthyLZMbMLRQ]]></FromUserName>
<CreateTime>1500477382</CreateTime>
<MsgType><![CDATA[event]]></MsgType>
<Event><![CDATA[CLICK]]></Event>
<EventKey><![CDATA[微信点餐]]></EventKey>
</xml>

2017-07-19 23:16:22 params :
------------
String:
array (
  'message' => 
  array (
    'tousername' => 'gh_14a8aa23d822',
    'fromusername' => 'oSt1B1KzAAhHyOaGPthyLZMbMLRQ',
    'createtime' => '1500477382',
    'msgtype' => 'event',
    'event' => 'CLICK',
    'eventkey' => '微信点餐',
    'from' => 'oSt1B1KzAAhHyOaGPthyLZMbMLRQ',
    'to' => 'gh_14a8aa23d822',
    'time' => '1500477382',
    'type' => 'text',
    'content' => '微信点餐',
    'redirection' => true,
    'source' => 'click',
  ),
  'module' => 'news',
  'rule' => '13',
  'priority' => '0',
  'keyword' => 
  array (
    'id' => '164',
    'rid' => '13',
    'uniacid' => '5',
    'module' => 'news',
    'content' => '微信点餐',
    'type' => '1',
    'displayorder' => '0',
    'status' => '1',
  ),
)

2017-07-19 23:16:22 response :
------------
Array:
FromUserName : gh_14a8aa23d822 ;
ToUserName : oSt1B1KzAAhHyOaGPthyLZMbMLRQ ;
MsgType : news ;
ArticleCount : 5 ;
Articles : Array ;

