2017-07-13 10:45:18 trace :
------------
String:
<xml><ToUserName><![CDATA[gh_14a8aa23d822]]></ToUserName>
<FromUserName><![CDATA[oSt1B1Gqv4rlQHvy62j6BbCp2X3s]]></FromUserName>
<CreateTime>1499913918</CreateTime>
<MsgType><![CDATA[event]]></MsgType>
<Event><![CDATA[VIEW]]></Event>
<EventKey><![CDATA[https://h5.wps.cn/p/b977c573.html]]></EventKey>
<MenuId>510969028</MenuId>
</xml>

2017-07-13 10:45:18 params :
------------
String:
array (
  'message' => 
  array (
    'tousername' => 'gh_14a8aa23d822',
    'fromusername' => 'oSt1B1Gqv4rlQHvy62j6BbCp2X3s',
    'createtime' => '1499913918',
    'msgtype' => 'event',
    'event' => 'VIEW',
    'eventkey' => 'https://h5.wps.cn/p/b977c573.html',
    'menuid' => '510969028',
    'from' => 'oSt1B1Gqv4rlQHvy62j6BbCp2X3s',
    'to' => 'gh_14a8aa23d822',
    'time' => '1499913918',
    'type' => 'text',
    'content' => '电话',
    'redirection' => true,
    'source' => 'default',
    'original' => 'https://h5.wps.cn/p/b977c573.html',
  ),
  'module' => 'basic',
  'rule' => '12',
  'priority' => '0',
  'keyword' => 
  array (
    'id' => '18',
    'rid' => '12',
    'uniacid' => '5',
    'module' => 'basic',
    'content' => '电话',
    'type' => '1',
    'displayorder' => '0',
    'status' => '1',
  ),
)

2017-07-13 10:45:18 response :
------------
Array:
FromUserName : gh_14a8aa23d822 ;
ToUserName : oSt1B1Gqv4rlQHvy62j6BbCp2X3s ;
MsgType : text ;
Content : 远宇诚智慧科技诚挚为您解决智能推广平台服务：18630221022 ;

2017-07-13 11:21:15 trace :
------------
String:
<xml><ToUserName><![CDATA[gh_14a8aa23d822]]></ToUserName>
<FromUserName><![CDATA[oSt1B1JmL6XVB2Wi7DQCZGGAF_dA]]></FromUserName>
<CreateTime>1499916075</CreateTime>
<MsgType><![CDATA[event]]></MsgType>
<Event><![CDATA[VIEW]]></Event>
<EventKey><![CDATA[http://weixin.zhuoyueguanli.com/app/index.php?i=5&c=entry&m=weisrc_dish&do=waprestList]]></EventKey>
<MenuId>510969028</MenuId>
</xml>

2017-07-13 11:21:15 params :
------------
String:
array (
  'message' => 
  array (
    'tousername' => 'gh_14a8aa23d822',
    'fromusername' => 'oSt1B1JmL6XVB2Wi7DQCZGGAF_dA',
    'createtime' => '1499916075',
    'msgtype' => 'event',
    'event' => 'VIEW',
    'eventkey' => 'http://weixin.zhuoyueguanli.com/app/index.php?i=5&c=entry&m=weisrc_dish&do=waprestList',
    'menuid' => '510969028',
    'from' => 'oSt1B1JmL6XVB2Wi7DQCZGGAF_dA',
    'to' => 'gh_14a8aa23d822',
    'time' => '1499916075',
    'type' => 'text',
    'content' => '电话',
    'redirection' => true,
    'source' => 'default',
    'original' => 'http://weixin.zhuoyueguanli.com/app/index.php?i=5&c=entry&m=weisrc_dish&do=waprestList',
  ),
  'module' => 'basic',
  'rule' => '12',
  'priority' => '0',
  'keyword' => 
  array (
    'id' => '18',
    'rid' => '12',
    'uniacid' => '5',
    'module' => 'basic',
    'content' => '电话',
    'type' => '1',
    'displayorder' => '0',
    'status' => '1',
  ),
)

2017-07-13 11:21:15 response :
------------
Array:
FromUserName : gh_14a8aa23d822 ;
ToUserName : oSt1B1JmL6XVB2Wi7DQCZGGAF_dA ;
MsgType : text ;
Content : 远宇诚智慧科技诚挚为您解决智能推广平台服务：18630221022 ;

2017-07-13 12:26:36 trace :
------------
String:
<xml><ToUserName><![CDATA[gh_14a8aa23d822]]></ToUserName>
<FromUserName><![CDATA[oSt1B1Gqv4rlQHvy62j6BbCp2X3s]]></FromUserName>
<CreateTime>1499919996</CreateTime>
<MsgType><![CDATA[event]]></MsgType>
<Event><![CDATA[VIEW]]></Event>
<EventKey><![CDATA[http://weixin.zhuoyueguanli.com/app/index.php?i=5&c=entry&m=weisrc_dish&do=waprestList]]></EventKey>
<MenuId>510969028</MenuId>
</xml>

2017-07-13 12:26:36 params :
------------
String:
array (
  'message' => 
  array (
    'tousername' => 'gh_14a8aa23d822',
    'fromusername' => 'oSt1B1Gqv4rlQHvy62j6BbCp2X3s',
    'createtime' => '1499919996',
    'msgtype' => 'event',
    'event' => 'VIEW',
    'eventkey' => 'http://weixin.zhuoyueguanli.com/app/index.php?i=5&c=entry&m=weisrc_dish&do=waprestList',
    'menuid' => '510969028',
    'from' => 'oSt1B1Gqv4rlQHvy62j6BbCp2X3s',
    'to' => 'gh_14a8aa23d822',
    'time' => '1499919996',
    'type' => 'text',
    'content' => '电话',
    'redirection' => true,
    'source' => 'default',
    'original' => 'http://weixin.zhuoyueguanli.com/app/index.php?i=5&c=entry&m=weisrc_dish&do=waprestList',
  ),
  'module' => 'basic',
  'rule' => '12',
  'priority' => '0',
  'keyword' => 
  array (
    'id' => '18',
    'rid' => '12',
    'uniacid' => '5',
    'module' => 'basic',
    'content' => '电话',
    'type' => '1',
    'displayorder' => '0',
    'status' => '1',
  ),
)

2017-07-13 12:26:36 response :
------------
Array:
FromUserName : gh_14a8aa23d822 ;
ToUserName : oSt1B1Gqv4rlQHvy62j6BbCp2X3s ;
MsgType : text ;
Content : 远宇诚智慧科技诚挚为您解决智能推广平台服务：18630221022 ;

2017-07-13 13:38:57 trace :
------------
String:
<xml><ToUserName><![CDATA[gh_14a8aa23d822]]></ToUserName>
<FromUserName><![CDATA[oSt1B1Gqv4rlQHvy62j6BbCp2X3s]]></FromUserName>
<CreateTime>1499924337</CreateTime>
<MsgType><![CDATA[event]]></MsgType>
<Event><![CDATA[CLICK]]></Event>
<EventKey><![CDATA[环境图]]></EventKey>
</xml>

2017-07-13 13:38:57 params :
------------
String:
array (
  'message' => 
  array (
    'tousername' => 'gh_14a8aa23d822',
    'fromusername' => 'oSt1B1Gqv4rlQHvy62j6BbCp2X3s',
    'createtime' => '1499924337',
    'msgtype' => 'event',
    'event' => 'CLICK',
    'eventkey' => '环境图',
    'from' => 'oSt1B1Gqv4rlQHvy62j6BbCp2X3s',
    'to' => 'gh_14a8aa23d822',
    'time' => '1499924337',
    'type' => 'text',
    'content' => '环境图',
    'redirection' => true,
    'source' => 'click',
  ),
  'module' => 'news',
  'rule' => '14',
  'priority' => '0',
  'keyword' => 
  array (
    'id' => '68',
    'rid' => '14',
    'uniacid' => '5',
    'module' => 'news',
    'content' => '环境图',
    'type' => '1',
    'displayorder' => '0',
    'status' => '1',
  ),
)

2017-07-13 13:38:57 response :
------------
Array:
FromUserName : gh_14a8aa23d822 ;
ToUserName : oSt1B1Gqv4rlQHvy62j6BbCp2X3s ;
MsgType : news ;
ArticleCount : 2 ;
Articles : Array ;

2017-07-13 13:50:28 trace :
------------
String:
<xml><ToUserName><![CDATA[gh_14a8aa23d822]]></ToUserName>
<FromUserName><![CDATA[oSt1B1JmL6XVB2Wi7DQCZGGAF_dA]]></FromUserName>
<CreateTime>1499925028</CreateTime>
<MsgType><![CDATA[event]]></MsgType>
<Event><![CDATA[CLICK]]></Event>
<EventKey><![CDATA[环境图]]></EventKey>
</xml>

2017-07-13 13:50:28 params :
------------
String:
array (
  'message' => 
  array (
    'tousername' => 'gh_14a8aa23d822',
    'fromusername' => 'oSt1B1JmL6XVB2Wi7DQCZGGAF_dA',
    'createtime' => '1499925028',
    'msgtype' => 'event',
    'event' => 'CLICK',
    'eventkey' => '环境图',
    'from' => 'oSt1B1JmL6XVB2Wi7DQCZGGAF_dA',
    'to' => 'gh_14a8aa23d822',
    'time' => '1499925028',
    'type' => 'text',
    'content' => '环境图',
    'redirection' => true,
    'source' => 'click',
  ),
  'module' => 'news',
  'rule' => '14',
  'priority' => '0',
  'keyword' => 
  array (
    'id' => '68',
    'rid' => '14',
    'uniacid' => '5',
    'module' => 'news',
    'content' => '环境图',
    'type' => '1',
    'displayorder' => '0',
    'status' => '1',
  ),
)

2017-07-13 13:50:28 response :
------------
Array:
FromUserName : gh_14a8aa23d822 ;
ToUserName : oSt1B1JmL6XVB2Wi7DQCZGGAF_dA ;
MsgType : news ;
ArticleCount : 2 ;
Articles : Array ;

2017-07-13 13:50:43 trace :
------------
String:
<xml><ToUserName><![CDATA[gh_14a8aa23d822]]></ToUserName>
<FromUserName><![CDATA[oSt1B1JmL6XVB2Wi7DQCZGGAF_dA]]></FromUserName>
<CreateTime>1499925043</CreateTime>
<MsgType><![CDATA[event]]></MsgType>
<Event><![CDATA[VIEW]]></Event>
<EventKey><![CDATA[http://ditu.amap.com/place/B0FFHFLJWT]]></EventKey>
<MenuId>510969028</MenuId>
</xml>

2017-07-13 13:50:43 params :
------------
String:
array (
  'message' => 
  array (
    'tousername' => 'gh_14a8aa23d822',
    'fromusername' => 'oSt1B1JmL6XVB2Wi7DQCZGGAF_dA',
    'createtime' => '1499925043',
    'msgtype' => 'event',
    'event' => 'VIEW',
    'eventkey' => 'http://ditu.amap.com/place/B0FFHFLJWT',
    'menuid' => '510969028',
    'from' => 'oSt1B1JmL6XVB2Wi7DQCZGGAF_dA',
    'to' => 'gh_14a8aa23d822',
    'time' => '1499925043',
    'type' => 'text',
    'content' => '电话',
    'redirection' => true,
    'source' => 'default',
    'original' => 'http://ditu.amap.com/place/B0FFHFLJWT',
  ),
  'module' => 'basic',
  'rule' => '12',
  'priority' => '0',
  'keyword' => 
  array (
    'id' => '18',
    'rid' => '12',
    'uniacid' => '5',
    'module' => 'basic',
    'content' => '电话',
    'type' => '1',
    'displayorder' => '0',
    'status' => '1',
  ),
)

2017-07-13 13:50:43 response :
------------
Array:
FromUserName : gh_14a8aa23d822 ;
ToUserName : oSt1B1JmL6XVB2Wi7DQCZGGAF_dA ;
MsgType : text ;
Content : 远宇诚智慧科技诚挚为您解决智能推广平台服务：18630221022 ;

2017-07-13 13:50:59 trace :
------------
String:
<xml><ToUserName><![CDATA[gh_14a8aa23d822]]></ToUserName>
<FromUserName><![CDATA[oSt1B1JmL6XVB2Wi7DQCZGGAF_dA]]></FromUserName>
<CreateTime>1499925059</CreateTime>
<MsgType><![CDATA[event]]></MsgType>
<Event><![CDATA[VIEW]]></Event>
<EventKey><![CDATA[http://www.rabbitpre.com/m/6QIJfMAAD]]></EventKey>
<MenuId>510969028</MenuId>
</xml>

2017-07-13 13:50:59 params :
------------
String:
array (
  'message' => 
  array (
    'tousername' => 'gh_14a8aa23d822',
    'fromusername' => 'oSt1B1JmL6XVB2Wi7DQCZGGAF_dA',
    'createtime' => '1499925059',
    'msgtype' => 'event',
    'event' => 'VIEW',
    'eventkey' => 'http://www.rabbitpre.com/m/6QIJfMAAD',
    'menuid' => '510969028',
    'from' => 'oSt1B1JmL6XVB2Wi7DQCZGGAF_dA',
    'to' => 'gh_14a8aa23d822',
    'time' => '1499925059',
    'type' => 'text',
    'content' => '电话',
    'redirection' => true,
    'source' => 'default',
    'original' => 'http://www.rabbitpre.com/m/6QIJfMAAD',
  ),
  'module' => 'basic',
  'rule' => '12',
  'priority' => '0',
  'keyword' => 
  array (
    'id' => '18',
    'rid' => '12',
    'uniacid' => '5',
    'module' => 'basic',
    'content' => '电话',
    'type' => '1',
    'displayorder' => '0',
    'status' => '1',
  ),
)

2017-07-13 13:50:59 response :
------------
Array:
FromUserName : gh_14a8aa23d822 ;
ToUserName : oSt1B1JmL6XVB2Wi7DQCZGGAF_dA ;
MsgType : text ;
Content : 远宇诚智慧科技诚挚为您解决智能推广平台服务：18630221022 ;

2017-07-13 14:24:11 trace :
------------
String:
<xml><ToUserName><![CDATA[gh_14a8aa23d822]]></ToUserName>
<FromUserName><![CDATA[oSt1B1JmL6XVB2Wi7DQCZGGAF_dA]]></FromUserName>
<CreateTime>1499927051</CreateTime>
<MsgType><![CDATA[event]]></MsgType>
<Event><![CDATA[VIEW]]></Event>
<EventKey><![CDATA[https://h5.wps.cn/p/b977c573.html]]></EventKey>
<MenuId>510969028</MenuId>
</xml>

2017-07-13 14:24:11 params :
------------
String:
array (
  'message' => 
  array (
    'tousername' => 'gh_14a8aa23d822',
    'fromusername' => 'oSt1B1JmL6XVB2Wi7DQCZGGAF_dA',
    'createtime' => '1499927051',
    'msgtype' => 'event',
    'event' => 'VIEW',
    'eventkey' => 'https://h5.wps.cn/p/b977c573.html',
    'menuid' => '510969028',
    'from' => 'oSt1B1JmL6XVB2Wi7DQCZGGAF_dA',
    'to' => 'gh_14a8aa23d822',
    'time' => '1499927051',
    'type' => 'text',
    'content' => '电话',
    'redirection' => true,
    'source' => 'default',
    'original' => 'https://h5.wps.cn/p/b977c573.html',
  ),
  'module' => 'basic',
  'rule' => '12',
  'priority' => '0',
  'keyword' => 
  array (
    'id' => '18',
    'rid' => '12',
    'uniacid' => '5',
    'module' => 'basic',
    'content' => '电话',
    'type' => '1',
    'displayorder' => '0',
    'status' => '1',
  ),
)

2017-07-13 14:24:11 response :
------------
Array:
FromUserName : gh_14a8aa23d822 ;
ToUserName : oSt1B1JmL6XVB2Wi7DQCZGGAF_dA ;
MsgType : text ;
Content : 远宇诚智慧科技诚挚为您解决智能推广平台服务：18630221022 ;

2017-07-13 19:17:16 trace :
------------
String:
<xml><ToUserName><![CDATA[gh_14a8aa23d822]]></ToUserName>
<FromUserName><![CDATA[oSt1B1JmL6XVB2Wi7DQCZGGAF_dA]]></FromUserName>
<CreateTime>1499944636</CreateTime>
<MsgType><![CDATA[event]]></MsgType>
<Event><![CDATA[VIEW]]></Event>
<EventKey><![CDATA[http://weixin.zhuoyueguanli.com/app/index.php?i=5&c=entry&m=weisrc_dish&do=waprestList]]></EventKey>
<MenuId>510969028</MenuId>
</xml>

2017-07-13 19:17:16 params :
------------
String:
array (
  'message' => 
  array (
    'tousername' => 'gh_14a8aa23d822',
    'fromusername' => 'oSt1B1JmL6XVB2Wi7DQCZGGAF_dA',
    'createtime' => '1499944636',
    'msgtype' => 'event',
    'event' => 'VIEW',
    'eventkey' => 'http://weixin.zhuoyueguanli.com/app/index.php?i=5&c=entry&m=weisrc_dish&do=waprestList',
    'menuid' => '510969028',
    'from' => 'oSt1B1JmL6XVB2Wi7DQCZGGAF_dA',
    'to' => 'gh_14a8aa23d822',
    'time' => '1499944636',
    'type' => 'text',
    'content' => '电话',
    'redirection' => true,
    'source' => 'default',
    'original' => 'http://weixin.zhuoyueguanli.com/app/index.php?i=5&c=entry&m=weisrc_dish&do=waprestList',
  ),
  'module' => 'basic',
  'rule' => '12',
  'priority' => '0',
  'keyword' => 
  array (
    'id' => '18',
    'rid' => '12',
    'uniacid' => '5',
    'module' => 'basic',
    'content' => '电话',
    'type' => '1',
    'displayorder' => '0',
    'status' => '1',
  ),
)

2017-07-13 19:17:16 response :
------------
Array:
FromUserName : gh_14a8aa23d822 ;
ToUserName : oSt1B1JmL6XVB2Wi7DQCZGGAF_dA ;
MsgType : text ;
Content : 远宇诚智慧科技诚挚为您解决智能推广平台服务：18630221022 ;

2017-07-13 19:17:46 trace :
------------
String:
<xml><ToUserName><![CDATA[gh_14a8aa23d822]]></ToUserName>
<FromUserName><![CDATA[oSt1B1EWGmoZdM3zbbLga58wEhKk]]></FromUserName>
<CreateTime>1499944666</CreateTime>
<MsgType><![CDATA[event]]></MsgType>
<Event><![CDATA[CLICK]]></Event>
<EventKey><![CDATA[案例展示]]></EventKey>
</xml>

2017-07-13 19:17:46 params :
------------
String:
array (
  'message' => 
  array (
    'tousername' => 'gh_14a8aa23d822',
    'fromusername' => 'oSt1B1EWGmoZdM3zbbLga58wEhKk',
    'createtime' => '1499944666',
    'msgtype' => 'event',
    'event' => 'CLICK',
    'eventkey' => '案例展示',
    'from' => 'oSt1B1EWGmoZdM3zbbLga58wEhKk',
    'to' => 'gh_14a8aa23d822',
    'time' => '1499944666',
    'type' => 'text',
    'content' => '案例展示',
    'redirection' => true,
    'source' => 'click',
  ),
  'module' => 'news',
  'rule' => '18',
  'priority' => '0',
  'keyword' => 
  array (
    'id' => '84',
    'rid' => '18',
    'uniacid' => '5',
    'module' => 'news',
    'content' => '案例展示',
    'type' => '1',
    'displayorder' => '0',
    'status' => '1',
  ),
)

2017-07-13 19:17:46 response :
------------
Array:
FromUserName : gh_14a8aa23d822 ;
ToUserName : oSt1B1EWGmoZdM3zbbLga58wEhKk ;
MsgType : news ;
ArticleCount : 1 ;
Articles : Array ;

2017-07-13 19:17:53 trace :
------------
String:
<xml><ToUserName><![CDATA[gh_14a8aa23d822]]></ToUserName>
<FromUserName><![CDATA[oSt1B1EWGmoZdM3zbbLga58wEhKk]]></FromUserName>
<CreateTime>1499944673</CreateTime>
<MsgType><![CDATA[event]]></MsgType>
<Event><![CDATA[CLICK]]></Event>
<EventKey><![CDATA[案例展示]]></EventKey>
</xml>

2017-07-13 19:17:53 params :
------------
String:
array (
  'message' => 
  array (
    'tousername' => 'gh_14a8aa23d822',
    'fromusername' => 'oSt1B1EWGmoZdM3zbbLga58wEhKk',
    'createtime' => '1499944673',
    'msgtype' => 'event',
    'event' => 'CLICK',
    'eventkey' => '案例展示',
    'from' => 'oSt1B1EWGmoZdM3zbbLga58wEhKk',
    'to' => 'gh_14a8aa23d822',
    'time' => '1499944673',
    'type' => 'text',
    'content' => '案例展示',
    'redirection' => true,
    'source' => 'click',
  ),
  'module' => 'news',
  'rule' => '18',
  'priority' => '0',
  'keyword' => 
  array (
    'id' => '84',
    'rid' => '18',
    'uniacid' => '5',
    'module' => 'news',
    'content' => '案例展示',
    'type' => '1',
    'displayorder' => '0',
    'status' => '1',
  ),
)

2017-07-13 19:17:53 response :
------------
Array:
FromUserName : gh_14a8aa23d822 ;
ToUserName : oSt1B1EWGmoZdM3zbbLga58wEhKk ;
MsgType : news ;
ArticleCount : 1 ;
Articles : Array ;

2017-07-13 19:17:54 trace :
------------
String:
<xml><ToUserName><![CDATA[gh_14a8aa23d822]]></ToUserName>
<FromUserName><![CDATA[oSt1B1JmL6XVB2Wi7DQCZGGAF_dA]]></FromUserName>
<CreateTime>1499944674</CreateTime>
<MsgType><![CDATA[event]]></MsgType>
<Event><![CDATA[VIEW]]></Event>
<EventKey><![CDATA[http://weixin.zhuoyueguanli.com/app/index.php?i=5&c=entry&m=weisrc_dish&do=waprestList]]></EventKey>
<MenuId>510969028</MenuId>
</xml>

2017-07-13 19:17:54 params :
------------
String:
array (
  'message' => 
  array (
    'tousername' => 'gh_14a8aa23d822',
    'fromusername' => 'oSt1B1JmL6XVB2Wi7DQCZGGAF_dA',
    'createtime' => '1499944674',
    'msgtype' => 'event',
    'event' => 'VIEW',
    'eventkey' => 'http://weixin.zhuoyueguanli.com/app/index.php?i=5&c=entry&m=weisrc_dish&do=waprestList',
    'menuid' => '510969028',
    'from' => 'oSt1B1JmL6XVB2Wi7DQCZGGAF_dA',
    'to' => 'gh_14a8aa23d822',
    'time' => '1499944674',
    'type' => 'text',
    'content' => '电话',
    'redirection' => true,
    'source' => 'default',
    'original' => 'http://weixin.zhuoyueguanli.com/app/index.php?i=5&c=entry&m=weisrc_dish&do=waprestList',
  ),
  'module' => 'basic',
  'rule' => '12',
  'priority' => '0',
  'keyword' => 
  array (
    'id' => '18',
    'rid' => '12',
    'uniacid' => '5',
    'module' => 'basic',
    'content' => '电话',
    'type' => '1',
    'displayorder' => '0',
    'status' => '1',
  ),
)

2017-07-13 19:17:54 response :
------------
Array:
FromUserName : gh_14a8aa23d822 ;
ToUserName : oSt1B1JmL6XVB2Wi7DQCZGGAF_dA ;
MsgType : text ;
Content : 远宇诚智慧科技诚挚为您解决智能推广平台服务：18630221022 ;

2017-07-13 19:23:35 trace :
------------
String:
<xml><ToUserName><![CDATA[gh_14a8aa23d822]]></ToUserName>
<FromUserName><![CDATA[oSt1B1Gqv4rlQHvy62j6BbCp2X3s]]></FromUserName>
<CreateTime>1499945015</CreateTime>
<MsgType><![CDATA[event]]></MsgType>
<Event><![CDATA[VIEW]]></Event>
<EventKey><![CDATA[http://weixin.zhuoyueguanli.com/app/index.php?i=5&c=entry&m=weisrc_dish&do=order]]></EventKey>
<MenuId>510969028</MenuId>
</xml>

2017-07-13 19:23:35 params :
------------
String:
array (
  'message' => 
  array (
    'tousername' => 'gh_14a8aa23d822',
    'fromusername' => 'oSt1B1Gqv4rlQHvy62j6BbCp2X3s',
    'createtime' => '1499945015',
    'msgtype' => 'event',
    'event' => 'VIEW',
    'eventkey' => 'http://weixin.zhuoyueguanli.com/app/index.php?i=5&c=entry&m=weisrc_dish&do=order',
    'menuid' => '510969028',
    'from' => 'oSt1B1Gqv4rlQHvy62j6BbCp2X3s',
    'to' => 'gh_14a8aa23d822',
    'time' => '1499945015',
    'type' => 'text',
    'content' => '电话',
    'redirection' => true,
    'source' => 'default',
    'original' => 'http://weixin.zhuoyueguanli.com/app/index.php?i=5&c=entry&m=weisrc_dish&do=order',
  ),
  'module' => 'basic',
  'rule' => '12',
  'priority' => '0',
  'keyword' => 
  array (
    'id' => '18',
    'rid' => '12',
    'uniacid' => '5',
    'module' => 'basic',
    'content' => '电话',
    'type' => '1',
    'displayorder' => '0',
    'status' => '1',
  ),
)

2017-07-13 19:23:35 response :
------------
Array:
FromUserName : gh_14a8aa23d822 ;
ToUserName : oSt1B1Gqv4rlQHvy62j6BbCp2X3s ;
MsgType : text ;
Content : 远宇诚智慧科技诚挚为您解决智能推广平台服务：18630221022 ;

2017-07-13 19:23:42 trace :
------------
String:
<xml><ToUserName><![CDATA[gh_14a8aa23d822]]></ToUserName>
<FromUserName><![CDATA[oSt1B1Gqv4rlQHvy62j6BbCp2X3s]]></FromUserName>
<CreateTime>1499945022</CreateTime>
<MsgType><![CDATA[event]]></MsgType>
<Event><![CDATA[VIEW]]></Event>
<EventKey><![CDATA[http://weixin.zhuoyueguanli.com/app/index.php?i=5&c=entry&m=weisrc_dish&do=waprestList]]></EventKey>
<MenuId>510969028</MenuId>
</xml>

2017-07-13 19:23:42 params :
------------
String:
array (
  'message' => 
  array (
    'tousername' => 'gh_14a8aa23d822',
    'fromusername' => 'oSt1B1Gqv4rlQHvy62j6BbCp2X3s',
    'createtime' => '1499945022',
    'msgtype' => 'event',
    'event' => 'VIEW',
    'eventkey' => 'http://weixin.zhuoyueguanli.com/app/index.php?i=5&c=entry&m=weisrc_dish&do=waprestList',
    'menuid' => '510969028',
    'from' => 'oSt1B1Gqv4rlQHvy62j6BbCp2X3s',
    'to' => 'gh_14a8aa23d822',
    'time' => '1499945022',
    'type' => 'text',
    'content' => '电话',
    'redirection' => true,
    'source' => 'default',
    'original' => 'http://weixin.zhuoyueguanli.com/app/index.php?i=5&c=entry&m=weisrc_dish&do=waprestList',
  ),
  'module' => 'basic',
  'rule' => '12',
  'priority' => '0',
  'keyword' => 
  array (
    'id' => '18',
    'rid' => '12',
    'uniacid' => '5',
    'module' => 'basic',
    'content' => '电话',
    'type' => '1',
    'displayorder' => '0',
    'status' => '1',
  ),
)

2017-07-13 19:23:42 response :
------------
Array:
FromUserName : gh_14a8aa23d822 ;
ToUserName : oSt1B1Gqv4rlQHvy62j6BbCp2X3s ;
MsgType : text ;
Content : 远宇诚智慧科技诚挚为您解决智能推广平台服务：18630221022 ;

2017-07-13 19:24:59 trace :
------------
String:
<xml><ToUserName><![CDATA[gh_14a8aa23d822]]></ToUserName>
<FromUserName><![CDATA[oSt1B1DxQRHp4a90zb_B9hF28GLg]]></FromUserName>
<CreateTime>1499945099</CreateTime>
<MsgType><![CDATA[event]]></MsgType>
<Event><![CDATA[VIEW]]></Event>
<EventKey><![CDATA[http://weixin.zhuoyueguanli.com/app/index.php?i=5&c=entry&m=weisrc_dish&do=waprestList]]></EventKey>
<MenuId>510969028</MenuId>
</xml>

2017-07-13 19:24:59 params :
------------
String:
array (
  'message' => 
  array (
    'tousername' => 'gh_14a8aa23d822',
    'fromusername' => 'oSt1B1DxQRHp4a90zb_B9hF28GLg',
    'createtime' => '1499945099',
    'msgtype' => 'event',
    'event' => 'VIEW',
    'eventkey' => 'http://weixin.zhuoyueguanli.com/app/index.php?i=5&c=entry&m=weisrc_dish&do=waprestList',
    'menuid' => '510969028',
    'from' => 'oSt1B1DxQRHp4a90zb_B9hF28GLg',
    'to' => 'gh_14a8aa23d822',
    'time' => '1499945099',
    'type' => 'text',
    'content' => '电话',
    'redirection' => true,
    'source' => 'default',
    'original' => 'http://weixin.zhuoyueguanli.com/app/index.php?i=5&c=entry&m=weisrc_dish&do=waprestList',
  ),
  'module' => 'basic',
  'rule' => '12',
  'priority' => '0',
  'keyword' => 
  array (
    'id' => '18',
    'rid' => '12',
    'uniacid' => '5',
    'module' => 'basic',
    'content' => '电话',
    'type' => '1',
    'displayorder' => '0',
    'status' => '1',
  ),
)

2017-07-13 19:24:59 response :
------------
Array:
FromUserName : gh_14a8aa23d822 ;
ToUserName : oSt1B1DxQRHp4a90zb_B9hF28GLg ;
MsgType : text ;
Content : 远宇诚智慧科技诚挚为您解决智能推广平台服务：18630221022 ;

2017-07-13 19:27:06 trace :
------------
String:
<xml><ToUserName><![CDATA[gh_14a8aa23d822]]></ToUserName>
<FromUserName><![CDATA[oSt1B1Gqv4rlQHvy62j6BbCp2X3s]]></FromUserName>
<CreateTime>1499945226</CreateTime>
<MsgType><![CDATA[event]]></MsgType>
<Event><![CDATA[VIEW]]></Event>
<EventKey><![CDATA[http://weixin.zhuoyueguanli.com/app/index.php?i=5&c=entry&m=weisrc_dish&do=waprestList]]></EventKey>
<MenuId>510969028</MenuId>
</xml>

2017-07-13 19:27:06 params :
------------
String:
array (
  'message' => 
  array (
    'tousername' => 'gh_14a8aa23d822',
    'fromusername' => 'oSt1B1Gqv4rlQHvy62j6BbCp2X3s',
    'createtime' => '1499945226',
    'msgtype' => 'event',
    'event' => 'VIEW',
    'eventkey' => 'http://weixin.zhuoyueguanli.com/app/index.php?i=5&c=entry&m=weisrc_dish&do=waprestList',
    'menuid' => '510969028',
    'from' => 'oSt1B1Gqv4rlQHvy62j6BbCp2X3s',
    'to' => 'gh_14a8aa23d822',
    'time' => '1499945226',
    'type' => 'text',
    'content' => '电话',
    'redirection' => true,
    'source' => 'default',
    'original' => 'http://weixin.zhuoyueguanli.com/app/index.php?i=5&c=entry&m=weisrc_dish&do=waprestList',
  ),
  'module' => 'basic',
  'rule' => '12',
  'priority' => '0',
  'keyword' => 
  array (
    'id' => '18',
    'rid' => '12',
    'uniacid' => '5',
    'module' => 'basic',
    'content' => '电话',
    'type' => '1',
    'displayorder' => '0',
    'status' => '1',
  ),
)

2017-07-13 19:27:06 response :
------------
Array:
FromUserName : gh_14a8aa23d822 ;
ToUserName : oSt1B1Gqv4rlQHvy62j6BbCp2X3s ;
MsgType : text ;
Content : 远宇诚智慧科技诚挚为您解决智能推广平台服务：18630221022 ;

