2017-08-26 14:13:23 trace :
------------
String:
<xml><ToUserName><![CDATA[gh_14a8aa23d822]]></ToUserName>
<FromUserName><![CDATA[oSt1B1JmL6XVB2Wi7DQCZGGAF_dA]]></FromUserName>
<CreateTime>1503728003</CreateTime>
<MsgType><![CDATA[event]]></MsgType>
<Event><![CDATA[VIEW]]></Event>
<EventKey><![CDATA[http://weixin.zhuoyueguanli.com/app/index.php?i=5&c=entry&m=weisrc_dish&do=waprestList]]></EventKey>
<MenuId>511444011</MenuId>
</xml>

2017-08-26 14:13:23 params :
------------
String:
array (
  'message' => 
  array (
    'tousername' => 'gh_14a8aa23d822',
    'fromusername' => 'oSt1B1JmL6XVB2Wi7DQCZGGAF_dA',
    'createtime' => '1503728003',
    'msgtype' => 'event',
    'event' => 'VIEW',
    'eventkey' => 'http://weixin.zhuoyueguanli.com/app/index.php?i=5&c=entry&m=weisrc_dish&do=waprestList',
    'menuid' => '511444011',
    'from' => 'oSt1B1JmL6XVB2Wi7DQCZGGAF_dA',
    'to' => 'gh_14a8aa23d822',
    'time' => '1503728003',
    'type' => 'text',
    'content' => '电话',
    'redirection' => true,
    'source' => 'default',
    'original' => 'http://weixin.zhuoyueguanli.com/app/index.php?i=5&c=entry&m=weisrc_dish&do=waprestList',
  ),
  'module' => 'basic',
  'rule' => '12',
  'priority' => '0',
  'keyword' => 
  array (
    'id' => '18',
    'rid' => '12',
    'uniacid' => '5',
    'module' => 'basic',
    'content' => '电话',
    'type' => '1',
    'displayorder' => '0',
    'status' => '1',
  ),
)

2017-08-26 14:13:23 response :
------------
Array:
FromUserName : gh_14a8aa23d822 ;
ToUserName : oSt1B1JmL6XVB2Wi7DQCZGGAF_dA ;
MsgType : text ;
Content : 远宇诚智慧科技诚挚为您解决智能推广平台服务：18630221022 ;

2017-08-26 14:13:53 trace :
------------
String:
<xml><ToUserName><![CDATA[gh_14a8aa23d822]]></ToUserName>
<FromUserName><![CDATA[oSt1B1JmL6XVB2Wi7DQCZGGAF_dA]]></FromUserName>
<CreateTime>1503728033</CreateTime>
<MsgType><![CDATA[event]]></MsgType>
<Event><![CDATA[VIEW]]></Event>
<EventKey><![CDATA[http://weixin.zhuoyueguanli.com/app/index.php?i=5&c=entry&m=weisrc_dish&do=waprestList]]></EventKey>
<MenuId>511444011</MenuId>
</xml>

2017-08-26 14:13:53 params :
------------
String:
array (
  'message' => 
  array (
    'tousername' => 'gh_14a8aa23d822',
    'fromusername' => 'oSt1B1JmL6XVB2Wi7DQCZGGAF_dA',
    'createtime' => '1503728033',
    'msgtype' => 'event',
    'event' => 'VIEW',
    'eventkey' => 'http://weixin.zhuoyueguanli.com/app/index.php?i=5&c=entry&m=weisrc_dish&do=waprestList',
    'menuid' => '511444011',
    'from' => 'oSt1B1JmL6XVB2Wi7DQCZGGAF_dA',
    'to' => 'gh_14a8aa23d822',
    'time' => '1503728033',
    'type' => 'text',
    'content' => '电话',
    'redirection' => true,
    'source' => 'default',
    'original' => 'http://weixin.zhuoyueguanli.com/app/index.php?i=5&c=entry&m=weisrc_dish&do=waprestList',
  ),
  'module' => 'basic',
  'rule' => '12',
  'priority' => '0',
  'keyword' => 
  array (
    'id' => '18',
    'rid' => '12',
    'uniacid' => '5',
    'module' => 'basic',
    'content' => '电话',
    'type' => '1',
    'displayorder' => '0',
    'status' => '1',
  ),
)

2017-08-26 14:13:53 response :
------------
Array:
FromUserName : gh_14a8aa23d822 ;
ToUserName : oSt1B1JmL6XVB2Wi7DQCZGGAF_dA ;
MsgType : text ;
Content : 远宇诚智慧科技诚挚为您解决智能推广平台服务：18630221022 ;

2017-08-26 14:15:08 trace :
------------
String:
<xml><ToUserName><![CDATA[gh_14a8aa23d822]]></ToUserName>
<FromUserName><![CDATA[oSt1B1JmL6XVB2Wi7DQCZGGAF_dA]]></FromUserName>
<CreateTime>1503728108</CreateTime>
<MsgType><![CDATA[event]]></MsgType>
<Event><![CDATA[VIEW]]></Event>
<EventKey><![CDATA[https://h5.wps.cn/p/b977c573.html]]></EventKey>
<MenuId>511444011</MenuId>
</xml>

2017-08-26 14:15:08 params :
------------
String:
array (
  'message' => 
  array (
    'tousername' => 'gh_14a8aa23d822',
    'fromusername' => 'oSt1B1JmL6XVB2Wi7DQCZGGAF_dA',
    'createtime' => '1503728108',
    'msgtype' => 'event',
    'event' => 'VIEW',
    'eventkey' => 'https://h5.wps.cn/p/b977c573.html',
    'menuid' => '511444011',
    'from' => 'oSt1B1JmL6XVB2Wi7DQCZGGAF_dA',
    'to' => 'gh_14a8aa23d822',
    'time' => '1503728108',
    'type' => 'text',
    'content' => '电话',
    'redirection' => true,
    'source' => 'default',
    'original' => 'https://h5.wps.cn/p/b977c573.html',
  ),
  'module' => 'basic',
  'rule' => '12',
  'priority' => '0',
  'keyword' => 
  array (
    'id' => '18',
    'rid' => '12',
    'uniacid' => '5',
    'module' => 'basic',
    'content' => '电话',
    'type' => '1',
    'displayorder' => '0',
    'status' => '1',
  ),
)

2017-08-26 14:15:08 response :
------------
Array:
FromUserName : gh_14a8aa23d822 ;
ToUserName : oSt1B1JmL6XVB2Wi7DQCZGGAF_dA ;
MsgType : text ;
Content : 远宇诚智慧科技诚挚为您解决智能推广平台服务：18630221022 ;

2017-08-26 14:15:11 trace :
------------
String:
<xml><ToUserName><![CDATA[gh_14a8aa23d822]]></ToUserName>
<FromUserName><![CDATA[oSt1B1JmL6XVB2Wi7DQCZGGAF_dA]]></FromUserName>
<CreateTime>1503728111</CreateTime>
<MsgType><![CDATA[event]]></MsgType>
<Event><![CDATA[CLICK]]></Event>
<EventKey><![CDATA[招牌菜]]></EventKey>
</xml>

2017-08-26 14:15:11 params :
------------
String:
array (
  'message' => 
  array (
    'tousername' => 'gh_14a8aa23d822',
    'fromusername' => 'oSt1B1JmL6XVB2Wi7DQCZGGAF_dA',
    'createtime' => '1503728111',
    'msgtype' => 'event',
    'event' => 'CLICK',
    'eventkey' => '招牌菜',
    'from' => 'oSt1B1JmL6XVB2Wi7DQCZGGAF_dA',
    'to' => 'gh_14a8aa23d822',
    'time' => '1503728111',
    'type' => 'text',
    'content' => '招牌菜',
    'redirection' => true,
    'source' => 'click',
  ),
  'module' => 'news',
  'rule' => '15',
  'priority' => '0',
  'keyword' => 
  array (
    'id' => '72',
    'rid' => '15',
    'uniacid' => '5',
    'module' => 'news',
    'content' => '招牌菜',
    'type' => '1',
    'displayorder' => '0',
    'status' => '1',
  ),
)

2017-08-26 14:15:11 response :
------------
Array:
FromUserName : gh_14a8aa23d822 ;
ToUserName : oSt1B1JmL6XVB2Wi7DQCZGGAF_dA ;
MsgType : news ;
ArticleCount : 1 ;
Articles : Array ;

2017-08-26 14:15:49 trace :
------------
String:
<xml><ToUserName><![CDATA[gh_14a8aa23d822]]></ToUserName>
<FromUserName><![CDATA[oSt1B1JmL6XVB2Wi7DQCZGGAF_dA]]></FromUserName>
<CreateTime>1503728149</CreateTime>
<MsgType><![CDATA[event]]></MsgType>
<Event><![CDATA[VIEW]]></Event>
<EventKey><![CDATA[http://weixin.zhuoyueguanli.com/app/index.php?i=5&c=entry&m=weisrc_dish&do=waprestList]]></EventKey>
<MenuId>511444011</MenuId>
</xml>

2017-08-26 14:15:49 params :
------------
String:
array (
  'message' => 
  array (
    'tousername' => 'gh_14a8aa23d822',
    'fromusername' => 'oSt1B1JmL6XVB2Wi7DQCZGGAF_dA',
    'createtime' => '1503728149',
    'msgtype' => 'event',
    'event' => 'VIEW',
    'eventkey' => 'http://weixin.zhuoyueguanli.com/app/index.php?i=5&c=entry&m=weisrc_dish&do=waprestList',
    'menuid' => '511444011',
    'from' => 'oSt1B1JmL6XVB2Wi7DQCZGGAF_dA',
    'to' => 'gh_14a8aa23d822',
    'time' => '1503728149',
    'type' => 'text',
    'content' => '电话',
    'redirection' => true,
    'source' => 'default',
    'original' => 'http://weixin.zhuoyueguanli.com/app/index.php?i=5&c=entry&m=weisrc_dish&do=waprestList',
  ),
  'module' => 'basic',
  'rule' => '12',
  'priority' => '0',
  'keyword' => 
  array (
    'id' => '18',
    'rid' => '12',
    'uniacid' => '5',
    'module' => 'basic',
    'content' => '电话',
    'type' => '1',
    'displayorder' => '0',
    'status' => '1',
  ),
)

2017-08-26 14:15:49 response :
------------
Array:
FromUserName : gh_14a8aa23d822 ;
ToUserName : oSt1B1JmL6XVB2Wi7DQCZGGAF_dA ;
MsgType : text ;
Content : 远宇诚智慧科技诚挚为您解决智能推广平台服务：18630221022 ;

2017-08-26 14:21:24 trace :
------------
String:
<xml><ToUserName><![CDATA[gh_14a8aa23d822]]></ToUserName>
<FromUserName><![CDATA[oSt1B1JmL6XVB2Wi7DQCZGGAF_dA]]></FromUserName>
<CreateTime>1503728484</CreateTime>
<MsgType><![CDATA[event]]></MsgType>
<Event><![CDATA[VIEW]]></Event>
<EventKey><![CDATA[http://weixin.zhuoyueguanli.com/app/index.php?i=5&c=entry&m=weisrc_dish&do=order]]></EventKey>
<MenuId>511444011</MenuId>
</xml>

2017-08-26 14:21:24 params :
------------
String:
array (
  'message' => 
  array (
    'tousername' => 'gh_14a8aa23d822',
    'fromusername' => 'oSt1B1JmL6XVB2Wi7DQCZGGAF_dA',
    'createtime' => '1503728484',
    'msgtype' => 'event',
    'event' => 'VIEW',
    'eventkey' => 'http://weixin.zhuoyueguanli.com/app/index.php?i=5&c=entry&m=weisrc_dish&do=order',
    'menuid' => '511444011',
    'from' => 'oSt1B1JmL6XVB2Wi7DQCZGGAF_dA',
    'to' => 'gh_14a8aa23d822',
    'time' => '1503728484',
    'type' => 'text',
    'content' => '电话',
    'redirection' => true,
    'source' => 'default',
    'original' => 'http://weixin.zhuoyueguanli.com/app/index.php?i=5&c=entry&m=weisrc_dish&do=order',
  ),
  'module' => 'basic',
  'rule' => '12',
  'priority' => '0',
  'keyword' => 
  array (
    'id' => '18',
    'rid' => '12',
    'uniacid' => '5',
    'module' => 'basic',
    'content' => '电话',
    'type' => '1',
    'displayorder' => '0',
    'status' => '1',
  ),
)

2017-08-26 14:21:24 response :
------------
Array:
FromUserName : gh_14a8aa23d822 ;
ToUserName : oSt1B1JmL6XVB2Wi7DQCZGGAF_dA ;
MsgType : text ;
Content : 远宇诚智慧科技诚挚为您解决智能推广平台服务：18630221022 ;

2017-08-26 14:28:50 trace :
------------
String:
<xml><ToUserName><![CDATA[gh_14a8aa23d822]]></ToUserName>
<FromUserName><![CDATA[oSt1B1JmL6XVB2Wi7DQCZGGAF_dA]]></FromUserName>
<CreateTime>1503728930</CreateTime>
<MsgType><![CDATA[event]]></MsgType>
<Event><![CDATA[VIEW]]></Event>
<EventKey><![CDATA[http://weixin.zhuoyueguanli.com/app/index.php?i=5&c=entry&m=weisrc_dish&do=waprestList]]></EventKey>
<MenuId>511444011</MenuId>
</xml>

2017-08-26 14:28:50 params :
------------
String:
array (
  'message' => 
  array (
    'tousername' => 'gh_14a8aa23d822',
    'fromusername' => 'oSt1B1JmL6XVB2Wi7DQCZGGAF_dA',
    'createtime' => '1503728930',
    'msgtype' => 'event',
    'event' => 'VIEW',
    'eventkey' => 'http://weixin.zhuoyueguanli.com/app/index.php?i=5&c=entry&m=weisrc_dish&do=waprestList',
    'menuid' => '511444011',
    'from' => 'oSt1B1JmL6XVB2Wi7DQCZGGAF_dA',
    'to' => 'gh_14a8aa23d822',
    'time' => '1503728930',
    'type' => 'text',
    'content' => '电话',
    'redirection' => true,
    'source' => 'default',
    'original' => 'http://weixin.zhuoyueguanli.com/app/index.php?i=5&c=entry&m=weisrc_dish&do=waprestList',
  ),
  'module' => 'basic',
  'rule' => '12',
  'priority' => '0',
  'keyword' => 
  array (
    'id' => '18',
    'rid' => '12',
    'uniacid' => '5',
    'module' => 'basic',
    'content' => '电话',
    'type' => '1',
    'displayorder' => '0',
    'status' => '1',
  ),
)

2017-08-26 14:28:50 response :
------------
Array:
FromUserName : gh_14a8aa23d822 ;
ToUserName : oSt1B1JmL6XVB2Wi7DQCZGGAF_dA ;
MsgType : text ;
Content : 远宇诚智慧科技诚挚为您解决智能推广平台服务：18630221022 ;

