2017-06-17 08:49:28 trace :
------------
String:
<xml><ToUserName><![CDATA[gh_64193e389546]]></ToUserName>
<FromUserName><![CDATA[oG-qK03tq1G1vEOIDt3u8Ct5oc18]]></FromUserName>
<CreateTime>1497660568</CreateTime>
<MsgType><![CDATA[event]]></MsgType>
<Event><![CDATA[VIEW]]></Event>
<EventKey><![CDATA[http://weixin.zhuoyueguanli.com/app/index.php?i=2&c=entry&m=weisrc_dish&do=waprestList]]></EventKey>
<MenuId>472377621</MenuId>
</xml>

2017-06-17 08:49:28 params :
------------
String:
array (
  'rule' => -2,
  'module' => '',
  'message' => 
  array (
    'tousername' => 'gh_64193e389546',
    'fromusername' => 'oG-qK03tq1G1vEOIDt3u8Ct5oc18',
    'createtime' => '1497660568',
    'msgtype' => 'event',
    'event' => 'VIEW',
    'eventkey' => 'http://weixin.zhuoyueguanli.com/app/index.php?i=2&c=entry&m=weisrc_dish&do=waprestList',
    'menuid' => '472377621',
    'from' => 'oG-qK03tq1G1vEOIDt3u8Ct5oc18',
    'to' => 'gh_64193e389546',
    'time' => '1497660568',
    'type' => 'text',
    'content' => 'http://weixin.zhuoyueguanli.com/app/index.php?i=2&c=entry&m=weisrc_dish&do=waprestList',
    'redirection' => true,
    'source' => 'VIEW',
  ),
)

2017-06-17 08:49:28 response :
------------

2017-06-17 08:49:32 trace :
------------
String:
<xml><ToUserName><![CDATA[gh_64193e389546]]></ToUserName>
<FromUserName><![CDATA[oG-qK03tq1G1vEOIDt3u8Ct5oc18]]></FromUserName>
<CreateTime>1497660572</CreateTime>
<MsgType><![CDATA[event]]></MsgType>
<Event><![CDATA[VIEW]]></Event>
<EventKey><![CDATA[http://weixin.zhuoyueguanli.com/app/index.php?i=2&c=entry&m=weisrc_dish&do=waprestList]]></EventKey>
<MenuId>472377621</MenuId>
</xml>

2017-06-17 08:49:32 params :
------------
String:
array (
  'rule' => -2,
  'module' => '',
  'message' => 
  array (
    'tousername' => 'gh_64193e389546',
    'fromusername' => 'oG-qK03tq1G1vEOIDt3u8Ct5oc18',
    'createtime' => '1497660572',
    'msgtype' => 'event',
    'event' => 'VIEW',
    'eventkey' => 'http://weixin.zhuoyueguanli.com/app/index.php?i=2&c=entry&m=weisrc_dish&do=waprestList',
    'menuid' => '472377621',
    'from' => 'oG-qK03tq1G1vEOIDt3u8Ct5oc18',
    'to' => 'gh_64193e389546',
    'time' => '1497660572',
    'type' => 'text',
    'content' => 'http://weixin.zhuoyueguanli.com/app/index.php?i=2&c=entry&m=weisrc_dish&do=waprestList',
    'redirection' => true,
    'source' => 'VIEW',
  ),
)

2017-06-17 08:49:32 response :
------------

2017-06-17 08:50:07 trace :
------------
String:
<xml><ToUserName><![CDATA[gh_64193e389546]]></ToUserName>
<FromUserName><![CDATA[oG-qK03tq1G1vEOIDt3u8Ct5oc18]]></FromUserName>
<CreateTime>1497660607</CreateTime>
<MsgType><![CDATA[event]]></MsgType>
<Event><![CDATA[VIEW]]></Event>
<EventKey><![CDATA[http://weixin.zhuoyueguanli.com/app/index.php?i=2&c=entry&m=weisrc_dish&do=waprestList]]></EventKey>
<MenuId>472377621</MenuId>
</xml>

2017-06-17 08:50:07 params :
------------
String:
array (
  'rule' => -2,
  'module' => '',
  'message' => 
  array (
    'tousername' => 'gh_64193e389546',
    'fromusername' => 'oG-qK03tq1G1vEOIDt3u8Ct5oc18',
    'createtime' => '1497660607',
    'msgtype' => 'event',
    'event' => 'VIEW',
    'eventkey' => 'http://weixin.zhuoyueguanli.com/app/index.php?i=2&c=entry&m=weisrc_dish&do=waprestList',
    'menuid' => '472377621',
    'from' => 'oG-qK03tq1G1vEOIDt3u8Ct5oc18',
    'to' => 'gh_64193e389546',
    'time' => '1497660607',
    'type' => 'text',
    'content' => 'http://weixin.zhuoyueguanli.com/app/index.php?i=2&c=entry&m=weisrc_dish&do=waprestList',
    'redirection' => true,
    'source' => 'VIEW',
  ),
)

2017-06-17 08:50:07 response :
------------

2017-06-17 08:52:50 trace :
------------
String:
<xml><ToUserName><![CDATA[gh_64193e389546]]></ToUserName>
<FromUserName><![CDATA[oG-qK03tq1G1vEOIDt3u8Ct5oc18]]></FromUserName>
<CreateTime>1497660769</CreateTime>
<MsgType><![CDATA[event]]></MsgType>
<Event><![CDATA[VIEW]]></Event>
<EventKey><![CDATA[http://weixin.zhuoyueguanli.com/app/index.php?i=2&c=entry&m=weisrc_dish&do=waprestList]]></EventKey>
<MenuId>472377621</MenuId>
</xml>

2017-06-17 08:52:50 params :
------------
String:
array (
  'rule' => -2,
  'module' => '',
  'message' => 
  array (
    'tousername' => 'gh_64193e389546',
    'fromusername' => 'oG-qK03tq1G1vEOIDt3u8Ct5oc18',
    'createtime' => '1497660769',
    'msgtype' => 'event',
    'event' => 'VIEW',
    'eventkey' => 'http://weixin.zhuoyueguanli.com/app/index.php?i=2&c=entry&m=weisrc_dish&do=waprestList',
    'menuid' => '472377621',
    'from' => 'oG-qK03tq1G1vEOIDt3u8Ct5oc18',
    'to' => 'gh_64193e389546',
    'time' => '1497660769',
    'type' => 'text',
    'content' => 'http://weixin.zhuoyueguanli.com/app/index.php?i=2&c=entry&m=weisrc_dish&do=waprestList',
    'redirection' => true,
    'source' => 'VIEW',
  ),
)

2017-06-17 08:52:50 response :
------------

2017-06-17 11:43:41 trace :
------------
String:
<xml><ToUserName><![CDATA[gh_64193e389546]]></ToUserName>
<FromUserName><![CDATA[oG-qK06vubvbC4tRdY_xi2l9I2RI]]></FromUserName>
<CreateTime>1497671021</CreateTime>
<MsgType><![CDATA[event]]></MsgType>
<Event><![CDATA[VIEW]]></Event>
<EventKey><![CDATA[http://weixin.zhuoyueguanli.com/app/index.php?i=2&c=entry&m=weisrc_dish&do=waprestList]]></EventKey>
<MenuId>472377621</MenuId>
</xml>

2017-06-17 11:43:41 params :
------------
String:
array (
  'rule' => -2,
  'module' => '',
  'message' => 
  array (
    'tousername' => 'gh_64193e389546',
    'fromusername' => 'oG-qK06vubvbC4tRdY_xi2l9I2RI',
    'createtime' => '1497671021',
    'msgtype' => 'event',
    'event' => 'VIEW',
    'eventkey' => 'http://weixin.zhuoyueguanli.com/app/index.php?i=2&c=entry&m=weisrc_dish&do=waprestList',
    'menuid' => '472377621',
    'from' => 'oG-qK06vubvbC4tRdY_xi2l9I2RI',
    'to' => 'gh_64193e389546',
    'time' => '1497671021',
    'type' => 'text',
    'content' => 'http://weixin.zhuoyueguanli.com/app/index.php?i=2&c=entry&m=weisrc_dish&do=waprestList',
    'redirection' => true,
    'source' => 'VIEW',
  ),
)

2017-06-17 11:43:41 response :
------------

2017-06-17 11:44:26 trace :
------------
String:
<xml><ToUserName><![CDATA[gh_64193e389546]]></ToUserName>
<FromUserName><![CDATA[oG-qK06vubvbC4tRdY_xi2l9I2RI]]></FromUserName>
<CreateTime>1497671066</CreateTime>
<MsgType><![CDATA[event]]></MsgType>
<Event><![CDATA[VIEW]]></Event>
<EventKey><![CDATA[http://weixin.zhuoyueguanli.com/app/index.php?i=2&c=entry&m=weisrc_dish&do=waprestList]]></EventKey>
<MenuId>472377621</MenuId>
</xml>

2017-06-17 11:44:26 params :
------------
String:
array (
  'rule' => -2,
  'module' => '',
  'message' => 
  array (
    'tousername' => 'gh_64193e389546',
    'fromusername' => 'oG-qK06vubvbC4tRdY_xi2l9I2RI',
    'createtime' => '1497671066',
    'msgtype' => 'event',
    'event' => 'VIEW',
    'eventkey' => 'http://weixin.zhuoyueguanli.com/app/index.php?i=2&c=entry&m=weisrc_dish&do=waprestList',
    'menuid' => '472377621',
    'from' => 'oG-qK06vubvbC4tRdY_xi2l9I2RI',
    'to' => 'gh_64193e389546',
    'time' => '1497671066',
    'type' => 'text',
    'content' => 'http://weixin.zhuoyueguanli.com/app/index.php?i=2&c=entry&m=weisrc_dish&do=waprestList',
    'redirection' => true,
    'source' => 'VIEW',
  ),
)

2017-06-17 11:44:26 response :
------------

2017-06-17 11:45:19 trace :
------------
String:
<xml><ToUserName><![CDATA[gh_64193e389546]]></ToUserName>
<FromUserName><![CDATA[oG-qK06vubvbC4tRdY_xi2l9I2RI]]></FromUserName>
<CreateTime>1497671119</CreateTime>
<MsgType><![CDATA[event]]></MsgType>
<Event><![CDATA[VIEW]]></Event>
<EventKey><![CDATA[http://weixin.zhuoyueguanli.com/app/index.php?i=2&c=entry&m=weisrc_dish&do=waprestList]]></EventKey>
<MenuId>472377621</MenuId>
</xml>

2017-06-17 11:45:19 params :
------------
String:
array (
  'rule' => -2,
  'module' => '',
  'message' => 
  array (
    'tousername' => 'gh_64193e389546',
    'fromusername' => 'oG-qK06vubvbC4tRdY_xi2l9I2RI',
    'createtime' => '1497671119',
    'msgtype' => 'event',
    'event' => 'VIEW',
    'eventkey' => 'http://weixin.zhuoyueguanli.com/app/index.php?i=2&c=entry&m=weisrc_dish&do=waprestList',
    'menuid' => '472377621',
    'from' => 'oG-qK06vubvbC4tRdY_xi2l9I2RI',
    'to' => 'gh_64193e389546',
    'time' => '1497671119',
    'type' => 'text',
    'content' => 'http://weixin.zhuoyueguanli.com/app/index.php?i=2&c=entry&m=weisrc_dish&do=waprestList',
    'redirection' => true,
    'source' => 'VIEW',
  ),
)

2017-06-17 11:45:19 response :
------------

2017-06-17 11:46:18 trace :
------------
String:
<xml><ToUserName><![CDATA[gh_64193e389546]]></ToUserName>
<FromUserName><![CDATA[oG-qK06vubvbC4tRdY_xi2l9I2RI]]></FromUserName>
<CreateTime>1497671178</CreateTime>
<MsgType><![CDATA[event]]></MsgType>
<Event><![CDATA[VIEW]]></Event>
<EventKey><![CDATA[http://weixin.zhuoyueguanli.com/app/index.php?i=2&c=entry&m=weisrc_dish&do=order]]></EventKey>
<MenuId>472377621</MenuId>
</xml>

2017-06-17 11:46:18 params :
------------
String:
array (
  'rule' => -2,
  'module' => '',
  'message' => 
  array (
    'tousername' => 'gh_64193e389546',
    'fromusername' => 'oG-qK06vubvbC4tRdY_xi2l9I2RI',
    'createtime' => '1497671178',
    'msgtype' => 'event',
    'event' => 'VIEW',
    'eventkey' => 'http://weixin.zhuoyueguanli.com/app/index.php?i=2&c=entry&m=weisrc_dish&do=order',
    'menuid' => '472377621',
    'from' => 'oG-qK06vubvbC4tRdY_xi2l9I2RI',
    'to' => 'gh_64193e389546',
    'time' => '1497671178',
    'type' => 'text',
    'content' => 'http://weixin.zhuoyueguanli.com/app/index.php?i=2&c=entry&m=weisrc_dish&do=order',
    'redirection' => true,
    'source' => 'VIEW',
  ),
)

2017-06-17 11:46:18 response :
------------

2017-06-17 11:46:34 trace :
------------
String:
<xml><ToUserName><![CDATA[gh_64193e389546]]></ToUserName>
<FromUserName><![CDATA[oG-qK06vubvbC4tRdY_xi2l9I2RI]]></FromUserName>
<CreateTime>1497671194</CreateTime>
<MsgType><![CDATA[event]]></MsgType>
<Event><![CDATA[VIEW]]></Event>
<EventKey><![CDATA[http://weixin.zhuoyueguanli.com/app/index.php?i=2&c=entry&m=weisrc_dish&do=waprestList]]></EventKey>
<MenuId>472377621</MenuId>
</xml>

2017-06-17 11:46:34 params :
------------
String:
array (
  'rule' => -2,
  'module' => '',
  'message' => 
  array (
    'tousername' => 'gh_64193e389546',
    'fromusername' => 'oG-qK06vubvbC4tRdY_xi2l9I2RI',
    'createtime' => '1497671194',
    'msgtype' => 'event',
    'event' => 'VIEW',
    'eventkey' => 'http://weixin.zhuoyueguanli.com/app/index.php?i=2&c=entry&m=weisrc_dish&do=waprestList',
    'menuid' => '472377621',
    'from' => 'oG-qK06vubvbC4tRdY_xi2l9I2RI',
    'to' => 'gh_64193e389546',
    'time' => '1497671194',
    'type' => 'text',
    'content' => 'http://weixin.zhuoyueguanli.com/app/index.php?i=2&c=entry&m=weisrc_dish&do=waprestList',
    'redirection' => true,
    'source' => 'VIEW',
  ),
)

2017-06-17 11:46:34 response :
------------

2017-06-17 11:49:06 trace :
------------
String:
<xml><ToUserName><![CDATA[gh_64193e389546]]></ToUserName>
<FromUserName><![CDATA[oG-qK06vubvbC4tRdY_xi2l9I2RI]]></FromUserName>
<CreateTime>1497671346</CreateTime>
<MsgType><![CDATA[event]]></MsgType>
<Event><![CDATA[VIEW]]></Event>
<EventKey><![CDATA[http://weixin.zhuoyueguanli.com/app/index.php?i=2&c=entry&m=weisrc_dish&do=order]]></EventKey>
<MenuId>472377621</MenuId>
</xml>

2017-06-17 11:49:06 params :
------------
String:
array (
  'rule' => -2,
  'module' => '',
  'message' => 
  array (
    'tousername' => 'gh_64193e389546',
    'fromusername' => 'oG-qK06vubvbC4tRdY_xi2l9I2RI',
    'createtime' => '1497671346',
    'msgtype' => 'event',
    'event' => 'VIEW',
    'eventkey' => 'http://weixin.zhuoyueguanli.com/app/index.php?i=2&c=entry&m=weisrc_dish&do=order',
    'menuid' => '472377621',
    'from' => 'oG-qK06vubvbC4tRdY_xi2l9I2RI',
    'to' => 'gh_64193e389546',
    'time' => '1497671346',
    'type' => 'text',
    'content' => 'http://weixin.zhuoyueguanli.com/app/index.php?i=2&c=entry&m=weisrc_dish&do=order',
    'redirection' => true,
    'source' => 'VIEW',
  ),
)

2017-06-17 11:49:06 response :
------------

2017-06-17 11:50:00 trace :
------------
String:
<xml><ToUserName><![CDATA[gh_64193e389546]]></ToUserName>
<FromUserName><![CDATA[oG-qK06vubvbC4tRdY_xi2l9I2RI]]></FromUserName>
<CreateTime>1497671400</CreateTime>
<MsgType><![CDATA[event]]></MsgType>
<Event><![CDATA[VIEW]]></Event>
<EventKey><![CDATA[http://weixin.zhuoyueguanli.com/app/index.php?i=2&c=entry&m=weisrc_dish&do=order]]></EventKey>
<MenuId>472377621</MenuId>
</xml>

2017-06-17 11:50:00 params :
------------
String:
array (
  'rule' => -2,
  'module' => '',
  'message' => 
  array (
    'tousername' => 'gh_64193e389546',
    'fromusername' => 'oG-qK06vubvbC4tRdY_xi2l9I2RI',
    'createtime' => '1497671400',
    'msgtype' => 'event',
    'event' => 'VIEW',
    'eventkey' => 'http://weixin.zhuoyueguanli.com/app/index.php?i=2&c=entry&m=weisrc_dish&do=order',
    'menuid' => '472377621',
    'from' => 'oG-qK06vubvbC4tRdY_xi2l9I2RI',
    'to' => 'gh_64193e389546',
    'time' => '1497671400',
    'type' => 'text',
    'content' => 'http://weixin.zhuoyueguanli.com/app/index.php?i=2&c=entry&m=weisrc_dish&do=order',
    'redirection' => true,
    'source' => 'VIEW',
  ),
)

2017-06-17 11:50:00 response :
------------

2017-06-17 11:50:03 trace :
------------
String:
<xml><ToUserName><![CDATA[gh_64193e389546]]></ToUserName>
<FromUserName><![CDATA[oG-qK06vubvbC4tRdY_xi2l9I2RI]]></FromUserName>
<CreateTime>1497671403</CreateTime>
<MsgType><![CDATA[event]]></MsgType>
<Event><![CDATA[VIEW]]></Event>
<EventKey><![CDATA[http://weixin.zhuoyueguanli.com/app/index.php?i=2&c=entry&m=weisrc_dish&do=waprestList]]></EventKey>
<MenuId>472377621</MenuId>
</xml>

2017-06-17 11:50:03 params :
------------
String:
array (
  'rule' => -2,
  'module' => '',
  'message' => 
  array (
    'tousername' => 'gh_64193e389546',
    'fromusername' => 'oG-qK06vubvbC4tRdY_xi2l9I2RI',
    'createtime' => '1497671403',
    'msgtype' => 'event',
    'event' => 'VIEW',
    'eventkey' => 'http://weixin.zhuoyueguanli.com/app/index.php?i=2&c=entry&m=weisrc_dish&do=waprestList',
    'menuid' => '472377621',
    'from' => 'oG-qK06vubvbC4tRdY_xi2l9I2RI',
    'to' => 'gh_64193e389546',
    'time' => '1497671403',
    'type' => 'text',
    'content' => 'http://weixin.zhuoyueguanli.com/app/index.php?i=2&c=entry&m=weisrc_dish&do=waprestList',
    'redirection' => true,
    'source' => 'VIEW',
  ),
)

2017-06-17 11:50:03 response :
------------

2017-06-17 11:51:36 trace :
------------
String:
<xml><ToUserName><![CDATA[gh_64193e389546]]></ToUserName>
<FromUserName><![CDATA[oG-qK06vubvbC4tRdY_xi2l9I2RI]]></FromUserName>
<CreateTime>1497671496</CreateTime>
<MsgType><![CDATA[event]]></MsgType>
<Event><![CDATA[VIEW]]></Event>
<EventKey><![CDATA[http://weixin.zhuoyueguanli.com/app/index.php?i=2&c=entry&m=weisrc_dish&do=waprestList]]></EventKey>
<MenuId>472377621</MenuId>
</xml>

2017-06-17 11:51:36 params :
------------
String:
array (
  'rule' => -2,
  'module' => '',
  'message' => 
  array (
    'tousername' => 'gh_64193e389546',
    'fromusername' => 'oG-qK06vubvbC4tRdY_xi2l9I2RI',
    'createtime' => '1497671496',
    'msgtype' => 'event',
    'event' => 'VIEW',
    'eventkey' => 'http://weixin.zhuoyueguanli.com/app/index.php?i=2&c=entry&m=weisrc_dish&do=waprestList',
    'menuid' => '472377621',
    'from' => 'oG-qK06vubvbC4tRdY_xi2l9I2RI',
    'to' => 'gh_64193e389546',
    'time' => '1497671496',
    'type' => 'text',
    'content' => 'http://weixin.zhuoyueguanli.com/app/index.php?i=2&c=entry&m=weisrc_dish&do=waprestList',
    'redirection' => true,
    'source' => 'VIEW',
  ),
)

2017-06-17 11:51:36 response :
------------

2017-06-17 11:56:07 trace :
------------
String:
<xml><ToUserName><![CDATA[gh_64193e389546]]></ToUserName>
<FromUserName><![CDATA[oG-qK06vubvbC4tRdY_xi2l9I2RI]]></FromUserName>
<CreateTime>1497671767</CreateTime>
<MsgType><![CDATA[event]]></MsgType>
<Event><![CDATA[VIEW]]></Event>
<EventKey><![CDATA[http://weixin.zhuoyueguanli.com/app/index.php?i=2&c=entry&m=weisrc_dish&do=order]]></EventKey>
<MenuId>472377621</MenuId>
</xml>

2017-06-17 11:56:07 params :
------------
String:
array (
  'rule' => -2,
  'module' => '',
  'message' => 
  array (
    'tousername' => 'gh_64193e389546',
    'fromusername' => 'oG-qK06vubvbC4tRdY_xi2l9I2RI',
    'createtime' => '1497671767',
    'msgtype' => 'event',
    'event' => 'VIEW',
    'eventkey' => 'http://weixin.zhuoyueguanli.com/app/index.php?i=2&c=entry&m=weisrc_dish&do=order',
    'menuid' => '472377621',
    'from' => 'oG-qK06vubvbC4tRdY_xi2l9I2RI',
    'to' => 'gh_64193e389546',
    'time' => '1497671767',
    'type' => 'text',
    'content' => 'http://weixin.zhuoyueguanli.com/app/index.php?i=2&c=entry&m=weisrc_dish&do=order',
    'redirection' => true,
    'source' => 'VIEW',
  ),
)

2017-06-17 11:56:07 response :
------------

2017-06-17 11:56:17 trace :
------------
String:
<xml><ToUserName><![CDATA[gh_64193e389546]]></ToUserName>
<FromUserName><![CDATA[oG-qK06vubvbC4tRdY_xi2l9I2RI]]></FromUserName>
<CreateTime>1497671777</CreateTime>
<MsgType><![CDATA[event]]></MsgType>
<Event><![CDATA[VIEW]]></Event>
<EventKey><![CDATA[http://weixin.zhuoyueguanli.com/app/index.php?i=2&c=entry&m=weisrc_dish&do=waprestList]]></EventKey>
<MenuId>472377621</MenuId>
</xml>

2017-06-17 11:56:17 params :
------------
String:
array (
  'rule' => -2,
  'module' => '',
  'message' => 
  array (
    'tousername' => 'gh_64193e389546',
    'fromusername' => 'oG-qK06vubvbC4tRdY_xi2l9I2RI',
    'createtime' => '1497671777',
    'msgtype' => 'event',
    'event' => 'VIEW',
    'eventkey' => 'http://weixin.zhuoyueguanli.com/app/index.php?i=2&c=entry&m=weisrc_dish&do=waprestList',
    'menuid' => '472377621',
    'from' => 'oG-qK06vubvbC4tRdY_xi2l9I2RI',
    'to' => 'gh_64193e389546',
    'time' => '1497671777',
    'type' => 'text',
    'content' => 'http://weixin.zhuoyueguanli.com/app/index.php?i=2&c=entry&m=weisrc_dish&do=waprestList',
    'redirection' => true,
    'source' => 'VIEW',
  ),
)

2017-06-17 11:56:17 response :
------------

2017-06-17 11:57:41 trace :
------------
String:
<xml><ToUserName><![CDATA[gh_64193e389546]]></ToUserName>
<FromUserName><![CDATA[oG-qK06vubvbC4tRdY_xi2l9I2RI]]></FromUserName>
<CreateTime>1497671861</CreateTime>
<MsgType><![CDATA[event]]></MsgType>
<Event><![CDATA[VIEW]]></Event>
<EventKey><![CDATA[http://weixin.zhuoyueguanli.com/app/index.php?i=2&c=entry&m=weisrc_dish&do=order]]></EventKey>
<MenuId>472377621</MenuId>
</xml>

2017-06-17 11:57:41 params :
------------
String:
array (
  'rule' => -2,
  'module' => '',
  'message' => 
  array (
    'tousername' => 'gh_64193e389546',
    'fromusername' => 'oG-qK06vubvbC4tRdY_xi2l9I2RI',
    'createtime' => '1497671861',
    'msgtype' => 'event',
    'event' => 'VIEW',
    'eventkey' => 'http://weixin.zhuoyueguanli.com/app/index.php?i=2&c=entry&m=weisrc_dish&do=order',
    'menuid' => '472377621',
    'from' => 'oG-qK06vubvbC4tRdY_xi2l9I2RI',
    'to' => 'gh_64193e389546',
    'time' => '1497671861',
    'type' => 'text',
    'content' => 'http://weixin.zhuoyueguanli.com/app/index.php?i=2&c=entry&m=weisrc_dish&do=order',
    'redirection' => true,
    'source' => 'VIEW',
  ),
)

2017-06-17 11:57:41 response :
------------

2017-06-17 11:57:44 trace :
------------
String:
<xml><ToUserName><![CDATA[gh_64193e389546]]></ToUserName>
<FromUserName><![CDATA[oG-qK06vubvbC4tRdY_xi2l9I2RI]]></FromUserName>
<CreateTime>1497671864</CreateTime>
<MsgType><![CDATA[event]]></MsgType>
<Event><![CDATA[VIEW]]></Event>
<EventKey><![CDATA[http://weixin.zhuoyueguanli.com/app/index.php?i=2&c=entry&m=weisrc_dish&do=waprestList]]></EventKey>
<MenuId>472377621</MenuId>
</xml>

2017-06-17 11:57:44 params :
------------
String:
array (
  'rule' => -2,
  'module' => '',
  'message' => 
  array (
    'tousername' => 'gh_64193e389546',
    'fromusername' => 'oG-qK06vubvbC4tRdY_xi2l9I2RI',
    'createtime' => '1497671864',
    'msgtype' => 'event',
    'event' => 'VIEW',
    'eventkey' => 'http://weixin.zhuoyueguanli.com/app/index.php?i=2&c=entry&m=weisrc_dish&do=waprestList',
    'menuid' => '472377621',
    'from' => 'oG-qK06vubvbC4tRdY_xi2l9I2RI',
    'to' => 'gh_64193e389546',
    'time' => '1497671864',
    'type' => 'text',
    'content' => 'http://weixin.zhuoyueguanli.com/app/index.php?i=2&c=entry&m=weisrc_dish&do=waprestList',
    'redirection' => true,
    'source' => 'VIEW',
  ),
)

2017-06-17 11:57:44 response :
------------

2017-06-17 12:11:56 trace :
------------
String:
<xml><ToUserName><![CDATA[gh_64193e389546]]></ToUserName>
<FromUserName><![CDATA[oG-qK06vubvbC4tRdY_xi2l9I2RI]]></FromUserName>
<CreateTime>1497672716</CreateTime>
<MsgType><![CDATA[event]]></MsgType>
<Event><![CDATA[VIEW]]></Event>
<EventKey><![CDATA[http://weixin.zhuoyueguanli.com/app/index.php?i=2&c=entry&m=weisrc_dish&do=waprestList]]></EventKey>
<MenuId>472377621</MenuId>
</xml>

2017-06-17 12:11:56 params :
------------
String:
array (
  'rule' => -2,
  'module' => '',
  'message' => 
  array (
    'tousername' => 'gh_64193e389546',
    'fromusername' => 'oG-qK06vubvbC4tRdY_xi2l9I2RI',
    'createtime' => '1497672716',
    'msgtype' => 'event',
    'event' => 'VIEW',
    'eventkey' => 'http://weixin.zhuoyueguanli.com/app/index.php?i=2&c=entry&m=weisrc_dish&do=waprestList',
    'menuid' => '472377621',
    'from' => 'oG-qK06vubvbC4tRdY_xi2l9I2RI',
    'to' => 'gh_64193e389546',
    'time' => '1497672716',
    'type' => 'text',
    'content' => 'http://weixin.zhuoyueguanli.com/app/index.php?i=2&c=entry&m=weisrc_dish&do=waprestList',
    'redirection' => true,
    'source' => 'VIEW',
  ),
)

2017-06-17 12:11:56 response :
------------

2017-06-17 12:12:10 trace :
------------
String:
<xml><ToUserName><![CDATA[gh_64193e389546]]></ToUserName>
<FromUserName><![CDATA[oG-qK06vubvbC4tRdY_xi2l9I2RI]]></FromUserName>
<CreateTime>1497672730</CreateTime>
<MsgType><![CDATA[event]]></MsgType>
<Event><![CDATA[VIEW]]></Event>
<EventKey><![CDATA[http://weixin.zhuoyueguanli.com/app/index.php?i=2&c=entry&m=weisrc_dish&do=order]]></EventKey>
<MenuId>472377621</MenuId>
</xml>

2017-06-17 12:12:10 params :
------------
String:
array (
  'rule' => -2,
  'module' => '',
  'message' => 
  array (
    'tousername' => 'gh_64193e389546',
    'fromusername' => 'oG-qK06vubvbC4tRdY_xi2l9I2RI',
    'createtime' => '1497672730',
    'msgtype' => 'event',
    'event' => 'VIEW',
    'eventkey' => 'http://weixin.zhuoyueguanli.com/app/index.php?i=2&c=entry&m=weisrc_dish&do=order',
    'menuid' => '472377621',
    'from' => 'oG-qK06vubvbC4tRdY_xi2l9I2RI',
    'to' => 'gh_64193e389546',
    'time' => '1497672730',
    'type' => 'text',
    'content' => 'http://weixin.zhuoyueguanli.com/app/index.php?i=2&c=entry&m=weisrc_dish&do=order',
    'redirection' => true,
    'source' => 'VIEW',
  ),
)

2017-06-17 12:12:10 response :
------------

2017-06-17 12:12:14 trace :
------------
String:
<xml><ToUserName><![CDATA[gh_64193e389546]]></ToUserName>
<FromUserName><![CDATA[oG-qK06vubvbC4tRdY_xi2l9I2RI]]></FromUserName>
<CreateTime>1497672734</CreateTime>
<MsgType><![CDATA[event]]></MsgType>
<Event><![CDATA[VIEW]]></Event>
<EventKey><![CDATA[http://weixin.zhuoyueguanli.com/app/index.php?i=2&c=entry&m=weisrc_dish&do=waprestList]]></EventKey>
<MenuId>472377621</MenuId>
</xml>

2017-06-17 12:12:14 params :
------------
String:
array (
  'rule' => -2,
  'module' => '',
  'message' => 
  array (
    'tousername' => 'gh_64193e389546',
    'fromusername' => 'oG-qK06vubvbC4tRdY_xi2l9I2RI',
    'createtime' => '1497672734',
    'msgtype' => 'event',
    'event' => 'VIEW',
    'eventkey' => 'http://weixin.zhuoyueguanli.com/app/index.php?i=2&c=entry&m=weisrc_dish&do=waprestList',
    'menuid' => '472377621',
    'from' => 'oG-qK06vubvbC4tRdY_xi2l9I2RI',
    'to' => 'gh_64193e389546',
    'time' => '1497672734',
    'type' => 'text',
    'content' => 'http://weixin.zhuoyueguanli.com/app/index.php?i=2&c=entry&m=weisrc_dish&do=waprestList',
    'redirection' => true,
    'source' => 'VIEW',
  ),
)

2017-06-17 12:12:14 response :
------------

2017-06-17 13:47:57 trace :
------------
String:
<xml><ToUserName><![CDATA[gh_64193e389546]]></ToUserName>
<FromUserName><![CDATA[oG-qK03tq1G1vEOIDt3u8Ct5oc18]]></FromUserName>
<CreateTime>1497678476</CreateTime>
<MsgType><![CDATA[event]]></MsgType>
<Event><![CDATA[VIEW]]></Event>
<EventKey><![CDATA[http://weixin.zhuoyueguanli.com/app/index.php?i=2&c=entry&m=weisrc_dish&do=waprestList]]></EventKey>
<MenuId>472377621</MenuId>
</xml>

2017-06-17 13:47:57 params :
------------
String:
array (
  'rule' => -2,
  'module' => '',
  'message' => 
  array (
    'tousername' => 'gh_64193e389546',
    'fromusername' => 'oG-qK03tq1G1vEOIDt3u8Ct5oc18',
    'createtime' => '1497678476',
    'msgtype' => 'event',
    'event' => 'VIEW',
    'eventkey' => 'http://weixin.zhuoyueguanli.com/app/index.php?i=2&c=entry&m=weisrc_dish&do=waprestList',
    'menuid' => '472377621',
    'from' => 'oG-qK03tq1G1vEOIDt3u8Ct5oc18',
    'to' => 'gh_64193e389546',
    'time' => '1497678476',
    'type' => 'text',
    'content' => 'http://weixin.zhuoyueguanli.com/app/index.php?i=2&c=entry&m=weisrc_dish&do=waprestList',
    'redirection' => true,
    'source' => 'VIEW',
  ),
)

2017-06-17 13:47:57 response :
------------

