2017-07-20 10:34:54 trace :
------------
String:
<xml><ToUserName><![CDATA[gh_14a8aa23d822]]></ToUserName>
<FromUserName><![CDATA[oSt1B1Gqv4rlQHvy62j6BbCp2X3s]]></FromUserName>
<CreateTime>1500518094</CreateTime>
<MsgType><![CDATA[event]]></MsgType>
<Event><![CDATA[VIEW]]></Event>
<EventKey><![CDATA[http://weixin.zhuoyueguanli.com/app/index.php?i=5&c=entry&m=weisrc_dish&do=waprestList]]></EventKey>
<MenuId>511444011</MenuId>
</xml>

2017-07-20 10:34:54 params :
------------
String:
array (
  'message' => 
  array (
    'tousername' => 'gh_14a8aa23d822',
    'fromusername' => 'oSt1B1Gqv4rlQHvy62j6BbCp2X3s',
    'createtime' => '1500518094',
    'msgtype' => 'event',
    'event' => 'VIEW',
    'eventkey' => 'http://weixin.zhuoyueguanli.com/app/index.php?i=5&c=entry&m=weisrc_dish&do=waprestList',
    'menuid' => '511444011',
    'from' => 'oSt1B1Gqv4rlQHvy62j6BbCp2X3s',
    'to' => 'gh_14a8aa23d822',
    'time' => '1500518094',
    'type' => 'text',
    'content' => '电话',
    'redirection' => true,
    'source' => 'default',
    'original' => 'http://weixin.zhuoyueguanli.com/app/index.php?i=5&c=entry&m=weisrc_dish&do=waprestList',
  ),
  'module' => 'basic',
  'rule' => '12',
  'priority' => '0',
  'keyword' => 
  array (
    'id' => '18',
    'rid' => '12',
    'uniacid' => '5',
    'module' => 'basic',
    'content' => '电话',
    'type' => '1',
    'displayorder' => '0',
    'status' => '1',
  ),
)

2017-07-20 10:34:54 response :
------------
Array:
FromUserName : gh_14a8aa23d822 ;
ToUserName : oSt1B1Gqv4rlQHvy62j6BbCp2X3s ;
MsgType : text ;
Content : 远宇诚智慧科技诚挚为您解决智能推广平台服务：18630221022 ;

2017-07-20 10:43:03 trace :
------------
String:
<xml><ToUserName><![CDATA[gh_14a8aa23d822]]></ToUserName>
<FromUserName><![CDATA[oSt1B1LrzA7F4c1tQ6mrfdc4nKPQ]]></FromUserName>
<CreateTime>1500518583</CreateTime>
<MsgType><![CDATA[event]]></MsgType>
<Event><![CDATA[subscribe]]></Event>
<EventKey><![CDATA[]]></EventKey>
</xml>

2017-07-20 10:43:03 params :
------------
String:
array (
  'message' => 
  array (
    'tousername' => 'gh_14a8aa23d822',
    'fromusername' => 'oSt1B1LrzA7F4c1tQ6mrfdc4nKPQ',
    'createtime' => '1500518583',
    'msgtype' => 'event',
    'event' => 'subscribe',
    'eventkey' => '',
    'from' => 'oSt1B1LrzA7F4c1tQ6mrfdc4nKPQ',
    'to' => 'gh_14a8aa23d822',
    'time' => '1500518583',
    'type' => 'text',
    'redirection' => true,
    'source' => 'subscribe',
    'content' => '微信点餐',
  ),
  'module' => 'news',
  'rule' => '13',
  'priority' => '0',
  'keyword' => 
  array (
    'id' => '164',
    'rid' => '13',
    'uniacid' => '5',
    'module' => 'news',
    'content' => '微信点餐',
    'type' => '1',
    'displayorder' => '0',
    'status' => '1',
  ),
)

2017-07-20 10:43:03 response :
------------
Array:
FromUserName : gh_14a8aa23d822 ;
ToUserName : oSt1B1LrzA7F4c1tQ6mrfdc4nKPQ ;
MsgType : news ;
ArticleCount : 5 ;
Articles : Array ;

2017-07-20 10:43:08 trace :
------------
String:
<xml><ToUserName><![CDATA[gh_14a8aa23d822]]></ToUserName>
<FromUserName><![CDATA[oSt1B1CUpzL9pinOwypz8J2P2hsU]]></FromUserName>
<CreateTime>1500518587</CreateTime>
<MsgType><![CDATA[event]]></MsgType>
<Event><![CDATA[subscribe]]></Event>
<EventKey><![CDATA[]]></EventKey>
</xml>

2017-07-20 10:43:08 params :
------------
String:
array (
  'message' => 
  array (
    'tousername' => 'gh_14a8aa23d822',
    'fromusername' => 'oSt1B1CUpzL9pinOwypz8J2P2hsU',
    'createtime' => '1500518587',
    'msgtype' => 'event',
    'event' => 'subscribe',
    'eventkey' => '',
    'from' => 'oSt1B1CUpzL9pinOwypz8J2P2hsU',
    'to' => 'gh_14a8aa23d822',
    'time' => '1500518587',
    'type' => 'text',
    'redirection' => true,
    'source' => 'subscribe',
    'content' => '微信点餐',
  ),
  'module' => 'news',
  'rule' => '13',
  'priority' => '0',
  'keyword' => 
  array (
    'id' => '164',
    'rid' => '13',
    'uniacid' => '5',
    'module' => 'news',
    'content' => '微信点餐',
    'type' => '1',
    'displayorder' => '0',
    'status' => '1',
  ),
)

2017-07-20 10:43:08 response :
------------
Array:
FromUserName : gh_14a8aa23d822 ;
ToUserName : oSt1B1CUpzL9pinOwypz8J2P2hsU ;
MsgType : news ;
ArticleCount : 5 ;
Articles : Array ;

2017-07-20 10:44:42 trace :
------------
String:
<xml><ToUserName><![CDATA[gh_14a8aa23d822]]></ToUserName>
<FromUserName><![CDATA[oSt1B1LrzA7F4c1tQ6mrfdc4nKPQ]]></FromUserName>
<CreateTime>1500518681</CreateTime>
<MsgType><![CDATA[event]]></MsgType>
<Event><![CDATA[VIEW]]></Event>
<EventKey><![CDATA[http://weixin.zhuoyueguanli.com/app/index.php?i=5&c=entry&m=weisrc_dish&do=waprestList]]></EventKey>
<MenuId>511444011</MenuId>
</xml>

2017-07-20 10:44:42 params :
------------
String:
array (
  'message' => 
  array (
    'tousername' => 'gh_14a8aa23d822',
    'fromusername' => 'oSt1B1LrzA7F4c1tQ6mrfdc4nKPQ',
    'createtime' => '1500518681',
    'msgtype' => 'event',
    'event' => 'VIEW',
    'eventkey' => 'http://weixin.zhuoyueguanli.com/app/index.php?i=5&c=entry&m=weisrc_dish&do=waprestList',
    'menuid' => '511444011',
    'from' => 'oSt1B1LrzA7F4c1tQ6mrfdc4nKPQ',
    'to' => 'gh_14a8aa23d822',
    'time' => '1500518681',
    'type' => 'text',
    'content' => '电话',
    'redirection' => true,
    'source' => 'default',
    'original' => 'http://weixin.zhuoyueguanli.com/app/index.php?i=5&c=entry&m=weisrc_dish&do=waprestList',
  ),
  'module' => 'basic',
  'rule' => '12',
  'priority' => '0',
  'keyword' => 
  array (
    'id' => '18',
    'rid' => '12',
    'uniacid' => '5',
    'module' => 'basic',
    'content' => '电话',
    'type' => '1',
    'displayorder' => '0',
    'status' => '1',
  ),
)

2017-07-20 10:44:42 response :
------------
Array:
FromUserName : gh_14a8aa23d822 ;
ToUserName : oSt1B1LrzA7F4c1tQ6mrfdc4nKPQ ;
MsgType : text ;
Content : 远宇诚智慧科技诚挚为您解决智能推广平台服务：18630221022 ;

2017-07-20 10:44:44 trace :
------------
String:
<xml><ToUserName><![CDATA[gh_14a8aa23d822]]></ToUserName>
<FromUserName><![CDATA[oSt1B1LrzA7F4c1tQ6mrfdc4nKPQ]]></FromUserName>
<CreateTime>1500518684</CreateTime>
<MsgType><![CDATA[event]]></MsgType>
<Event><![CDATA[VIEW]]></Event>
<EventKey><![CDATA[http://weixin.zhuoyueguanli.com/app/index.php?i=5&c=entry&m=weisrc_dish&do=order]]></EventKey>
<MenuId>511444011</MenuId>
</xml>

2017-07-20 10:44:44 params :
------------
String:
array (
  'message' => 
  array (
    'tousername' => 'gh_14a8aa23d822',
    'fromusername' => 'oSt1B1LrzA7F4c1tQ6mrfdc4nKPQ',
    'createtime' => '1500518684',
    'msgtype' => 'event',
    'event' => 'VIEW',
    'eventkey' => 'http://weixin.zhuoyueguanli.com/app/index.php?i=5&c=entry&m=weisrc_dish&do=order',
    'menuid' => '511444011',
    'from' => 'oSt1B1LrzA7F4c1tQ6mrfdc4nKPQ',
    'to' => 'gh_14a8aa23d822',
    'time' => '1500518684',
    'type' => 'text',
    'content' => '电话',
    'redirection' => true,
    'source' => 'default',
    'original' => 'http://weixin.zhuoyueguanli.com/app/index.php?i=5&c=entry&m=weisrc_dish&do=order',
  ),
  'module' => 'basic',
  'rule' => '12',
  'priority' => '0',
  'keyword' => 
  array (
    'id' => '18',
    'rid' => '12',
    'uniacid' => '5',
    'module' => 'basic',
    'content' => '电话',
    'type' => '1',
    'displayorder' => '0',
    'status' => '1',
  ),
)

2017-07-20 10:44:44 response :
------------
Array:
FromUserName : gh_14a8aa23d822 ;
ToUserName : oSt1B1LrzA7F4c1tQ6mrfdc4nKPQ ;
MsgType : text ;
Content : 远宇诚智慧科技诚挚为您解决智能推广平台服务：18630221022 ;

2017-07-20 10:48:28 trace :
------------
String:
<xml><ToUserName><![CDATA[gh_14a8aa23d822]]></ToUserName>
<FromUserName><![CDATA[oSt1B1LrzA7F4c1tQ6mrfdc4nKPQ]]></FromUserName>
<CreateTime>1500518908</CreateTime>
<MsgType><![CDATA[event]]></MsgType>
<Event><![CDATA[VIEW]]></Event>
<EventKey><![CDATA[http://weixin.zhuoyueguanli.com/app/index.php?i=5&c=entry&m=weisrc_dish&do=order]]></EventKey>
<MenuId>511444011</MenuId>
</xml>

2017-07-20 10:48:28 params :
------------
String:
array (
  'message' => 
  array (
    'tousername' => 'gh_14a8aa23d822',
    'fromusername' => 'oSt1B1LrzA7F4c1tQ6mrfdc4nKPQ',
    'createtime' => '1500518908',
    'msgtype' => 'event',
    'event' => 'VIEW',
    'eventkey' => 'http://weixin.zhuoyueguanli.com/app/index.php?i=5&c=entry&m=weisrc_dish&do=order',
    'menuid' => '511444011',
    'from' => 'oSt1B1LrzA7F4c1tQ6mrfdc4nKPQ',
    'to' => 'gh_14a8aa23d822',
    'time' => '1500518908',
    'type' => 'text',
    'content' => '电话',
    'redirection' => true,
    'source' => 'default',
    'original' => 'http://weixin.zhuoyueguanli.com/app/index.php?i=5&c=entry&m=weisrc_dish&do=order',
  ),
  'module' => 'basic',
  'rule' => '12',
  'priority' => '0',
  'keyword' => 
  array (
    'id' => '18',
    'rid' => '12',
    'uniacid' => '5',
    'module' => 'basic',
    'content' => '电话',
    'type' => '1',
    'displayorder' => '0',
    'status' => '1',
  ),
)

2017-07-20 10:48:28 response :
------------
Array:
FromUserName : gh_14a8aa23d822 ;
ToUserName : oSt1B1LrzA7F4c1tQ6mrfdc4nKPQ ;
MsgType : text ;
Content : 远宇诚智慧科技诚挚为您解决智能推广平台服务：18630221022 ;

2017-07-20 10:50:55 trace :
------------
String:
<xml><ToUserName><![CDATA[gh_14a8aa23d822]]></ToUserName>
<FromUserName><![CDATA[oSt1B1Gqv4rlQHvy62j6BbCp2X3s]]></FromUserName>
<CreateTime>1500519055</CreateTime>
<MsgType><![CDATA[event]]></MsgType>
<Event><![CDATA[VIEW]]></Event>
<EventKey><![CDATA[http://weixin.zhuoyueguanli.com/app/index.php?i=5&c=entry&m=weisrc_dish&do=waprestList]]></EventKey>
<MenuId>511444011</MenuId>
</xml>

2017-07-20 10:50:55 params :
------------
String:
array (
  'message' => 
  array (
    'tousername' => 'gh_14a8aa23d822',
    'fromusername' => 'oSt1B1Gqv4rlQHvy62j6BbCp2X3s',
    'createtime' => '1500519055',
    'msgtype' => 'event',
    'event' => 'VIEW',
    'eventkey' => 'http://weixin.zhuoyueguanli.com/app/index.php?i=5&c=entry&m=weisrc_dish&do=waprestList',
    'menuid' => '511444011',
    'from' => 'oSt1B1Gqv4rlQHvy62j6BbCp2X3s',
    'to' => 'gh_14a8aa23d822',
    'time' => '1500519055',
    'type' => 'text',
    'content' => '电话',
    'redirection' => true,
    'source' => 'default',
    'original' => 'http://weixin.zhuoyueguanli.com/app/index.php?i=5&c=entry&m=weisrc_dish&do=waprestList',
  ),
  'module' => 'basic',
  'rule' => '12',
  'priority' => '0',
  'keyword' => 
  array (
    'id' => '18',
    'rid' => '12',
    'uniacid' => '5',
    'module' => 'basic',
    'content' => '电话',
    'type' => '1',
    'displayorder' => '0',
    'status' => '1',
  ),
)

2017-07-20 10:50:55 response :
------------
Array:
FromUserName : gh_14a8aa23d822 ;
ToUserName : oSt1B1Gqv4rlQHvy62j6BbCp2X3s ;
MsgType : text ;
Content : 远宇诚智慧科技诚挚为您解决智能推广平台服务：18630221022 ;

2017-07-20 11:12:28 trace :
------------
String:
<xml><ToUserName><![CDATA[gh_14a8aa23d822]]></ToUserName>
<FromUserName><![CDATA[oSt1B1LrzA7F4c1tQ6mrfdc4nKPQ]]></FromUserName>
<CreateTime>1500520348</CreateTime>
<MsgType><![CDATA[event]]></MsgType>
<Event><![CDATA[CLICK]]></Event>
<EventKey><![CDATA[会员卡]]></EventKey>
</xml>

2017-07-20 11:12:28 params :
------------
String:
array (
  'message' => 
  array (
    'tousername' => 'gh_14a8aa23d822',
    'fromusername' => 'oSt1B1LrzA7F4c1tQ6mrfdc4nKPQ',
    'createtime' => '1500520348',
    'msgtype' => 'event',
    'event' => 'CLICK',
    'eventkey' => '会员卡',
    'from' => 'oSt1B1LrzA7F4c1tQ6mrfdc4nKPQ',
    'to' => 'gh_14a8aa23d822',
    'time' => '1500520348',
    'type' => 'text',
    'content' => '会员卡',
    'redirection' => true,
    'source' => 'click',
  ),
  'module' => 'news',
  'rule' => '17',
  'priority' => '0',
  'keyword' => 
  array (
    'id' => '80',
    'rid' => '17',
    'uniacid' => '5',
    'module' => 'news',
    'content' => '会员卡',
    'type' => '1',
    'displayorder' => '0',
    'status' => '1',
  ),
)

2017-07-20 11:12:28 response :
------------
Array:
FromUserName : gh_14a8aa23d822 ;
ToUserName : oSt1B1LrzA7F4c1tQ6mrfdc4nKPQ ;
MsgType : news ;
ArticleCount : 1 ;
Articles : Array ;

2017-07-20 11:12:55 trace :
------------
String:
<xml><ToUserName><![CDATA[gh_14a8aa23d822]]></ToUserName>
<FromUserName><![CDATA[oSt1B1LrzA7F4c1tQ6mrfdc4nKPQ]]></FromUserName>
<CreateTime>1500520375</CreateTime>
<MsgType><![CDATA[text]]></MsgType>
<Content><![CDATA[点餐]]></Content>
<MsgId>6444685938118221490</MsgId>
</xml>

2017-07-20 11:12:55 params :
------------
String:
array (
  'message' => 
  array (
    'tousername' => 'gh_14a8aa23d822',
    'fromusername' => 'oSt1B1LrzA7F4c1tQ6mrfdc4nKPQ',
    'createtime' => '1500520375',
    'msgtype' => 'text',
    'content' => '点餐',
    'msgid' => '6444685938118221490',
    'from' => 'oSt1B1LrzA7F4c1tQ6mrfdc4nKPQ',
    'to' => 'gh_14a8aa23d822',
    'time' => '1500520375',
    'type' => 'text',
    'event' => NULL,
    'redirection' => false,
    'source' => NULL,
  ),
  'module' => 'news',
  'rule' => '13',
  'priority' => '0',
  'keyword' => 
  array (
    'id' => '159',
    'rid' => '13',
    'uniacid' => '5',
    'module' => 'news',
    'content' => '点餐',
    'type' => '1',
    'displayorder' => '0',
    'status' => '1',
  ),
)

2017-07-20 11:12:55 response :
------------
Array:
FromUserName : gh_14a8aa23d822 ;
ToUserName : oSt1B1LrzA7F4c1tQ6mrfdc4nKPQ ;
MsgType : news ;
ArticleCount : 5 ;
Articles : Array ;

2017-07-20 11:13:02 trace :
------------
String:
<xml><ToUserName><![CDATA[gh_14a8aa23d822]]></ToUserName>
<FromUserName><![CDATA[oSt1B1LrzA7F4c1tQ6mrfdc4nKPQ]]></FromUserName>
<CreateTime>1500520382</CreateTime>
<MsgType><![CDATA[text]]></MsgType>
<Content><![CDATA[黄历]]></Content>
<MsgId>6444685968182992565</MsgId>
</xml>

2017-07-20 11:13:02 params :
------------
String:
array (
  'message' => 
  array (
    'tousername' => 'gh_14a8aa23d822',
    'fromusername' => 'oSt1B1LrzA7F4c1tQ6mrfdc4nKPQ',
    'createtime' => '1500520382',
    'msgtype' => 'text',
    'content' => '黄历',
    'msgid' => '6444685968182992565',
    'from' => 'oSt1B1LrzA7F4c1tQ6mrfdc4nKPQ',
    'to' => 'gh_14a8aa23d822',
    'time' => '1500520382',
    'type' => 'text',
    'event' => NULL,
    'redirection' => false,
    'source' => NULL,
  ),
  'module' => 'userapi',
  'rule' => '4',
  'priority' => '255',
  'keyword' => 
  array (
    'id' => '7',
    'rid' => '4',
    'uniacid' => '0',
    'module' => 'userapi',
    'content' => '黄历',
    'type' => '1',
    'displayorder' => '255',
    'status' => '1',
  ),
)

2017-07-20 11:13:02 response :
------------
Array:
FromUserName : gh_14a8aa23d822 ;
ToUserName : oSt1B1LrzA7F4c1tQ6mrfdc4nKPQ ;
MsgType : text ;
Content : 今天是 2017年7月20日 星期四==================
农历: 六月27日 丁酉年 丁未月 戊申日==================
宜: 
祭祀:指祠堂之祭祀、即拜祭祖先或庙寺的祭拜、拜神明等事。
沐浴:指沐浴斋戒而言。
塑绘:寺庙之绘尽或雕刻神像、画雕人像等。
开光:神佛像塑成后、供奉上位之事。
入学:指拜师接受教育。
解除:指冲洗清扫宅舍、解除灾厄等事。
扫舍:指清扫房舍
治病:仅指求医治疗慢性痼疾或动手术。
开池:挖掘池塘。
牧养
==================
忌: 
嫁娶:男娶女嫁，举行结婚大典的吉日。
出行:指外出旅行、观光游览。
纳采:缔结婚姻的仪式、受授聘金。
入宅:即迁入新宅、所谓“新居落成典礼”也:即迁入新宅、所谓“新居落成典礼”也:即迁入新宅、所谓「新居落成典礼」也。
作灶:指安修厨灶、厨炉移位。
 ;

2017-07-20 11:13:21 trace :
------------
String:
<xml><ToUserName><![CDATA[gh_14a8aa23d822]]></ToUserName>
<FromUserName><![CDATA[oSt1B1LrzA7F4c1tQ6mrfdc4nKPQ]]></FromUserName>
<CreateTime>1500520401</CreateTime>
<MsgType><![CDATA[text]]></MsgType>
<Content><![CDATA[快递单号]]></Content>
<MsgId>6444686049787371195</MsgId>
</xml>

2017-07-20 11:13:21 params :
------------
String:
array (
  'message' => 
  array (
    'tousername' => 'gh_14a8aa23d822',
    'fromusername' => 'oSt1B1LrzA7F4c1tQ6mrfdc4nKPQ',
    'createtime' => '1500520401',
    'msgtype' => 'text',
    'content' => '电话',
    'msgid' => '6444686049787371195',
    'from' => 'oSt1B1LrzA7F4c1tQ6mrfdc4nKPQ',
    'to' => 'gh_14a8aa23d822',
    'time' => '1500520401',
    'type' => 'text',
    'event' => NULL,
    'redirection' => true,
    'source' => 'default',
    'original' => '快递单号',
  ),
  'module' => 'basic',
  'rule' => '12',
  'priority' => '0',
  'keyword' => 
  array (
    'id' => '18',
    'rid' => '12',
    'uniacid' => '5',
    'module' => 'basic',
    'content' => '电话',
    'type' => '1',
    'displayorder' => '0',
    'status' => '1',
  ),
)

2017-07-20 11:13:21 response :
------------
Array:
FromUserName : gh_14a8aa23d822 ;
ToUserName : oSt1B1LrzA7F4c1tQ6mrfdc4nKPQ ;
MsgType : text ;
Content : 远宇诚智慧科技诚挚为您解决智能推广平台服务：18630221022 ;

2017-07-20 11:14:05 trace :
------------
String:
<xml><ToUserName><![CDATA[gh_14a8aa23d822]]></ToUserName>
<FromUserName><![CDATA[oSt1B1LrzA7F4c1tQ6mrfdc4nKPQ]]></FromUserName>
<CreateTime>1500520445</CreateTime>
<MsgType><![CDATA[event]]></MsgType>
<Event><![CDATA[CLICK]]></Event>
<EventKey><![CDATA[环境图]]></EventKey>
</xml>

2017-07-20 11:14:05 params :
------------
String:
array (
  'message' => 
  array (
    'tousername' => 'gh_14a8aa23d822',
    'fromusername' => 'oSt1B1LrzA7F4c1tQ6mrfdc4nKPQ',
    'createtime' => '1500520445',
    'msgtype' => 'event',
    'event' => 'CLICK',
    'eventkey' => '环境图',
    'from' => 'oSt1B1LrzA7F4c1tQ6mrfdc4nKPQ',
    'to' => 'gh_14a8aa23d822',
    'time' => '1500520445',
    'type' => 'text',
    'content' => '环境图',
    'redirection' => true,
    'source' => 'click',
  ),
  'module' => 'news',
  'rule' => '14',
  'priority' => '0',
  'keyword' => 
  array (
    'id' => '85',
    'rid' => '14',
    'uniacid' => '5',
    'module' => 'news',
    'content' => '环境图',
    'type' => '1',
    'displayorder' => '0',
    'status' => '1',
  ),
)

2017-07-20 11:14:05 response :
------------
Array:
FromUserName : gh_14a8aa23d822 ;
ToUserName : oSt1B1LrzA7F4c1tQ6mrfdc4nKPQ ;
MsgType : news ;
ArticleCount : 3 ;
Articles : Array ;

2017-07-20 11:14:16 trace :
------------
String:
<xml><ToUserName><![CDATA[gh_14a8aa23d822]]></ToUserName>
<FromUserName><![CDATA[oSt1B1LrzA7F4c1tQ6mrfdc4nKPQ]]></FromUserName>
<CreateTime>1500520456</CreateTime>
<MsgType><![CDATA[event]]></MsgType>
<Event><![CDATA[VIEW]]></Event>
<EventKey><![CDATA[http://ditu.amap.com/place/B0FFHFLJWT]]></EventKey>
<MenuId>511444011</MenuId>
</xml>

2017-07-20 11:14:16 params :
------------
String:
array (
  'message' => 
  array (
    'tousername' => 'gh_14a8aa23d822',
    'fromusername' => 'oSt1B1LrzA7F4c1tQ6mrfdc4nKPQ',
    'createtime' => '1500520456',
    'msgtype' => 'event',
    'event' => 'VIEW',
    'eventkey' => 'http://ditu.amap.com/place/B0FFHFLJWT',
    'menuid' => '511444011',
    'from' => 'oSt1B1LrzA7F4c1tQ6mrfdc4nKPQ',
    'to' => 'gh_14a8aa23d822',
    'time' => '1500520456',
    'type' => 'text',
    'content' => '电话',
    'redirection' => true,
    'source' => 'default',
    'original' => 'http://ditu.amap.com/place/B0FFHFLJWT',
  ),
  'module' => 'basic',
  'rule' => '12',
  'priority' => '0',
  'keyword' => 
  array (
    'id' => '18',
    'rid' => '12',
    'uniacid' => '5',
    'module' => 'basic',
    'content' => '电话',
    'type' => '1',
    'displayorder' => '0',
    'status' => '1',
  ),
)

2017-07-20 11:14:16 response :
------------
Array:
FromUserName : gh_14a8aa23d822 ;
ToUserName : oSt1B1LrzA7F4c1tQ6mrfdc4nKPQ ;
MsgType : text ;
Content : 远宇诚智慧科技诚挚为您解决智能推广平台服务：18630221022 ;

2017-07-20 11:14:46 trace :
------------
String:
<xml><ToUserName><![CDATA[gh_14a8aa23d822]]></ToUserName>
<FromUserName><![CDATA[oSt1B1LrzA7F4c1tQ6mrfdc4nKPQ]]></FromUserName>
<CreateTime>1500520486</CreateTime>
<MsgType><![CDATA[event]]></MsgType>
<Event><![CDATA[VIEW]]></Event>
<EventKey><![CDATA[http://ditu.amap.com/place/B0FFHFLJWT]]></EventKey>
<MenuId>511444011</MenuId>
</xml>

2017-07-20 11:14:46 params :
------------
String:
array (
  'message' => 
  array (
    'tousername' => 'gh_14a8aa23d822',
    'fromusername' => 'oSt1B1LrzA7F4c1tQ6mrfdc4nKPQ',
    'createtime' => '1500520486',
    'msgtype' => 'event',
    'event' => 'VIEW',
    'eventkey' => 'http://ditu.amap.com/place/B0FFHFLJWT',
    'menuid' => '511444011',
    'from' => 'oSt1B1LrzA7F4c1tQ6mrfdc4nKPQ',
    'to' => 'gh_14a8aa23d822',
    'time' => '1500520486',
    'type' => 'text',
    'content' => '电话',
    'redirection' => true,
    'source' => 'default',
    'original' => 'http://ditu.amap.com/place/B0FFHFLJWT',
  ),
  'module' => 'basic',
  'rule' => '12',
  'priority' => '0',
  'keyword' => 
  array (
    'id' => '18',
    'rid' => '12',
    'uniacid' => '5',
    'module' => 'basic',
    'content' => '电话',
    'type' => '1',
    'displayorder' => '0',
    'status' => '1',
  ),
)

2017-07-20 11:14:46 response :
------------
Array:
FromUserName : gh_14a8aa23d822 ;
ToUserName : oSt1B1LrzA7F4c1tQ6mrfdc4nKPQ ;
MsgType : text ;
Content : 远宇诚智慧科技诚挚为您解决智能推广平台服务：18630221022 ;

2017-07-20 11:15:37 trace :
------------
String:
<xml><ToUserName><![CDATA[gh_14a8aa23d822]]></ToUserName>
<FromUserName><![CDATA[oSt1B1LrzA7F4c1tQ6mrfdc4nKPQ]]></FromUserName>
<CreateTime>1500520537</CreateTime>
<MsgType><![CDATA[event]]></MsgType>
<Event><![CDATA[CLICK]]></Event>
<EventKey><![CDATA[案例展示]]></EventKey>
</xml>

2017-07-20 11:15:37 params :
------------
String:
array (
  'message' => 
  array (
    'tousername' => 'gh_14a8aa23d822',
    'fromusername' => 'oSt1B1LrzA7F4c1tQ6mrfdc4nKPQ',
    'createtime' => '1500520537',
    'msgtype' => 'event',
    'event' => 'CLICK',
    'eventkey' => '案例展示',
    'from' => 'oSt1B1LrzA7F4c1tQ6mrfdc4nKPQ',
    'to' => 'gh_14a8aa23d822',
    'time' => '1500520537',
    'type' => 'text',
    'content' => '案例展示',
    'redirection' => true,
    'source' => 'click',
  ),
  'module' => 'news',
  'rule' => '18',
  'priority' => '0',
  'keyword' => 
  array (
    'id' => '84',
    'rid' => '18',
    'uniacid' => '5',
    'module' => 'news',
    'content' => '案例展示',
    'type' => '1',
    'displayorder' => '0',
    'status' => '1',
  ),
)

2017-07-20 11:15:37 response :
------------
Array:
FromUserName : gh_14a8aa23d822 ;
ToUserName : oSt1B1LrzA7F4c1tQ6mrfdc4nKPQ ;
MsgType : news ;
ArticleCount : 1 ;
Articles : Array ;

2017-07-20 11:15:44 trace :
------------
String:
<xml><ToUserName><![CDATA[gh_14a8aa23d822]]></ToUserName>
<FromUserName><![CDATA[oSt1B1LrzA7F4c1tQ6mrfdc4nKPQ]]></FromUserName>
<CreateTime>1500520544</CreateTime>
<MsgType><![CDATA[event]]></MsgType>
<Event><![CDATA[VIEW]]></Event>
<EventKey><![CDATA[http://weixin.zhuoyueguanli.com/app/index.php?i=5&c=entry&m=weisrc_dish&do=waprestList]]></EventKey>
<MenuId>511444011</MenuId>
</xml>

2017-07-20 11:15:44 params :
------------
String:
array (
  'message' => 
  array (
    'tousername' => 'gh_14a8aa23d822',
    'fromusername' => 'oSt1B1LrzA7F4c1tQ6mrfdc4nKPQ',
    'createtime' => '1500520544',
    'msgtype' => 'event',
    'event' => 'VIEW',
    'eventkey' => 'http://weixin.zhuoyueguanli.com/app/index.php?i=5&c=entry&m=weisrc_dish&do=waprestList',
    'menuid' => '511444011',
    'from' => 'oSt1B1LrzA7F4c1tQ6mrfdc4nKPQ',
    'to' => 'gh_14a8aa23d822',
    'time' => '1500520544',
    'type' => 'text',
    'content' => '电话',
    'redirection' => true,
    'source' => 'default',
    'original' => 'http://weixin.zhuoyueguanli.com/app/index.php?i=5&c=entry&m=weisrc_dish&do=waprestList',
  ),
  'module' => 'basic',
  'rule' => '12',
  'priority' => '0',
  'keyword' => 
  array (
    'id' => '18',
    'rid' => '12',
    'uniacid' => '5',
    'module' => 'basic',
    'content' => '电话',
    'type' => '1',
    'displayorder' => '0',
    'status' => '1',
  ),
)

2017-07-20 11:15:44 response :
------------
Array:
FromUserName : gh_14a8aa23d822 ;
ToUserName : oSt1B1LrzA7F4c1tQ6mrfdc4nKPQ ;
MsgType : text ;
Content : 远宇诚智慧科技诚挚为您解决智能推广平台服务：18630221022 ;

2017-07-20 13:15:34 trace :
------------
String:
<xml><ToUserName><![CDATA[gh_14a8aa23d822]]></ToUserName>
<FromUserName><![CDATA[oSt1B1LrzA7F4c1tQ6mrfdc4nKPQ]]></FromUserName>
<CreateTime>1500527734</CreateTime>
<MsgType><![CDATA[event]]></MsgType>
<Event><![CDATA[CLICK]]></Event>
<EventKey><![CDATA[微信点餐]]></EventKey>
</xml>

2017-07-20 13:15:34 params :
------------
String:
array (
  'message' => 
  array (
    'tousername' => 'gh_14a8aa23d822',
    'fromusername' => 'oSt1B1LrzA7F4c1tQ6mrfdc4nKPQ',
    'createtime' => '1500527734',
    'msgtype' => 'event',
    'event' => 'CLICK',
    'eventkey' => '微信点餐',
    'from' => 'oSt1B1LrzA7F4c1tQ6mrfdc4nKPQ',
    'to' => 'gh_14a8aa23d822',
    'time' => '1500527734',
    'type' => 'text',
    'content' => '微信点餐',
    'redirection' => true,
    'source' => 'click',
  ),
  'module' => 'news',
  'rule' => '13',
  'priority' => '0',
  'keyword' => 
  array (
    'id' => '164',
    'rid' => '13',
    'uniacid' => '5',
    'module' => 'news',
    'content' => '微信点餐',
    'type' => '1',
    'displayorder' => '0',
    'status' => '1',
  ),
)

2017-07-20 13:15:34 response :
------------
Array:
FromUserName : gh_14a8aa23d822 ;
ToUserName : oSt1B1LrzA7F4c1tQ6mrfdc4nKPQ ;
MsgType : news ;
ArticleCount : 5 ;
Articles : Array ;

