2017-11-08 17:28:04 trace :
------------
String:
<xml><ToUserName><![CDATA[gh_14a8aa23d822]]></ToUserName>
<FromUserName><![CDATA[oSt1B1OdI98LA6hQVt5MyqJqMcA8]]></FromUserName>
<CreateTime>1510133284</CreateTime>
<MsgType><![CDATA[event]]></MsgType>
<Event><![CDATA[VIEW]]></Event>
<EventKey><![CDATA[http://weixin.zhuoyueguanli.com/app/index.php?i=5&c=entry&m=weisrc_dish&do=waprestList]]></EventKey>
<MenuId>511444011</MenuId>
</xml>

2017-11-08 17:28:04 params :
------------
String:
array (
  'message' => 
  array (
    'tousername' => 'gh_14a8aa23d822',
    'fromusername' => 'oSt1B1OdI98LA6hQVt5MyqJqMcA8',
    'createtime' => '1510133284',
    'msgtype' => 'event',
    'event' => 'VIEW',
    'eventkey' => 'http://weixin.zhuoyueguanli.com/app/index.php?i=5&c=entry&m=weisrc_dish&do=waprestList',
    'menuid' => '511444011',
    'from' => 'oSt1B1OdI98LA6hQVt5MyqJqMcA8',
    'to' => 'gh_14a8aa23d822',
    'time' => '1510133284',
    'type' => 'text',
    'content' => '电话',
    'redirection' => true,
    'source' => 'default',
    'original' => 'http://weixin.zhuoyueguanli.com/app/index.php?i=5&c=entry&m=weisrc_dish&do=waprestList',
  ),
  'module' => 'basic',
  'rule' => '12',
  'priority' => '0',
  'keyword' => 
  array (
    'id' => '18',
    'rid' => '12',
    'uniacid' => '5',
    'module' => 'basic',
    'content' => '电话',
    'type' => '1',
    'displayorder' => '0',
    'status' => '1',
  ),
)

2017-11-08 17:28:04 response :
------------
Array:
FromUserName : gh_14a8aa23d822 ;
ToUserName : oSt1B1OdI98LA6hQVt5MyqJqMcA8 ;
MsgType : text ;
Content : 远宇诚智慧科技诚挚为您解决智能推广平台服务：18630221022 ;

2017-11-08 17:28:55 trace :
------------
String:
<xml><ToUserName><![CDATA[gh_14a8aa23d822]]></ToUserName>
<FromUserName><![CDATA[oSt1B1OdI98LA6hQVt5MyqJqMcA8]]></FromUserName>
<CreateTime>1510133335</CreateTime>
<MsgType><![CDATA[event]]></MsgType>
<Event><![CDATA[CLICK]]></Event>
<EventKey><![CDATA[微信点餐]]></EventKey>
</xml>

2017-11-08 17:28:55 params :
------------
String:
array (
  'message' => 
  array (
    'tousername' => 'gh_14a8aa23d822',
    'fromusername' => 'oSt1B1OdI98LA6hQVt5MyqJqMcA8',
    'createtime' => '1510133335',
    'msgtype' => 'event',
    'event' => 'CLICK',
    'eventkey' => '微信点餐',
    'from' => 'oSt1B1OdI98LA6hQVt5MyqJqMcA8',
    'to' => 'gh_14a8aa23d822',
    'time' => '1510133335',
    'type' => 'text',
    'content' => '微信点餐',
    'redirection' => true,
    'source' => 'click',
  ),
  'module' => 'news',
  'rule' => '13',
  'priority' => '0',
  'keyword' => 
  array (
    'id' => '172',
    'rid' => '13',
    'uniacid' => '5',
    'module' => 'news',
    'content' => '微信点餐',
    'type' => '1',
    'displayorder' => '0',
    'status' => '1',
  ),
)

2017-11-08 17:28:55 response :
------------
Array:
FromUserName : gh_14a8aa23d822 ;
ToUserName : oSt1B1OdI98LA6hQVt5MyqJqMcA8 ;
MsgType : news ;
ArticleCount : 5 ;
Articles : Array ;

2017-11-08 17:29:21 trace :
------------
String:
<xml><ToUserName><![CDATA[gh_14a8aa23d822]]></ToUserName>
<FromUserName><![CDATA[oSt1B1OdI98LA6hQVt5MyqJqMcA8]]></FromUserName>
<CreateTime>1510133360</CreateTime>
<MsgType><![CDATA[event]]></MsgType>
<Event><![CDATA[CLICK]]></Event>
<EventKey><![CDATA[招牌菜]]></EventKey>
</xml>

2017-11-08 17:29:21 params :
------------
String:
array (
  'message' => 
  array (
    'tousername' => 'gh_14a8aa23d822',
    'fromusername' => 'oSt1B1OdI98LA6hQVt5MyqJqMcA8',
    'createtime' => '1510133360',
    'msgtype' => 'event',
    'event' => 'CLICK',
    'eventkey' => '招牌菜',
    'from' => 'oSt1B1OdI98LA6hQVt5MyqJqMcA8',
    'to' => 'gh_14a8aa23d822',
    'time' => '1510133360',
    'type' => 'text',
    'content' => '招牌菜',
    'redirection' => true,
    'source' => 'click',
  ),
  'module' => 'news',
  'rule' => '15',
  'priority' => '0',
  'keyword' => 
  array (
    'id' => '72',
    'rid' => '15',
    'uniacid' => '5',
    'module' => 'news',
    'content' => '招牌菜',
    'type' => '1',
    'displayorder' => '0',
    'status' => '1',
  ),
)

2017-11-08 17:29:21 response :
------------
Array:
FromUserName : gh_14a8aa23d822 ;
ToUserName : oSt1B1OdI98LA6hQVt5MyqJqMcA8 ;
MsgType : news ;
ArticleCount : 1 ;
Articles : Array ;

